Checking edk2-test/uefi-sct/EMS/Src/EmsEftp/EmsEftp.c ...
1/970 files checked 0% done
Checking edk2-test/uefi-sct/EMS/Src/EmsEftp/EmsEftpRrqStrategy.c ...
2/970 files checked 0% done
Checking edk2-test/uefi-sct/EMS/Src/EmsEftp/EmsEftpSession.c ...
3/970 files checked 0% done
Checking edk2-test/uefi-sct/EMS/Src/EmsEftp/EmsEftpWrqStrategy.c ...
4/970 files checked 0% done
Checking edk2-test/uefi-sct/EMS/Src/EmsInterface/EmsInterfaceMain.c ...
5/970 files checked 0% done
Checking edk2-test/uefi-sct/EMS/Src/EmsInterface/EmsVirtualInterface.c ...
6/970 files checked 0% done
Checking edk2-test/uefi-sct/EMS/Src/EmsLog/EmsLogCommand.c ...
7/970 files checked 0% done
Checking edk2-test/uefi-sct/EMS/Src/EmsLog/EmsLogReport.c ...
edk2-test/uefi-sct/EMS/Src/EmsLog/EmsLogReport.c:166:5: error: Memory leak: ReportInfo [memleak]
    return EFI_ACCESS_DENIED;
    ^
edk2-test/uefi-sct/EMS/Src/EmsLog/EmsLogReport.c:173:5: error: Memory leak: ReportInfo [memleak]
    return EFI_SUCCESS;
    ^
edk2-test/uefi-sct/EMS/Src/EmsLog/EmsLogReport.c:494:5: error: Memory leak: ReportInfo [memleak]
    return EFI_ACCESS_DENIED;
    ^
edk2-test/uefi-sct/EMS/Src/EmsLog/EmsLogReport.c:501:5: error: Memory leak: ReportInfo [memleak]
    return EFI_SUCCESS;
    ^
8/970 files checked 0% done
Checking edk2-test/uefi-sct/EMS/Src/EmsLog/EmsLogUtility.c ...
edk2-test/uefi-sct/EMS/Src/EmsLog/EmsLogUtility.c:2253:5: error: Memory pointed to by 'PacketDumper' is freed twice. [doubleFree]
    free (PacketDumper);
    ^
edk2-test/uefi-sct/EMS/Src/EmsLog/EmsLogUtility.c:2249:5: note: Memory pointed to by 'PacketDumper' is freed twice.
    free (PacketDumper);
    ^
edk2-test/uefi-sct/EMS/Src/EmsLog/EmsLogUtility.c:2253:5: note: Memory pointed to by 'PacketDumper' is freed twice.
    free (PacketDumper);
    ^
edk2-test/uefi-sct/EMS/Src/EmsLog/EmsLogUtility.c:2257:5: error: Memory pointed to by 'PacketDumper' is freed twice. [doubleFree]
    free (PacketDumper);
    ^
edk2-test/uefi-sct/EMS/Src/EmsLog/EmsLogUtility.c:2249:5: note: Memory pointed to by 'PacketDumper' is freed twice.
    free (PacketDumper);
    ^
edk2-test/uefi-sct/EMS/Src/EmsLog/EmsLogUtility.c:2257:5: note: Memory pointed to by 'PacketDumper' is freed twice.
    free (PacketDumper);
    ^
9/970 files checked 0% done
Checking edk2-test/uefi-sct/EMS/Src/EmsMain.c ...
Checking edk2-test/uefi-sct/EMS/Src/EmsMain.c: WITH_GUI...
10/970 files checked 0% done
Checking edk2-test/uefi-sct/EMS/Src/EmsPacket/EmsPktCapture.c ...
11/970 files checked 0% done
Checking edk2-test/uefi-sct/EMS/Src/EmsPacket/EmsPktCcb.c ...
12/970 files checked 0% done
Checking edk2-test/uefi-sct/EMS/Src/EmsPacket/EmsPktCreate.c ...
13/970 files checked 0% done
Checking edk2-test/uefi-sct/EMS/Src/EmsPacket/EmsPktDump.c ...
Checking edk2-test/uefi-sct/EMS/Src/EmsPacket/EmsPktDump.c: WIN32...
14/970 files checked 0% done
Checking edk2-test/uefi-sct/EMS/Src/EmsPacket/EmsPktMain.c ...
edk2-test/uefi-sct/EMS/Src/EmsPacket/EmsPktMain.c:70:32: warning: Possible null pointer dereference: Data [nullPointer]
  memcpy (PacketPointer->Data, Data, sizeof (UINT8) * Len);
                               ^
edk2-test/uefi-sct/EMS/Src/EmsPacket/EmsPktMain.c:314:44: note: Calling function 'EmsPacketCreate', 2nd argument 'NULL' value is 0
    PacketPointer = EmsPacketCreate (Name, NULL, 0, &Time);
                                           ^
edk2-test/uefi-sct/EMS/Src/EmsPacket/EmsPktMain.c:70:32: note: Null pointer dereference
  memcpy (PacketPointer->Data, Data, sizeof (UINT8) * Len);
                               ^
15/970 files checked 0% done
Checking edk2-test/uefi-sct/EMS/Src/EmsPacket/EmsPktParse.c ...
16/970 files checked 0% done
Checking edk2-test/uefi-sct/EMS/Src/EmsPacket/EmsPktPattern.c ...
17/970 files checked 0% done
Checking edk2-test/uefi-sct/EMS/Src/EmsPacket/EmsPktPayload.c ...
18/970 files checked 1% done
Checking edk2-test/uefi-sct/EMS/Src/EmsPacket/EmsPktRecvAssertion.c ...
19/970 files checked 1% done
Checking edk2-test/uefi-sct/EMS/Src/EmsPacket/EmsPktSend.c ...
20/970 files checked 1% done
Checking edk2-test/uefi-sct/EMS/Src/EmsPacket/EmsPktValidate.c ...
21/970 files checked 1% done
Checking edk2-test/uefi-sct/EMS/Src/EmsProtocol/EmsProtoArp.c ...
22/970 files checked 1% done
Checking edk2-test/uefi-sct/EMS/Src/EmsProtocol/EmsProtoDhcp.c ...
23/970 files checked 1% done
Checking edk2-test/uefi-sct/EMS/Src/EmsProtocol/EmsProtoEth.c ...
24/970 files checked 1% done
Checking edk2-test/uefi-sct/EMS/Src/EmsProtocol/EmsProtoIcmp.c ...
25/970 files checked 1% done
Checking edk2-test/uefi-sct/EMS/Src/EmsProtocol/EmsProtoIgmp.c ...
26/970 files checked 1% done
Checking edk2-test/uefi-sct/EMS/Src/EmsProtocol/EmsProtoIp.c ...
27/970 files checked 1% done
Checking edk2-test/uefi-sct/EMS/Src/EmsProtocol/EmsProtoIpv6.c ...
28/970 files checked 1% done
Checking edk2-test/uefi-sct/EMS/Src/EmsProtocol/EmsProtoTcp.c ...
29/970 files checked 1% done
Checking edk2-test/uefi-sct/EMS/Src/EmsProtocol/EmsProtoUdp.c ...
30/970 files checked 1% done
Checking edk2-test/uefi-sct/EMS/Src/EmsProtocol/EmsProtocols.c ...
31/970 files checked 1% done
Checking edk2-test/uefi-sct/EMS/Src/EmsRivl/EmsRivFuncDef.c ...
32/970 files checked 1% done
Checking edk2-test/uefi-sct/EMS/Src/EmsRivl/EmsRivlDelTclVar.c ...
33/970 files checked 1% done
Checking edk2-test/uefi-sct/EMS/Src/EmsRivl/EmsRivlDump.c ...
34/970 files checked 1% done
Checking edk2-test/uefi-sct/EMS/Src/EmsRivl/EmsRivlEndian.c ...
35/970 files checked 1% done
Checking edk2-test/uefi-sct/EMS/Src/EmsRivl/EmsRivlExec.c ...
36/970 files checked 1% done
Checking edk2-test/uefi-sct/EMS/Src/EmsRivl/EmsRivlExterType.c ...
37/970 files checked 1% done
Checking edk2-test/uefi-sct/EMS/Src/EmsRivl/EmsRivlFunc.c ...
38/970 files checked 1% done
Checking edk2-test/uefi-sct/EMS/Src/EmsRivl/EmsRivlFuncDecl.c ...
39/970 files checked 1% done
Checking edk2-test/uefi-sct/EMS/Src/EmsRivl/EmsRivlGetAck.c ...
40/970 files checked 1% done
Checking edk2-test/uefi-sct/EMS/Src/EmsRivl/EmsRivlGetVar.c ...
41/970 files checked 1% done
Checking edk2-test/uefi-sct/EMS/Src/EmsRivl/EmsRivlInterType.c ...
42/970 files checked 1% done
Checking edk2-test/uefi-sct/EMS/Src/EmsRivl/EmsRivlMain.c ...
43/970 files checked 1% done
Checking edk2-test/uefi-sct/EMS/Src/EmsRivl/EmsRivlNameScope.c ...
44/970 files checked 1% done
Checking edk2-test/uefi-sct/EMS/Src/EmsRivl/EmsRivlRemoteDel.c ...
45/970 files checked 1% done
Checking edk2-test/uefi-sct/EMS/Src/EmsRivl/EmsRivlSetVar.c ...
46/970 files checked 2% done
Checking edk2-test/uefi-sct/EMS/Src/EmsRivl/EmsRivlSizeof.c ...
47/970 files checked 2% done
Checking edk2-test/uefi-sct/EMS/Src/EmsRivl/EmsRivlTclVar.c ...
48/970 files checked 2% done
Checking edk2-test/uefi-sct/EMS/Src/EmsRivl/EmsRivlTestExit.c ...
49/970 files checked 2% done
Checking edk2-test/uefi-sct/EMS/Src/EmsRivl/EmsRivlType.c ...
50/970 files checked 2% done
Checking edk2-test/uefi-sct/EMS/Src/EmsRivl/EmsRivlTypedef.c ...
51/970 files checked 2% done
Checking edk2-test/uefi-sct/EMS/Src/EmsRivl/EmsRivlTypeof.c ...
52/970 files checked 2% done
Checking edk2-test/uefi-sct/EMS/Src/EmsRivl/EmsRivlUtil.c ...
53/970 files checked 2% done
Checking edk2-test/uefi-sct/EMS/Src/EmsRivl/EmsRivlVar.c ...
54/970 files checked 2% done
Checking edk2-test/uefi-sct/EMS/Src/EmsRpc/EmsRpcEth.c ...
55/970 files checked 2% done
Checking edk2-test/uefi-sct/EMS/Src/EmsRpc/EmsRpcMain.c ...
56/970 files checked 2% done
Checking edk2-test/uefi-sct/EMS/Src/EmsRpc/EmsRpcMsg.c ...
57/970 files checked 2% done
Checking edk2-test/uefi-sct/EMS/Src/EmsRpc/EmsRpcTarget.c ...
58/970 files checked 2% done
Checking edk2-test/uefi-sct/EMS/Src/EmsTclInit/EmsTclCleanup.c ...
59/970 files checked 2% done
Checking edk2-test/uefi-sct/EMS/Src/EmsTclInit/EmsTclInit.c ...
Checking edk2-test/uefi-sct/EMS/Src/EmsTclInit/EmsTclInit.c: WITH_GUI...
60/970 files checked 2% done
Checking edk2-test/uefi-sct/EMS/Src/EmsTest/EmsTest.c ...
edk2-test/uefi-sct/EMS/Src/EmsTest/EmsTest.c:1241:5: error: Memory leak: Res [memleak]
    return TCL_ERROR;
    ^
61/970 files checked 2% done
Checking edk2-test/uefi-sct/EMS/Src/EmsThread/EmsThread.c ...
Checking edk2-test/uefi-sct/EMS/Src/EmsThread/EmsThread.c: EMSEVENTDEBUG...
Checking edk2-test/uefi-sct/EMS/Src/EmsThread/EmsThread.c: EMSTHREADDEBUG...
62/970 files checked 2% done
Checking edk2-test/uefi-sct/EMS/Src/EmsTimer/EmsTimer.c ...
63/970 files checked 2% done
Checking edk2-test/uefi-sct/EMS/Src/EmsUtility/EmsUtilityInclude.c ...
64/970 files checked 2% done
Checking edk2-test/uefi-sct/EMS/Src/EmsUtility/EmsUtilityMain.c ...
65/970 files checked 2% done
Checking edk2-test/uefi-sct/EMS/Src/EmsUtility/EmsUtilityStall.c ...
66/970 files checked 2% done
Checking edk2-test/uefi-sct/EMS/Src/EmsUtility/EmsUtilityString.c ...
67/970 files checked 2% done
Checking edk2-test/uefi-sct/EMS/Src/EmsVtcp/EmsVtcpMain.c ...
68/970 files checked 2% done
Checking edk2-test/uefi-sct/EMS/Src/EmsVtcp/EmsVtcpNamedList.c ...
69/970 files checked 2% done
Checking edk2-test/uefi-sct/EMS/Src/EmsVtcp/EmsVtcpTcb.c ...
70/970 files checked 2% done
Checking edk2-test/uefi-sct/SctPkg/Application/InstallSct/InstallSct.c ...
Checking edk2-test/uefi-sct/SctPkg/Application/InstallSct/InstallSct.c: EFI32...
Checking edk2-test/uefi-sct/SctPkg/Application/InstallSct/InstallSct.c: EFI64...
Checking edk2-test/uefi-sct/SctPkg/Application/InstallSct/InstallSct.c: EFIAARCH64...
Checking edk2-test/uefi-sct/SctPkg/Application/InstallSct/InstallSct.c: EFIARM...
Checking edk2-test/uefi-sct/SctPkg/Application/InstallSct/InstallSct.c: EFIRISCV64...
Checking edk2-test/uefi-sct/SctPkg/Application/InstallSct/InstallSct.c: EFIX64...
71/970 files checked 3% done
Checking edk2-test/uefi-sct/SctPkg/Application/InstallSct/InstallSctSupport.c ...
Checking edk2-test/uefi-sct/SctPkg/Application/InstallSct/InstallSctSupport.c: EFI32...
Checking edk2-test/uefi-sct/SctPkg/Application/InstallSct/InstallSctSupport.c: EFI64...
Checking edk2-test/uefi-sct/SctPkg/Application/InstallSct/InstallSctSupport.c: EFIAARCH64...
Checking edk2-test/uefi-sct/SctPkg/Application/InstallSct/InstallSctSupport.c: EFIARM...
Checking edk2-test/uefi-sct/SctPkg/Application/InstallSct/InstallSctSupport.c: EFIRISCV64...
Checking edk2-test/uefi-sct/SctPkg/Application/InstallSct/InstallSctSupport.c: EFIX64...
72/970 files checked 3% done
Checking edk2-test/uefi-sct/SctPkg/Application/StallForKey/StallForKey.c ...
73/970 files checked 3% done
Checking edk2-test/uefi-sct/SctPkg/Library/EfiTestLib/EfiTestLib.c ...
74/970 files checked 3% done
Checking edk2-test/uefi-sct/SctPkg/Library/NetLib/IPv4.c ...
75/970 files checked 3% done
Checking edk2-test/uefi-sct/SctPkg/Library/NetLib/NetDebug.c ...
Checking edk2-test/uefi-sct/SctPkg/Library/NetLib/NetDebug.c: EFI_DEBUG_MEMORY_LEAK...
Checking edk2-test/uefi-sct/SctPkg/Library/NetLib/NetDebug.c: EFI_SYS_LOG...
76/970 files checked 3% done
Checking edk2-test/uefi-sct/SctPkg/Library/NetLib/NetLib.c ...
77/970 files checked 3% done
Checking edk2-test/uefi-sct/SctPkg/Library/SctGuidLib/SctGuidLib.c ...
78/970 files checked 3% done
Checking edk2-test/uefi-sct/SctPkg/Library/SctLib/Aarch64/initplat.c ...
79/970 files checked 3% done
Checking edk2-test/uefi-sct/SctPkg/Library/SctLib/Alloc.c ...
80/970 files checked 3% done
Checking edk2-test/uefi-sct/SctPkg/Library/SctLib/Arm/initplat.c ...
81/970 files checked 3% done
Checking edk2-test/uefi-sct/SctPkg/Library/SctLib/Console.c ...
82/970 files checked 3% done
Checking edk2-test/uefi-sct/SctPkg/Library/SctLib/Debug.c ...
83/970 files checked 3% done
Checking edk2-test/uefi-sct/SctPkg/Library/SctLib/DevicePath.c ...
84/970 files checked 3% done
Checking edk2-test/uefi-sct/SctPkg/Library/SctLib/DriverModel.c ...
85/970 files checked 3% done
Checking edk2-test/uefi-sct/SctPkg/Library/SctLib/Error.c ...
86/970 files checked 3% done
Checking edk2-test/uefi-sct/SctPkg/Library/SctLib/Event.c ...
87/970 files checked 3% done
Checking edk2-test/uefi-sct/SctPkg/Library/SctLib/File.c ...
88/970 files checked 3% done
Checking edk2-test/uefi-sct/SctPkg/Library/SctLib/Guid.c ...
89/970 files checked 3% done
Checking edk2-test/uefi-sct/SctPkg/Library/SctLib/Handle.c ...
90/970 files checked 3% done
Checking edk2-test/uefi-sct/SctPkg/Library/SctLib/Hob.c ...
91/970 files checked 3% done
Checking edk2-test/uefi-sct/SctPkg/Library/SctLib/Init.c ...
92/970 files checked 3% done
Checking edk2-test/uefi-sct/SctPkg/Library/SctLib/List.c ...
edk2-test/uefi-sct/SctPkg/Library/SctLib/List.c:111:60: error: There is an unknown macro here somewhere. Configuration is required. If ; is a macro then please configure it. [unknownMacro]
    Entry->ForwardLink = (SCT_LIST_ENTRY *) EFI_BAD_POINTER;
                                                           ^
93/970 files checked 3% done
Checking edk2-test/uefi-sct/SctPkg/Library/SctLib/Lock.c ...
94/970 files checked 3% done
Checking edk2-test/uefi-sct/SctPkg/Library/SctLib/Match.c ...
95/970 files checked 4% done
Checking edk2-test/uefi-sct/SctPkg/Library/SctLib/Math.c ...
96/970 files checked 4% done
Checking edk2-test/uefi-sct/SctPkg/Library/SctLib/Mem.c ...
97/970 files checked 4% done
Checking edk2-test/uefi-sct/SctPkg/Library/SctLib/Misc.c ...
98/970 files checked 4% done
Checking edk2-test/uefi-sct/SctPkg/Library/SctLib/Print.c ...
edk2-test/uefi-sct/SctPkg/Library/SctLib/Print.c:1008:3: error: Address of local auto-variable assigned to a function parameter. [autoVariables]
  ps->Item = &Item;
  ^
99/970 files checked 4% done
Checking edk2-test/uefi-sct/SctPkg/Library/SctLib/Riscv64/initplat.c ...
100/970 files checked 4% done
Checking edk2-test/uefi-sct/SctPkg/Library/SctLib/Shell.c ...
101/970 files checked 4% done
Checking edk2-test/uefi-sct/SctPkg/Library/SctLib/String.c ...
102/970 files checked 4% done
Checking edk2-test/uefi-sct/SctPkg/Library/SctLib/Unicode.c ...
103/970 files checked 4% done
Checking edk2-test/uefi-sct/SctPkg/Library/SctLib/X64/EfiLibPlat.c ...
104/970 files checked 4% done
Checking edk2-test/uefi-sct/SctPkg/Library/SctLib/ia32/Math.c ...
105/970 files checked 4% done
Checking edk2-test/uefi-sct/SctPkg/Library/SctLib/ia32/initplat.c ...
106/970 files checked 4% done
Checking edk2-test/uefi-sct/SctPkg/SCRT/SCRTApp/Aarch64/VirtualMemory.c ...
107/970 files checked 4% done
Checking edk2-test/uefi-sct/SctPkg/SCRT/SCRTApp/Arm/VirtualMemory.c ...
108/970 files checked 4% done
Checking edk2-test/uefi-sct/SctPkg/SCRT/SCRTApp/Debug.c ...
109/970 files checked 4% done
Checking edk2-test/uefi-sct/SctPkg/SCRT/SCRTApp/ParseConf.c ...
110/970 files checked 4% done
Checking edk2-test/uefi-sct/SctPkg/SCRT/SCRTApp/ParseResult.c ...
111/970 files checked 4% done
Checking edk2-test/uefi-sct/SctPkg/SCRT/SCRTApp/Riscv64/VirtualMemory.c ...
112/970 files checked 4% done
Checking edk2-test/uefi-sct/SctPkg/SCRT/SCRTApp/SCRTApp.c ...
113/970 files checked 4% done
Checking edk2-test/uefi-sct/SctPkg/SCRT/SCRTApp/ia32/VirtualMemory.c ...
114/970 files checked 4% done
Checking edk2-test/uefi-sct/SctPkg/SCRT/SCRTApp/ipf/CpuIva.c ...
115/970 files checked 4% done
Checking edk2-test/uefi-sct/SctPkg/SCRT/SCRTApp/ipf/VirtualMemory.c ...
116/970 files checked 4% done
Checking edk2-test/uefi-sct/SctPkg/SCRT/SCRTApp/x64/VirtualMemory.c ...
117/970 files checked 4% done
Checking edk2-test/uefi-sct/SctPkg/SCRT/SCRTDriver/Aarch64/Debug.c ...
118/970 files checked 4% done
Checking edk2-test/uefi-sct/SctPkg/SCRT/SCRTDriver/Aarch64/Dump.c ...
119/970 files checked 4% done
Checking edk2-test/uefi-sct/SctPkg/SCRT/SCRTDriver/Aarch64/Io.c ...
120/970 files checked 4% done
Checking edk2-test/uefi-sct/SctPkg/SCRT/SCRTDriver/Arm/Debug.c ...
121/970 files checked 4% done
Checking edk2-test/uefi-sct/SctPkg/SCRT/SCRTDriver/Arm/Dump.c ...
122/970 files checked 4% done
Checking edk2-test/uefi-sct/SctPkg/SCRT/SCRTDriver/Arm/Io.c ...
123/970 files checked 4% done
Checking edk2-test/uefi-sct/SctPkg/SCRT/SCRTDriver/Guid.c ...
124/970 files checked 5% done
Checking edk2-test/uefi-sct/SctPkg/SCRT/SCRTDriver/Print.c ...
125/970 files checked 5% done
Checking edk2-test/uefi-sct/SctPkg/SCRT/SCRTDriver/Riscv64/Debug.c ...
126/970 files checked 5% done
Checking edk2-test/uefi-sct/SctPkg/SCRT/SCRTDriver/Riscv64/Dump.c ...
127/970 files checked 5% done
Checking edk2-test/uefi-sct/SctPkg/SCRT/SCRTDriver/Riscv64/Io.c ...
128/970 files checked 5% done
Checking edk2-test/uefi-sct/SctPkg/SCRT/SCRTDriver/SCRTDriver.c ...
129/970 files checked 5% done
Checking edk2-test/uefi-sct/SctPkg/SCRT/SCRTDriver/TestCase.c ...
130/970 files checked 5% done
Checking edk2-test/uefi-sct/SctPkg/SCRT/SCRTDriver/ia32/Debug.c ...
131/970 files checked 5% done
Checking edk2-test/uefi-sct/SctPkg/SCRT/SCRTDriver/ia32/Dump.c ...
132/970 files checked 5% done
Checking edk2-test/uefi-sct/SctPkg/SCRT/SCRTDriver/ia32/Io.c ...
Checking edk2-test/uefi-sct/SctPkg/SCRT/SCRTDriver/ia32/Io.c: __GNUC__...
133/970 files checked 5% done
Checking edk2-test/uefi-sct/SctPkg/SCRT/SCRTDriver/ipf/Debug.c ...
134/970 files checked 5% done
Checking edk2-test/uefi-sct/SctPkg/SCRT/SCRTDriver/ipf/Dump.c ...
135/970 files checked 5% done
Checking edk2-test/uefi-sct/SctPkg/SCRT/SCRTDriver/ipf/Io.c ...
136/970 files checked 5% done
Checking edk2-test/uefi-sct/SctPkg/SCRT/SCRTDriver/ipf/Port80.c ...
137/970 files checked 5% done
Checking edk2-test/uefi-sct/SctPkg/SCRT/SCRTDriver/x64/Debug.c ...
138/970 files checked 5% done
Checking edk2-test/uefi-sct/SctPkg/SCRT/SCRTDriver/x64/Dump.c ...
139/970 files checked 5% done
Checking edk2-test/uefi-sct/SctPkg/SCRT/SCRTDriver/x64/Io.c ...
Checking edk2-test/uefi-sct/SctPkg/SCRT/SCRTDriver/x64/Io.c: __GNUC__...
140/970 files checked 5% done
Checking edk2-test/uefi-sct/SctPkg/TestCase/RIVL/BootService/BootServiceENTSTest.c ...
141/970 files checked 5% done
Checking edk2-test/uefi-sct/SctPkg/TestCase/RIVL/BootService/EventTimerAndTaskPriorityService/EventTimerAndTaskPriorityENTSTestCase.c ...
142/970 files checked 5% done
Checking edk2-test/uefi-sct/SctPkg/TestCase/RIVL/BootService/MemoryAllocationService/MemoryAllocationENTSTestCase.c ...
143/970 files checked 5% done
Checking edk2-test/uefi-sct/SctPkg/TestCase/RIVL/BootService/MiscellaneousBootService/MiscellaneousBootENTSTestCase.c ...
144/970 files checked 5% done
Checking edk2-test/uefi-sct/SctPkg/TestCase/RIVL/GenericService/GenericServiceENTSTest.c ...
145/970 files checked 5% done
Checking edk2-test/uefi-sct/SctPkg/TestCase/RIVL/GenericService/GenericServiceENTSTestCase.c ...
146/970 files checked 5% done
Checking edk2-test/uefi-sct/SctPkg/TestCase/RIVL/Protocol/AddressResolutionProtocol/Arp/ArpENTSTest.c ...
147/970 files checked 5% done
Checking edk2-test/uefi-sct/SctPkg/TestCase/RIVL/Protocol/AddressResolutionProtocol/Arp/ArpENTSTestCase.c ...
148/970 files checked 5% done
Checking edk2-test/uefi-sct/SctPkg/TestCase/RIVL/Protocol/AddressResolutionProtocol/ArpServiceBinding/ArpServiceBindingENTSTest.c ...
149/970 files checked 5% done
Checking edk2-test/uefi-sct/SctPkg/TestCase/RIVL/Protocol/AddressResolutionProtocol/ArpServiceBinding/ArpServiceBindingENTSTestCase.c ...
150/970 files checked 5% done
Checking edk2-test/uefi-sct/SctPkg/TestCase/RIVL/Protocol/Dhcp4/Dhcp4/Dhcp4ENTSTest.c ...
151/970 files checked 5% done
Checking edk2-test/uefi-sct/SctPkg/TestCase/RIVL/Protocol/Dhcp4/Dhcp4/Dhcp4ENTSTestCase.c ...
152/970 files checked 5% done
Checking edk2-test/uefi-sct/SctPkg/TestCase/RIVL/Protocol/Dhcp4/Dhcp4SB/Dhcp4SBENTSTest.c ...
153/970 files checked 5% done
Checking edk2-test/uefi-sct/SctPkg/TestCase/RIVL/Protocol/Dhcp4/Dhcp4SB/Dhcp4SBENTSTestCase.c ...
154/970 files checked 5% done
Checking edk2-test/uefi-sct/SctPkg/TestCase/RIVL/Protocol/Dhcp6/Dhcp6/Dhcp6ENTSTest.c ...
155/970 files checked 5% done
Checking edk2-test/uefi-sct/SctPkg/TestCase/RIVL/Protocol/Dhcp6/Dhcp6/Dhcp6ENTSTestCase.c ...
156/970 files checked 5% done
Checking edk2-test/uefi-sct/SctPkg/TestCase/RIVL/Protocol/Dhcp6/Dhcp6SB/Dhcp6SBENTSTest.c ...
157/970 files checked 5% done
Checking edk2-test/uefi-sct/SctPkg/TestCase/RIVL/Protocol/Dhcp6/Dhcp6SB/Dhcp6SBENTSTestCase.c ...
158/970 files checked 5% done
Checking edk2-test/uefi-sct/SctPkg/TestCase/RIVL/Protocol/Http/Http/HttpENTSTest.c ...
159/970 files checked 5% done
Checking edk2-test/uefi-sct/SctPkg/TestCase/RIVL/Protocol/Http/Http/HttpENTSTestCase.c ...
160/970 files checked 5% done
Checking edk2-test/uefi-sct/SctPkg/TestCase/RIVL/Protocol/Http/HttpServiceBinding/HttpServiceBindingENTSTest.c ...
161/970 files checked 6% done
Checking edk2-test/uefi-sct/SctPkg/TestCase/RIVL/Protocol/Http/HttpServiceBinding/HttpServiceBindingENTSTestCase.c ...
162/970 files checked 6% done
Checking edk2-test/uefi-sct/SctPkg/TestCase/RIVL/Protocol/InternetProtocol4/Ip4/Ip4ENTSTest.c ...
163/970 files checked 6% done
Checking edk2-test/uefi-sct/SctPkg/TestCase/RIVL/Protocol/InternetProtocol4/Ip4/Ip4ENTSTestCase.c ...
164/970 files checked 6% done
Checking edk2-test/uefi-sct/SctPkg/TestCase/RIVL/Protocol/InternetProtocol4/Ip4Config/Ip4ConfigENTSTest.c ...
165/970 files checked 6% done
Checking edk2-test/uefi-sct/SctPkg/TestCase/RIVL/Protocol/InternetProtocol4/Ip4Config/Ip4ConfigENTSTestCase.c ...
166/970 files checked 6% done
Checking edk2-test/uefi-sct/SctPkg/TestCase/RIVL/Protocol/InternetProtocol4/Ip4Config2/Ip4Config2ENTSTest.c ...
167/970 files checked 6% done
Checking edk2-test/uefi-sct/SctPkg/TestCase/RIVL/Protocol/InternetProtocol4/Ip4Config2/Ip4Config2ENTSTestCase.c ...
168/970 files checked 6% done
Checking edk2-test/uefi-sct/SctPkg/TestCase/RIVL/Protocol/InternetProtocol4/Ip4ServiceBinding/Ip4ServiceBindingENTSTest.c ...
169/970 files checked 6% done
Checking edk2-test/uefi-sct/SctPkg/TestCase/RIVL/Protocol/InternetProtocol4/Ip4ServiceBinding/Ip4ServiceBindingENTSTestCase.c ...
170/970 files checked 6% done
Checking edk2-test/uefi-sct/SctPkg/TestCase/RIVL/Protocol/InternetProtocol6/Ip6/Ip6ENTSTest.c ...
171/970 files checked 6% done
Checking edk2-test/uefi-sct/SctPkg/TestCase/RIVL/Protocol/InternetProtocol6/Ip6/Ip6ENTSTestCase.c ...
172/970 files checked 6% done
Checking edk2-test/uefi-sct/SctPkg/TestCase/RIVL/Protocol/InternetProtocol6/Ip6Config/Ip6ConfigENTSTest.c ...
173/970 files checked 6% done
Checking edk2-test/uefi-sct/SctPkg/TestCase/RIVL/Protocol/InternetProtocol6/Ip6Config/Ip6ConfigENTSTestCase.c ...
174/970 files checked 6% done
Checking edk2-test/uefi-sct/SctPkg/TestCase/RIVL/Protocol/InternetProtocol6/Ip6ServiceBinding/Ip6ServiceBindingENTSTest.c ...
175/970 files checked 6% done
Checking edk2-test/uefi-sct/SctPkg/TestCase/RIVL/Protocol/InternetProtocol6/Ip6ServiceBinding/Ip6ServiceBindingENTSTestCase.c ...
176/970 files checked 6% done
Checking edk2-test/uefi-sct/SctPkg/TestCase/RIVL/Protocol/ManagedNetwork/MNP/MnpENTSTest.c ...
177/970 files checked 6% done
Checking edk2-test/uefi-sct/SctPkg/TestCase/RIVL/Protocol/ManagedNetwork/MNP/MnpENTSTestCase.c ...
178/970 files checked 6% done
Checking edk2-test/uefi-sct/SctPkg/TestCase/RIVL/Protocol/ManagedNetwork/MNPSB/MnpSBENTSTest.c ...
179/970 files checked 6% done
Checking edk2-test/uefi-sct/SctPkg/TestCase/RIVL/Protocol/ManagedNetwork/MNPSB/MnpSBENTSTestCase.c ...
180/970 files checked 6% done
Checking edk2-test/uefi-sct/SctPkg/TestCase/RIVL/Protocol/Mtftp4/Mtftp4/Mtftp4ENTSTest.c ...
181/970 files checked 6% done
Checking edk2-test/uefi-sct/SctPkg/TestCase/RIVL/Protocol/Mtftp4/Mtftp4/Mtftp4ENTSTestCase.c ...
182/970 files checked 6% done
Checking edk2-test/uefi-sct/SctPkg/TestCase/RIVL/Protocol/Mtftp4/Mtftp4ServiceBinding/Mtftp4ServiceBindingENTSTest.c ...
183/970 files checked 6% done
Checking edk2-test/uefi-sct/SctPkg/TestCase/RIVL/Protocol/Mtftp4/Mtftp4ServiceBinding/Mtftp4ServiceBindingENTSTestCase.c ...
184/970 files checked 6% done
Checking edk2-test/uefi-sct/SctPkg/TestCase/RIVL/Protocol/Mtftp6/Mtftp6/Mtftp6ENTSTest.c ...
185/970 files checked 6% done
Checking edk2-test/uefi-sct/SctPkg/TestCase/RIVL/Protocol/Mtftp6/Mtftp6/Mtftp6ENTSTestCase.c ...
186/970 files checked 6% done
Checking edk2-test/uefi-sct/SctPkg/TestCase/RIVL/Protocol/Mtftp6/Mtftp6ServiceBinding/Mtftp6ServiceBindingENTSTest.c ...
187/970 files checked 6% done
Checking edk2-test/uefi-sct/SctPkg/TestCase/RIVL/Protocol/Mtftp6/Mtftp6ServiceBinding/Mtftp6ServiceBindingENTSTestCase.c ...
188/970 files checked 6% done
Checking edk2-test/uefi-sct/SctPkg/TestCase/RIVL/Protocol/PXEBaseCode/PXEBaseCodeENTSTest.c ...
189/970 files checked 6% done
Checking edk2-test/uefi-sct/SctPkg/TestCase/RIVL/Protocol/PXEBaseCode/PXEBaseCodeENTSTestCase.c ...
190/970 files checked 7% done
Checking edk2-test/uefi-sct/SctPkg/TestCase/RIVL/Protocol/SimpleNetwork/SimpleNetworkENTSTest.c ...
191/970 files checked 7% done
Checking edk2-test/uefi-sct/SctPkg/TestCase/RIVL/Protocol/SimpleNetwork/SimpleNetworkENTSTestCase.c ...
192/970 files checked 7% done
Checking edk2-test/uefi-sct/SctPkg/TestCase/RIVL/Protocol/Tcp4/Tcp4/Tcp4ENTSTest.c ...
193/970 files checked 7% done
Checking edk2-test/uefi-sct/SctPkg/TestCase/RIVL/Protocol/Tcp4/Tcp4/Tcp4ENTSTestCase.c ...
194/970 files checked 7% done
Checking edk2-test/uefi-sct/SctPkg/TestCase/RIVL/Protocol/Tcp4/Tcp4ServiceBinding/Tcp4ServiceBindingENTSTest.c ...
195/970 files checked 7% done
Checking edk2-test/uefi-sct/SctPkg/TestCase/RIVL/Protocol/Tcp4/Tcp4ServiceBinding/Tcp4ServiceBindingENTSTestCase.c ...
196/970 files checked 7% done
Checking edk2-test/uefi-sct/SctPkg/TestCase/RIVL/Protocol/Tcp6/Tcp6/Tcp6ENTSTest.c ...
197/970 files checked 7% done
Checking edk2-test/uefi-sct/SctPkg/TestCase/RIVL/Protocol/Tcp6/Tcp6/Tcp6ENTSTestCase.c ...
198/970 files checked 7% done
Checking edk2-test/uefi-sct/SctPkg/TestCase/RIVL/Protocol/Tcp6/Tcp6ServiceBinding/Tcp6ServiceBindingENTSTest.c ...
199/970 files checked 7% done
Checking edk2-test/uefi-sct/SctPkg/TestCase/RIVL/Protocol/Tcp6/Tcp6ServiceBinding/Tcp6ServiceBindingENTSTestCase.c ...
200/970 files checked 7% done
Checking edk2-test/uefi-sct/SctPkg/TestCase/RIVL/Protocol/Udp4/Udp4/Udp4ENTSTest.c ...
201/970 files checked 7% done
Checking edk2-test/uefi-sct/SctPkg/TestCase/RIVL/Protocol/Udp4/Udp4/Udp4ENTSTestCase.c ...
202/970 files checked 7% done
Checking edk2-test/uefi-sct/SctPkg/TestCase/RIVL/Protocol/Udp4/Udp4ServiceBinding/Udp4ServiceBindingENTSTest.c ...
203/970 files checked 7% done
Checking edk2-test/uefi-sct/SctPkg/TestCase/RIVL/Protocol/Udp4/Udp4ServiceBinding/Udp4ServiceBindingENTSTestCase.c ...
204/970 files checked 7% done
Checking edk2-test/uefi-sct/SctPkg/TestCase/RIVL/Protocol/Udp6/Udp6/Udp6ENTSTest.c ...
205/970 files checked 7% done
Checking edk2-test/uefi-sct/SctPkg/TestCase/RIVL/Protocol/Udp6/Udp6/Udp6ENTSTestCase.c ...
206/970 files checked 7% done
Checking edk2-test/uefi-sct/SctPkg/TestCase/RIVL/Protocol/Udp6/Udp6ServiceBinding/Udp6ServiceBindingENTSTest.c ...
207/970 files checked 7% done
Checking edk2-test/uefi-sct/SctPkg/TestCase/RIVL/Protocol/Udp6/Udp6ServiceBinding/Udp6ServiceBindingENTSTestCase.c ...
208/970 files checked 7% done
Checking edk2-test/uefi-sct/SctPkg/TestCase/RIVL/RuntimeService/MiscellaneousRuntimeService/MiscellaneousRuntimeENTSTestCase.c ...
209/970 files checked 7% done
Checking edk2-test/uefi-sct/SctPkg/TestCase/RIVL/RuntimeService/RuntimeServiceENTSTest.c ...
210/970 files checked 7% done
Checking edk2-test/uefi-sct/SctPkg/TestCase/RIVL/RuntimeService/TimeService/TimeENTSTestCase.c ...
211/970 files checked 7% done
Checking edk2-test/uefi-sct/SctPkg/TestCase/RIVL/RuntimeService/VariableService/VariableENTSTestCase.c ...
212/970 files checked 7% done
Checking edk2-test/uefi-sct/SctPkg/TestCase/UEFI/EFI/BootServices/EventTimerTaskPriorityServices/BlackBoxTest/EventTimerTaskPriorityServicesBBTestCheckEvent.c ...
213/970 files checked 7% done
Checking edk2-test/uefi-sct/SctPkg/TestCase/UEFI/EFI/BootServices/EventTimerTaskPriorityServices/BlackBoxTest/EventTimerTaskPriorityServicesBBTestCloseEvent.c ...
214/970 files checked 7% done
Checking edk2-test/uefi-sct/SctPkg/TestCase/UEFI/EFI/BootServices/EventTimerTaskPriorityServices/BlackBoxTest/EventTimerTaskPriorityServicesBBTestCreateEvent.c ...
215/970 files checked 7% done
Checking edk2-test/uefi-sct/SctPkg/TestCase/UEFI/EFI/BootServices/EventTimerTaskPriorityServices/BlackBoxTest/EventTimerTaskPriorityServicesBBTestCreateEventEx.c ...
216/970 files checked 7% done
Checking edk2-test/uefi-sct/SctPkg/TestCase/UEFI/EFI/BootServices/EventTimerTaskPriorityServices/BlackBoxTest/EventTimerTaskPriorityServicesBBTestMain.c ...
Checking edk2-test/uefi-sct/SctPkg/TestCase/UEFI/EFI/BootServices/EventTimerTaskPriorityServices/BlackBoxTest/EventTimerTaskPriorityServicesBBTestMain.c: EFI_TEST_EXHAUSTIVE...
217/970 files checked 8% done
Checking edk2-test/uefi-sct/SctPkg/TestCase/UEFI/EFI/BootServices/EventTimerTaskPriorityServices/BlackBoxTest/EventTimerTaskPriorityServicesBBTestRaiseTPL.c ...
218/970 files checked 8% done
Checking edk2-test/uefi-sct/SctPkg/TestCase/UEFI/EFI/BootServices/EventTimerTaskPriorityServices/BlackBoxTest/EventTimerTaskPriorityServicesBBTestRestoreTPL.c ...
219/970 files checked 8% done
Checking edk2-test/uefi-sct/SctPkg/TestCase/UEFI/EFI/BootServices/EventTimerTaskPriorityServices/BlackBoxTest/EventTimerTaskPriorityServicesBBTestSetTimer.c ...
220/970 files checked 8% done
Checking edk2-test/uefi-sct/SctPkg/TestCase/UEFI/EFI/BootServices/EventTimerTaskPriorityServices/BlackBoxTest/EventTimerTaskPriorityServicesBBTestSignalEvent.c ...
221/970 files checked 8% done
Checking edk2-test/uefi-sct/SctPkg/TestCase/UEFI/EFI/BootServices/EventTimerTaskPriorityServices/BlackBoxTest/EventTimerTaskPriorityServicesBBTestWaitForEvent.c ...
222/970 files checked 8% done
Checking edk2-test/uefi-sct/SctPkg/TestCase/UEFI/EFI/BootServices/EventTimerTaskPriorityServices/BlackBoxTest/Guid.c ...
223/970 files checked 8% done
Checking edk2-test/uefi-sct/SctPkg/TestCase/UEFI/EFI/BootServices/EventTimerTaskPriorityServices/BlackBoxTest/Support.c ...
224/970 files checked 8% done
Checking edk2-test/uefi-sct/SctPkg/TestCase/UEFI/EFI/BootServices/ImageServices/BlackBoxTest/Dependency/Application1/Application1.c ...
225/970 files checked 8% done
Checking edk2-test/uefi-sct/SctPkg/TestCase/UEFI/EFI/BootServices/ImageServices/BlackBoxTest/Dependency/Application2/Application2.c ...
226/970 files checked 8% done
Checking edk2-test/uefi-sct/SctPkg/TestCase/UEFI/EFI/BootServices/ImageServices/BlackBoxTest/Dependency/Application3/Application3.c ...
227/970 files checked 8% done
Checking edk2-test/uefi-sct/SctPkg/TestCase/UEFI/EFI/BootServices/ImageServices/BlackBoxTest/Dependency/Application4/Application4.c ...
228/970 files checked 8% done
Checking edk2-test/uefi-sct/SctPkg/TestCase/UEFI/EFI/BootServices/ImageServices/BlackBoxTest/Dependency/BootServicesDriver1/BootServicesDriver1.c ...
229/970 files checked 8% done
Checking edk2-test/uefi-sct/SctPkg/TestCase/UEFI/EFI/BootServices/ImageServices/BlackBoxTest/Dependency/BootServicesDriver2/BootServicesDriver2.c ...
230/970 files checked 8% done
Checking edk2-test/uefi-sct/SctPkg/TestCase/UEFI/EFI/BootServices/ImageServices/BlackBoxTest/Dependency/BootServicesDriver3/BootServicesDriver3.c ...
231/970 files checked 8% done
Checking edk2-test/uefi-sct/SctPkg/TestCase/UEFI/EFI/BootServices/ImageServices/BlackBoxTest/Dependency/BootServicesDriver4/BootServicesDriver4.c ...
232/970 files checked 8% done
Checking edk2-test/uefi-sct/SctPkg/TestCase/UEFI/EFI/BootServices/ImageServices/BlackBoxTest/Dependency/BootServicesDriver5/BootServicesDriver5.c ...
233/970 files checked 8% done
Checking edk2-test/uefi-sct/SctPkg/TestCase/UEFI/EFI/BootServices/ImageServices/BlackBoxTest/Dependency/BootServicesDriver6/BootServicesDriver6.c ...
234/970 files checked 8% done
Checking edk2-test/uefi-sct/SctPkg/TestCase/UEFI/EFI/BootServices/ImageServices/BlackBoxTest/Dependency/CombinationImage1/CombinationImage1.c ...
235/970 files checked 8% done
Checking edk2-test/uefi-sct/SctPkg/TestCase/UEFI/EFI/BootServices/ImageServices/BlackBoxTest/Dependency/CombinationImage10/CombinationImage10.c ...
236/970 files checked 8% done
Checking edk2-test/uefi-sct/SctPkg/TestCase/UEFI/EFI/BootServices/ImageServices/BlackBoxTest/Dependency/CombinationImage2/CombinationImage2.c ...
237/970 files checked 8% done
Checking edk2-test/uefi-sct/SctPkg/TestCase/UEFI/EFI/BootServices/ImageServices/BlackBoxTest/Dependency/CombinationImage3/CombinationImage3.c ...
238/970 files checked 8% done
Checking edk2-test/uefi-sct/SctPkg/TestCase/UEFI/EFI/BootServices/ImageServices/BlackBoxTest/Dependency/CombinationImage4/CombinationImage4.c ...
239/970 files checked 8% done
Checking edk2-test/uefi-sct/SctPkg/TestCase/UEFI/EFI/BootServices/ImageServices/BlackBoxTest/Dependency/CombinationImage5/CombinationImage5.c ...
240/970 files checked 8% done
Checking edk2-test/uefi-sct/SctPkg/TestCase/UEFI/EFI/BootServices/ImageServices/BlackBoxTest/Dependency/CombinationImage6/CombinationImage6.c ...
241/970 files checked 8% done
Checking edk2-test/uefi-sct/SctPkg/TestCase/UEFI/EFI/BootServices/ImageServices/BlackBoxTest/Dependency/CombinationImage7/CombinationImage7.c ...
242/970 files checked 8% done
Checking edk2-test/uefi-sct/SctPkg/TestCase/UEFI/EFI/BootServices/ImageServices/BlackBoxTest/Dependency/CombinationImage8/CombinationImage8.c ...
243/970 files checked 8% done
Checking edk2-test/uefi-sct/SctPkg/TestCase/UEFI/EFI/BootServices/ImageServices/BlackBoxTest/Dependency/CombinationImage9/CombinationImage9.c ...
244/970 files checked 8% done
Checking edk2-test/uefi-sct/SctPkg/TestCase/UEFI/EFI/BootServices/ImageServices/BlackBoxTest/Dependency/LoadFile/LoadFile.c ...
245/970 files checked 8% done
Checking edk2-test/uefi-sct/SctPkg/TestCase/UEFI/EFI/BootServices/ImageServices/BlackBoxTest/Dependency/RuntimeServicesDriver1/RuntimeServicesDriver1.c ...
246/970 files checked 8% done
Checking edk2-test/uefi-sct/SctPkg/TestCase/UEFI/EFI/BootServices/ImageServices/BlackBoxTest/Dependency/RuntimeServicesDriver2/RuntimeServicesDriver2.c ...
247/970 files checked 8% done
Checking edk2-test/uefi-sct/SctPkg/TestCase/UEFI/EFI/BootServices/ImageServices/BlackBoxTest/Dependency/RuntimeServicesDriver3/RuntimeServicesDriver3.c ...
248/970 files checked 8% done
Checking edk2-test/uefi-sct/SctPkg/TestCase/UEFI/EFI/BootServices/ImageServices/BlackBoxTest/Dependency/RuntimeServicesDriver4/RuntimeServicesDriver4.c ...
249/970 files checked 8% done
Checking edk2-test/uefi-sct/SctPkg/TestCase/UEFI/EFI/BootServices/ImageServices/BlackBoxTest/Dependency/RuntimeServicesDriver5/RuntimeServicesDriver5.c ...
250/970 files checked 8% done
Checking edk2-test/uefi-sct/SctPkg/TestCase/UEFI/EFI/BootServices/ImageServices/BlackBoxTest/Dependency/RuntimeServicesDriver6/RuntimeServicesDriver6.c ...
251/970 files checked 8% done
Checking edk2-test/uefi-sct/SctPkg/TestCase/UEFI/EFI/BootServices/ImageServices/BlackBoxTest/Dependency/ValidHiiImage1/ValidHiiImage1.c ...
252/970 files checked 8% done
Checking edk2-test/uefi-sct/SctPkg/TestCase/UEFI/EFI/BootServices/ImageServices/BlackBoxTest/Guid.c ...
253/970 files checked 8% done
Checking edk2-test/uefi-sct/SctPkg/TestCase/UEFI/EFI/BootServices/ImageServices/BlackBoxTest/HiiImagePackageList.c ...
254/970 files checked 8% done
Checking edk2-test/uefi-sct/SctPkg/TestCase/UEFI/EFI/BootServices/ImageServices/BlackBoxTest/ImageBBTestConformance.c ...
255/970 files checked 8% done
Checking edk2-test/uefi-sct/SctPkg/TestCase/UEFI/EFI/BootServices/ImageServices/BlackBoxTest/ImageBBTestFunction.c ...
256/970 files checked 10% done
Checking edk2-test/uefi-sct/SctPkg/TestCase/UEFI/EFI/BootServices/ImageServices/BlackBoxTest/ImageBBTestMain.c ...
Checking edk2-test/uefi-sct/SctPkg/TestCase/UEFI/EFI/BootServices/ImageServices/BlackBoxTest/ImageBBTestMain.c: EFI_TEST_EXHAUSTIVE...
257/970 files checked 10% done
Checking edk2-test/uefi-sct/SctPkg/TestCase/UEFI/EFI/BootServices/ImageServices/BlackBoxTest/ImageBBTestStress.c ...
258/970 files checked 10% done
Checking edk2-test/uefi-sct/SctPkg/TestCase/UEFI/EFI/BootServices/ImageServices/BlackBoxTest/Misc.c ...
259/970 files checked 10% done
Checking edk2-test/uefi-sct/SctPkg/TestCase/UEFI/EFI/BootServices/ImageServices/BlackBoxTest/ProtocolDefinition.c ...
260/970 files checked 10% done
Checking edk2-test/uefi-sct/SctPkg/TestCase/UEFI/EFI/BootServices/MemoryAllocationServices/BlackBoxTest/Guid.c ...
261/970 files checked 10% done
Checking edk2-test/uefi-sct/SctPkg/TestCase/UEFI/EFI/BootServices/MemoryAllocationServices/BlackBoxTest/MemoryAllocationServicesBBTestConformance.c ...
262/970 files checked 10% done
Checking edk2-test/uefi-sct/SctPkg/TestCase/UEFI/EFI/BootServices/MemoryAllocationServices/BlackBoxTest/MemoryAllocationServicesBBTestFunction.c ...
263/970 files checked 10% done
Checking edk2-test/uefi-sct/SctPkg/TestCase/UEFI/EFI/BootServices/MemoryAllocationServices/BlackBoxTest/MemoryAllocationServicesBBTestMain.c ...
edk2-test/uefi-sct/SctPkg/TestCase/UEFI/EFI/BootServices/MemoryAllocationServices/BlackBoxTest/MemoryAllocationServicesBBTestMain.c:406:24: warning: Possible null pointer dereference: DescriptorNeeded [nullPointer]
  *MemoryDescriptor = *DescriptorNeeded;
                       ^
edk2-test/uefi-sct/SctPkg/TestCase/UEFI/EFI/BootServices/MemoryAllocationServices/BlackBoxTest/MemoryAllocationServicesBBTestMain.c:397:22: note: Assignment 'DescriptorNeeded=NULL', assigned value is 0
  DescriptorNeeded = NULL;
                     ^
edk2-test/uefi-sct/SctPkg/TestCase/UEFI/EFI/BootServices/MemoryAllocationServices/BlackBoxTest/MemoryAllocationServicesBBTestMain.c:406:24: note: Null pointer dereference
  *MemoryDescriptor = *DescriptorNeeded;
                       ^
Checking edk2-test/uefi-sct/SctPkg/TestCase/UEFI/EFI/BootServices/MemoryAllocationServices/BlackBoxTest/MemoryAllocationServicesBBTestMain.c: EFI_TEST_EXHAUSTIVE...
264/970 files checked 10% done
Checking edk2-test/uefi-sct/SctPkg/TestCase/UEFI/EFI/BootServices/MemoryAllocationServices/BlackBoxTest/MemoryAllocationServicesBBTestStress.c ...
265/970 files checked 10% done
Checking edk2-test/uefi-sct/SctPkg/TestCase/UEFI/EFI/BootServices/MiscBootServices/BlackBoxTest/Guid.c ...
266/970 files checked 11% done
Checking edk2-test/uefi-sct/SctPkg/TestCase/UEFI/EFI/BootServices/MiscBootServices/BlackBoxTest/MiscBootServicesBBTestConformance.c ...
267/970 files checked 11% done
Checking edk2-test/uefi-sct/SctPkg/TestCase/UEFI/EFI/BootServices/MiscBootServices/BlackBoxTest/MiscBootServicesBBTestFunction.c ...
268/970 files checked 11% done
Checking edk2-test/uefi-sct/SctPkg/TestCase/UEFI/EFI/BootServices/MiscBootServices/BlackBoxTest/MiscBootServicesBBTestMain.c ...
Checking edk2-test/uefi-sct/SctPkg/TestCase/UEFI/EFI/BootServices/MiscBootServices/BlackBoxTest/MiscBootServicesBBTestMain.c: EFI_TEST_EXHAUSTIVE...
269/970 files checked 11% done
Checking edk2-test/uefi-sct/SctPkg/TestCase/UEFI/EFI/BootServices/MiscBootServices/BlackBoxTest/MiscBootServicesBBTestStress.c ...
270/970 files checked 11% done
Checking edk2-test/uefi-sct/SctPkg/TestCase/UEFI/EFI/BootServices/ProtocolHandlerServices/BlackBoxTest/Dependency/BusDriver1/BusDriver1.c ...
271/970 files checked 11% done
Checking edk2-test/uefi-sct/SctPkg/TestCase/UEFI/EFI/BootServices/ProtocolHandlerServices/BlackBoxTest/Dependency/BusDriver2/BusDriver2.c ...
272/970 files checked 11% done
Checking edk2-test/uefi-sct/SctPkg/TestCase/UEFI/EFI/BootServices/ProtocolHandlerServices/BlackBoxTest/Dependency/BusDriver3/BusDriver3.c ...
273/970 files checked 11% done
Checking edk2-test/uefi-sct/SctPkg/TestCase/UEFI/EFI/BootServices/ProtocolHandlerServices/BlackBoxTest/Dependency/BusDriver4/BusDriver4.c ...
274/970 files checked 11% done
Checking edk2-test/uefi-sct/SctPkg/TestCase/UEFI/EFI/BootServices/ProtocolHandlerServices/BlackBoxTest/Dependency/BusOverrideDriver1/BusOverrideDriver1.c ...
275/970 files checked 11% done
Checking edk2-test/uefi-sct/SctPkg/TestCase/UEFI/EFI/BootServices/ProtocolHandlerServices/BlackBoxTest/Dependency/DBindingDriver1/DBindingDriver1.c ...
276/970 files checked 11% done
Checking edk2-test/uefi-sct/SctPkg/TestCase/UEFI/EFI/BootServices/ProtocolHandlerServices/BlackBoxTest/Dependency/DBindingDriver2/DBindingDriver2.c ...
277/970 files checked 11% done
Checking edk2-test/uefi-sct/SctPkg/TestCase/UEFI/EFI/BootServices/ProtocolHandlerServices/BlackBoxTest/Dependency/DBindingDriver3/DBindingDriver3.c ...
278/970 files checked 11% done
Checking edk2-test/uefi-sct/SctPkg/TestCase/UEFI/EFI/BootServices/ProtocolHandlerServices/BlackBoxTest/Dependency/DBindingDriver4/DBindingDriver4.c ...
279/970 files checked 11% done
Checking edk2-test/uefi-sct/SctPkg/TestCase/UEFI/EFI/BootServices/ProtocolHandlerServices/BlackBoxTest/Dependency/DBindingDriver5/DBindingDriver5.c ...
280/970 files checked 12% done
Checking edk2-test/uefi-sct/SctPkg/TestCase/UEFI/EFI/BootServices/ProtocolHandlerServices/BlackBoxTest/Dependency/DeviceDriver1/DeviceDriver1.c ...
281/970 files checked 12% done
Checking edk2-test/uefi-sct/SctPkg/TestCase/UEFI/EFI/BootServices/ProtocolHandlerServices/BlackBoxTest/Dependency/DeviceDriver11/DeviceDriver11.c ...
282/970 files checked 12% done
Checking edk2-test/uefi-sct/SctPkg/TestCase/UEFI/EFI/BootServices/ProtocolHandlerServices/BlackBoxTest/Dependency/DeviceDriver110/DeviceDriver110.c ...
283/970 files checked 12% done
Checking edk2-test/uefi-sct/SctPkg/TestCase/UEFI/EFI/BootServices/ProtocolHandlerServices/BlackBoxTest/Dependency/DeviceDriver111/DeviceDriver111.c ...
284/970 files checked 12% done
Checking edk2-test/uefi-sct/SctPkg/TestCase/UEFI/EFI/BootServices/ProtocolHandlerServices/BlackBoxTest/Dependency/DeviceDriver12/DeviceDriver12.c ...
285/970 files checked 12% done
Checking edk2-test/uefi-sct/SctPkg/TestCase/UEFI/EFI/BootServices/ProtocolHandlerServices/BlackBoxTest/Dependency/DeviceDriver13/DeviceDriver13.c ...
286/970 files checked 12% done
Checking edk2-test/uefi-sct/SctPkg/TestCase/UEFI/EFI/BootServices/ProtocolHandlerServices/BlackBoxTest/Dependency/DeviceDriver14/DeviceDriver14.c ...
287/970 files checked 12% done
Checking edk2-test/uefi-sct/SctPkg/TestCase/UEFI/EFI/BootServices/ProtocolHandlerServices/BlackBoxTest/Dependency/DeviceDriver15/DeviceDriver15.c ...
288/970 files checked 12% done
Checking edk2-test/uefi-sct/SctPkg/TestCase/UEFI/EFI/BootServices/ProtocolHandlerServices/BlackBoxTest/Dependency/DeviceDriver18/DeviceDriver18.c ...
289/970 files checked 12% done
Checking edk2-test/uefi-sct/SctPkg/TestCase/UEFI/EFI/BootServices/ProtocolHandlerServices/BlackBoxTest/Dependency/DeviceDriver19/DeviceDriver19.c ...
290/970 files checked 12% done
Checking edk2-test/uefi-sct/SctPkg/TestCase/UEFI/EFI/BootServices/ProtocolHandlerServices/BlackBoxTest/Dependency/DeviceDriver2/DeviceDriver2.c ...
291/970 files checked 12% done
Checking edk2-test/uefi-sct/SctPkg/TestCase/UEFI/EFI/BootServices/ProtocolHandlerServices/BlackBoxTest/Dependency/DeviceDriver3/DeviceDriver3.c ...
292/970 files checked 12% done
Checking edk2-test/uefi-sct/SctPkg/TestCase/UEFI/EFI/BootServices/ProtocolHandlerServices/BlackBoxTest/Dependency/DeviceDriver4/DeviceDriver4.c ...
293/970 files checked 12% done
Checking edk2-test/uefi-sct/SctPkg/TestCase/UEFI/EFI/BootServices/ProtocolHandlerServices/BlackBoxTest/Dependency/DeviceDriver5/DeviceDriver5.c ...
294/970 files checked 12% done
Checking edk2-test/uefi-sct/SctPkg/TestCase/UEFI/EFI/BootServices/ProtocolHandlerServices/BlackBoxTest/Dependency/DeviceDriver6/DeviceDriver6.c ...
295/970 files checked 12% done
Checking edk2-test/uefi-sct/SctPkg/TestCase/UEFI/EFI/BootServices/ProtocolHandlerServices/BlackBoxTest/Dependency/DeviceDriver7/DeviceDriver7.c ...
296/970 files checked 12% done
Checking edk2-test/uefi-sct/SctPkg/TestCase/UEFI/EFI/BootServices/ProtocolHandlerServices/BlackBoxTest/Dependency/PlatformOverrideDriver1/PlatformOverrideDriver1.c ...
297/970 files checked 12% done
Checking edk2-test/uefi-sct/SctPkg/TestCase/UEFI/EFI/BootServices/ProtocolHandlerServices/BlackBoxTest/Dependency/TestDriver1/TestDriver1.c ...
298/970 files checked 12% done
Checking edk2-test/uefi-sct/SctPkg/TestCase/UEFI/EFI/BootServices/ProtocolHandlerServices/BlackBoxTest/Dependency/TestDriver2/TestDriver2.c ...
299/970 files checked 12% done
Checking edk2-test/uefi-sct/SctPkg/TestCase/UEFI/EFI/BootServices/ProtocolHandlerServices/BlackBoxTest/Dependency/TestDriver3/TestDriver3.c ...
300/970 files checked 12% done
Checking edk2-test/uefi-sct/SctPkg/TestCase/UEFI/EFI/BootServices/ProtocolHandlerServices/BlackBoxTest/Dependency/TestDriver4/TestDriver4.c ...
301/970 files checked 12% done
Checking edk2-test/uefi-sct/SctPkg/TestCase/UEFI/EFI/BootServices/ProtocolHandlerServices/BlackBoxTest/Dependency/TestDriver5/TestDriver5.c ...
302/970 files checked 12% done
Checking edk2-test/uefi-sct/SctPkg/TestCase/UEFI/EFI/BootServices/ProtocolHandlerServices/BlackBoxTest/Guid.c ...
303/970 files checked 13% done
Checking edk2-test/uefi-sct/SctPkg/TestCase/UEFI/EFI/BootServices/ProtocolHandlerServices/BlackBoxTest/Misc.c ...
304/970 files checked 13% done
Checking edk2-test/uefi-sct/SctPkg/TestCase/UEFI/EFI/BootServices/ProtocolHandlerServices/BlackBoxTest/ProtocolDefinition.c ...
305/970 files checked 13% done
Checking edk2-test/uefi-sct/SctPkg/TestCase/UEFI/EFI/BootServices/ProtocolHandlerServices/BlackBoxTest/ProtocolHandlerBBTestConformance.c ...
306/970 files checked 14% done
Checking edk2-test/uefi-sct/SctPkg/TestCase/UEFI/EFI/BootServices/ProtocolHandlerServices/BlackBoxTest/ProtocolHandlerBBTestFunction.c ...
307/970 files checked 14% done
Checking edk2-test/uefi-sct/SctPkg/TestCase/UEFI/EFI/BootServices/ProtocolHandlerServices/BlackBoxTest/ProtocolHandlerBBTestFunction_2.c ...
308/970 files checked 16% done
Checking edk2-test/uefi-sct/SctPkg/TestCase/UEFI/EFI/BootServices/ProtocolHandlerServices/BlackBoxTest/ProtocolHandlerBBTestFunction_3.c ...
309/970 files checked 18% done
Checking edk2-test/uefi-sct/SctPkg/TestCase/UEFI/EFI/BootServices/ProtocolHandlerServices/BlackBoxTest/ProtocolHandlerBBTestMain.c ...
Checking edk2-test/uefi-sct/SctPkg/TestCase/UEFI/EFI/BootServices/ProtocolHandlerServices/BlackBoxTest/ProtocolHandlerBBTestMain.c: EFI_TEST_EXHAUSTIVE...
310/970 files checked 18% done
Checking edk2-test/uefi-sct/SctPkg/TestCase/UEFI/EFI/BootServices/ProtocolHandlerServices/BlackBoxTest/ProtocolHandlerBBTestStress.c ...
edk2-test/uefi-sct/SctPkg/TestCase/UEFI/EFI/BootServices/ProtocolHandlerServices/BlackBoxTest/ProtocolHandlerBBTestStress.c:1819:25: error: Array 'TplArray[3]' accessed at index 4, which is out of bounds. [arrayIndexOutOfBounds]
                TplArray[Index]
                        ^
edk2-test/uefi-sct/SctPkg/TestCase/UEFI/EFI/BootServices/ProtocolHandlerServices/BlackBoxTest/ProtocolHandlerBBTestStress.c:1769:3: note: After for loop, Index has value 4
  for (Index = 0; Index < 4; Index++) {
  ^
edk2-test/uefi-sct/SctPkg/TestCase/UEFI/EFI/BootServices/ProtocolHandlerServices/BlackBoxTest/ProtocolHandlerBBTestStress.c:1782:7: note: Assuming condition is false
  if (!MisMatch) {
      ^
edk2-test/uefi-sct/SctPkg/TestCase/UEFI/EFI/BootServices/ProtocolHandlerServices/BlackBoxTest/ProtocolHandlerBBTestStress.c:1819:25: note: Array index out of bounds
                TplArray[Index]
                        ^
311/970 files checked 19% done
Checking edk2-test/uefi-sct/SctPkg/TestCase/UEFI/EFI/Generic/EfiCompliant/BlackBoxTest/EfiCompliantBBTestDriver_uefi.c ...
312/970 files checked 19% done
Checking edk2-test/uefi-sct/SctPkg/TestCase/UEFI/EFI/Generic/EfiCompliant/BlackBoxTest/EfiCompliantBBTestMain_uefi.c ...
313/970 files checked 19% done
Checking edk2-test/uefi-sct/SctPkg/TestCase/UEFI/EFI/Generic/EfiCompliant/BlackBoxTest/EfiCompliantBBTestPlatform_uefi.c ...
314/970 files checked 19% done
Checking edk2-test/uefi-sct/SctPkg/TestCase/UEFI/EFI/Generic/EfiCompliant/BlackBoxTest/EfiCompliantBBTestRequired_uefi.c ...
315/970 files checked 20% done
Checking edk2-test/uefi-sct/SctPkg/TestCase/UEFI/EFI/Generic/EfiCompliant/BlackBoxTest/EfiCompliantBBTestSupport_uefi.c ...
316/970 files checked 20% done
Checking edk2-test/uefi-sct/SctPkg/TestCase/UEFI/EFI/Generic/EfiCompliant/BlackBoxTest/Guid_uefi.c ...
317/970 files checked 20% done
Checking edk2-test/uefi-sct/SctPkg/TestCase/UEFI/EFI/Generic/ExeMode/BlackBoxTest/ExeModeBBTestMain.c ...
318/970 files checked 20% done
Checking edk2-test/uefi-sct/SctPkg/TestCase/UEFI/EFI/Generic/ExeMode/BlackBoxTest/ExeModeBBTestRequired.c ...
319/970 files checked 20% done
Checking edk2-test/uefi-sct/SctPkg/TestCase/UEFI/EFI/Generic/ExeMode/BlackBoxTest/Guid.c ...
320/970 files checked 20% done
Checking edk2-test/uefi-sct/SctPkg/TestCase/UEFI/EFI/Protocol/ACPITable/BlackBoxTest/AcpiTableProtocolBBTestConformance.c ...
321/970 files checked 20% done
Checking edk2-test/uefi-sct/SctPkg/TestCase/UEFI/EFI/Protocol/ACPITable/BlackBoxTest/AcpiTableProtocolBBTestFunction.c ...
322/970 files checked 20% done
Checking edk2-test/uefi-sct/SctPkg/TestCase/UEFI/EFI/Protocol/ACPITable/BlackBoxTest/AcpiTableProtocolBBTestMain.c ...
323/970 files checked 20% done
Checking edk2-test/uefi-sct/SctPkg/TestCase/UEFI/EFI/Protocol/ACPITable/BlackBoxTest/Guid.c ...
324/970 files checked 20% done
Checking edk2-test/uefi-sct/SctPkg/TestCase/UEFI/EFI/Protocol/AbsolutePointer/BlackBoxTest/AbsolutePointerBBTestConformance.c ...
325/970 files checked 20% done
Checking edk2-test/uefi-sct/SctPkg/TestCase/UEFI/EFI/Protocol/AbsolutePointer/BlackBoxTest/AbsolutePointerBBTestFunction.c ...
326/970 files checked 20% done
Checking edk2-test/uefi-sct/SctPkg/TestCase/UEFI/EFI/Protocol/AbsolutePointer/BlackBoxTest/AbsolutePointerBBTestMain.c ...
Checking edk2-test/uefi-sct/SctPkg/TestCase/UEFI/EFI/Protocol/AbsolutePointer/BlackBoxTest/AbsolutePointerBBTestMain.c: EFI_TEST_EXHAUSTIVE...
327/970 files checked 20% done
Checking edk2-test/uefi-sct/SctPkg/TestCase/UEFI/EFI/Protocol/AbsolutePointer/BlackBoxTest/AbsolutePointerBBTestStress.c ...
328/970 files checked 20% done
Checking edk2-test/uefi-sct/SctPkg/TestCase/UEFI/EFI/Protocol/AbsolutePointer/BlackBoxTest/Guid.c ...
329/970 files checked 20% done
Checking edk2-test/uefi-sct/SctPkg/TestCase/UEFI/EFI/Protocol/AdapterInfo/BlackBoxTest/AdapterInfoBBTestConformance.c ...
330/970 files checked 20% done
Checking edk2-test/uefi-sct/SctPkg/TestCase/UEFI/EFI/Protocol/AdapterInfo/BlackBoxTest/AdapterInfoBBTestFunction.c ...
331/970 files checked 20% done
Checking edk2-test/uefi-sct/SctPkg/TestCase/UEFI/EFI/Protocol/AdapterInfo/BlackBoxTest/AdapterInfoBBTestMain.c ...
332/970 files checked 20% done
Checking edk2-test/uefi-sct/SctPkg/TestCase/UEFI/EFI/Protocol/AdapterInfo/BlackBoxTest/Guid.c ...
333/970 files checked 21% done
Checking edk2-test/uefi-sct/SctPkg/TestCase/UEFI/EFI/Protocol/AtaPassThru/BlackBoxTest/AtaPassThruBBTestConformance.c ...
334/970 files checked 21% done
Checking edk2-test/uefi-sct/SctPkg/TestCase/UEFI/EFI/Protocol/AtaPassThru/BlackBoxTest/AtaPassThruBBTestFunction.c ...
335/970 files checked 21% done
Checking edk2-test/uefi-sct/SctPkg/TestCase/UEFI/EFI/Protocol/AtaPassThru/BlackBoxTest/AtaPassThruBBTestMain.c ...
336/970 files checked 21% done
Checking edk2-test/uefi-sct/SctPkg/TestCase/UEFI/EFI/Protocol/AtaPassThru/BlackBoxTest/Guid.c ...
337/970 files checked 21% done
Checking edk2-test/uefi-sct/SctPkg/TestCase/UEFI/EFI/Protocol/Authentication/BlackBoxTest/AuthTest.c ...
Checking edk2-test/uefi-sct/SctPkg/TestCase/UEFI/EFI/Protocol/Authentication/BlackBoxTest/AuthTest.c: DEBUG_HASHTEST...
338/970 files checked 21% done
Checking edk2-test/uefi-sct/SctPkg/TestCase/UEFI/EFI/Protocol/Authentication/BlackBoxTest/AuthenticationBBTestMain.c ...
Checking edk2-test/uefi-sct/SctPkg/TestCase/UEFI/EFI/Protocol/Authentication/BlackBoxTest/AuthenticationBBTestMain.c: DEBUG_HASHTEST...
339/970 files checked 21% done
Checking edk2-test/uefi-sct/SctPkg/TestCase/UEFI/EFI/Protocol/Authentication/BlackBoxTest/AuthenticationGuid.c ...
340/970 files checked 21% done
Checking edk2-test/uefi-sct/SctPkg/TestCase/UEFI/EFI/Protocol/Bis/BlackBoxTest/BisBBTestCase.c ...
341/970 files checked 21% done
Checking edk2-test/uefi-sct/SctPkg/TestCase/UEFI/EFI/Protocol/Bis/BlackBoxTest/BisBBTestMain.c ...
Checking edk2-test/uefi-sct/SctPkg/TestCase/UEFI/EFI/Protocol/Bis/BlackBoxTest/BisBBTestMain.c: EFI_TEST_EXHAUSTIVE...
342/970 files checked 21% done
Checking edk2-test/uefi-sct/SctPkg/TestCase/UEFI/EFI/Protocol/Bis/BlackBoxTest/Guid.c ...
343/970 files checked 21% done
Checking edk2-test/uefi-sct/SctPkg/TestCase/UEFI/EFI/Protocol/BlockIo/BlackBoxTest/BlockIoBBTestConformance.c ...
344/970 files checked 22% done
Checking edk2-test/uefi-sct/SctPkg/TestCase/UEFI/EFI/Protocol/BlockIo/BlackBoxTest/BlockIoBBTestFunction.c ...
345/970 files checked 22% done
Checking edk2-test/uefi-sct/SctPkg/TestCase/UEFI/EFI/Protocol/BlockIo/BlackBoxTest/BlockIoBBTestMain.c ...
Checking edk2-test/uefi-sct/SctPkg/TestCase/UEFI/EFI/Protocol/BlockIo/BlackBoxTest/BlockIoBBTestMain.c: EFI_TEST_EXHAUSTIVE...
346/970 files checked 22% done
Checking edk2-test/uefi-sct/SctPkg/TestCase/UEFI/EFI/Protocol/BlockIo/BlackBoxTest/BlockIoBBTestStress.c ...
347/970 files checked 22% done
Checking edk2-test/uefi-sct/SctPkg/TestCase/UEFI/EFI/Protocol/BlockIo/BlackBoxTest/Guid.c ...
348/970 files checked 22% done
Checking edk2-test/uefi-sct/SctPkg/TestCase/UEFI/EFI/Protocol/BlockIo2/BlackBoxTest/BlockIo2BBTestConformance.c ...
349/970 files checked 23% done
Checking edk2-test/uefi-sct/SctPkg/TestCase/UEFI/EFI/Protocol/BlockIo2/BlackBoxTest/BlockIo2BBTestFunction.c ...
350/970 files checked 23% done
Checking edk2-test/uefi-sct/SctPkg/TestCase/UEFI/EFI/Protocol/BlockIo2/BlackBoxTest/BlockIo2BBTestMain.c ...
351/970 files checked 23% done
Checking edk2-test/uefi-sct/SctPkg/TestCase/UEFI/EFI/Protocol/BlockIo2/BlackBoxTest/Guid.c ...
352/970 files checked 23% done
Checking edk2-test/uefi-sct/SctPkg/TestCase/UEFI/EFI/Protocol/BusSpecificDriverOverride/BlackBoxTest/BusSpecificDriverOverrideBBTestConformance.c ...
353/970 files checked 23% done
Checking edk2-test/uefi-sct/SctPkg/TestCase/UEFI/EFI/Protocol/BusSpecificDriverOverride/BlackBoxTest/BusSpecificDriverOverrideBBTestFunction.c ...
354/970 files checked 23% done
Checking edk2-test/uefi-sct/SctPkg/TestCase/UEFI/EFI/Protocol/BusSpecificDriverOverride/BlackBoxTest/BusSpecificDriverOverrideBBTestMain.c ...
Checking edk2-test/uefi-sct/SctPkg/TestCase/UEFI/EFI/Protocol/BusSpecificDriverOverride/BlackBoxTest/BusSpecificDriverOverrideBBTestMain.c: EFI_TEST_EXHAUSTIVE...
355/970 files checked 24% done
Checking edk2-test/uefi-sct/SctPkg/TestCase/UEFI/EFI/Protocol/BusSpecificDriverOverride/BlackBoxTest/Guid.c ...
356/970 files checked 24% done
Checking edk2-test/uefi-sct/SctPkg/TestCase/UEFI/EFI/Protocol/ComponentName/BlackBoxTest/ComponentNameBBTestConformance.c ...
357/970 files checked 24% done
Checking edk2-test/uefi-sct/SctPkg/TestCase/UEFI/EFI/Protocol/ComponentName/BlackBoxTest/ComponentNameBBTestFunction.c ...
358/970 files checked 24% done
Checking edk2-test/uefi-sct/SctPkg/TestCase/UEFI/EFI/Protocol/ComponentName/BlackBoxTest/ComponentNameBBTestMain.c ...
359/970 files checked 24% done
Checking edk2-test/uefi-sct/SctPkg/TestCase/UEFI/EFI/Protocol/ComponentName/BlackBoxTest/Guid.c ...
360/970 files checked 24% done
Checking edk2-test/uefi-sct/SctPkg/TestCase/UEFI/EFI/Protocol/ComponentName2/BlackBoxTest/ComponentName2BBTestConformance.c ...
edk2-test/uefi-sct/SctPkg/TestCase/UEFI/EFI/Protocol/ComponentName2/BlackBoxTest/ComponentName2BBTestConformance.c:397:13: error: Uninitialized variable: Lang [uninitvar]
     while (Lang[0] != '\0'){
            ^
edk2-test/uefi-sct/SctPkg/TestCase/UEFI/EFI/Protocol/ComponentName2/BlackBoxTest/ComponentName2BBTestConformance.c:709:13: error: Uninitialized variable: Lang [uninitvar]
     while (Lang[0] != '\0'){
            ^
361/970 files checked 24% done
Checking edk2-test/uefi-sct/SctPkg/TestCase/UEFI/EFI/Protocol/ComponentName2/BlackBoxTest/ComponentName2BBTestFunction.c ...
edk2-test/uefi-sct/SctPkg/TestCase/UEFI/EFI/Protocol/ComponentName2/BlackBoxTest/ComponentName2BBTestFunction.c:245:12: error: Uninitialized variable: Lang [uninitvar]
    while (Lang[0] !='\0') {
           ^
edk2-test/uefi-sct/SctPkg/TestCase/UEFI/EFI/Protocol/ComponentName2/BlackBoxTest/ComponentName2BBTestFunction.c:464:12: error: Uninitialized variable: Lang [uninitvar]
    while (Lang[0] !='\0') {
           ^
edk2-test/uefi-sct/SctPkg/TestCase/UEFI/EFI/Protocol/ComponentName2/BlackBoxTest/ComponentName2BBTestFunction.c:722:12: error: Uninitialized variable: Lang [uninitvar]
    while (Lang[0] !='\0') {
           ^
362/970 files checked 24% done
Checking edk2-test/uefi-sct/SctPkg/TestCase/UEFI/EFI/Protocol/ComponentName2/BlackBoxTest/ComponentName2BBTestMain.c ...
363/970 files checked 24% done
Checking edk2-test/uefi-sct/SctPkg/TestCase/UEFI/EFI/Protocol/ComponentName2/BlackBoxTest/Guid.c ...
364/970 files checked 24% done
Checking edk2-test/uefi-sct/SctPkg/TestCase/UEFI/EFI/Protocol/ConfigKeywordHandler/BlackBoxTest/ConfigKeywordHandlerBBTestConformance.c ...
365/970 files checked 24% done
Checking edk2-test/uefi-sct/SctPkg/TestCase/UEFI/EFI/Protocol/ConfigKeywordHandler/BlackBoxTest/ConfigKeywordHandlerBBTestFunction.c ...
366/970 files checked 24% done
Checking edk2-test/uefi-sct/SctPkg/TestCase/UEFI/EFI/Protocol/ConfigKeywordHandler/BlackBoxTest/ConfigKeywordHandlerBBTestMain.c ...
367/970 files checked 24% done
Checking edk2-test/uefi-sct/SctPkg/TestCase/UEFI/EFI/Protocol/ConfigKeywordHandler/BlackBoxTest/Dependency/SampleDriver/DriverSample.c ...
368/970 files checked 25% done
Checking edk2-test/uefi-sct/SctPkg/TestCase/UEFI/EFI/Protocol/ConfigKeywordHandler/BlackBoxTest/Guid.c ...
369/970 files checked 25% done
Checking edk2-test/uefi-sct/SctPkg/TestCase/UEFI/EFI/Protocol/DebugPort/BlackBoxTest/DebugPortBBTestFunction.c ...
370/970 files checked 25% done
Checking edk2-test/uefi-sct/SctPkg/TestCase/UEFI/EFI/Protocol/DebugPort/BlackBoxTest/DebugPortBBTestMain.c ...
Checking edk2-test/uefi-sct/SctPkg/TestCase/UEFI/EFI/Protocol/DebugPort/BlackBoxTest/DebugPortBBTestMain.c: EFI_TEST_EXHAUSTIVE...
371/970 files checked 25% done
Checking edk2-test/uefi-sct/SctPkg/TestCase/UEFI/EFI/Protocol/DebugPort/BlackBoxTest/Guid.c ...
372/970 files checked 25% done
Checking edk2-test/uefi-sct/SctPkg/TestCase/UEFI/EFI/Protocol/DebugSupport/BlackBoxTest/Aarch64/DebugSupportBBTestCacheFunction.c ...
373/970 files checked 25% done
Checking edk2-test/uefi-sct/SctPkg/TestCase/UEFI/EFI/Protocol/DebugSupport/BlackBoxTest/Aarch64/DebugSupportBBTestExceptionCallbackFunction.c ...
374/970 files checked 25% done
Checking edk2-test/uefi-sct/SctPkg/TestCase/UEFI/EFI/Protocol/DebugSupport/BlackBoxTest/Aarch64/PlatformIsa.c ...
375/970 files checked 25% done
Checking edk2-test/uefi-sct/SctPkg/TestCase/UEFI/EFI/Protocol/DebugSupport/BlackBoxTest/Arm/DebugSupportBBTestCacheFunction.c ...
376/970 files checked 25% done
Checking edk2-test/uefi-sct/SctPkg/TestCase/UEFI/EFI/Protocol/DebugSupport/BlackBoxTest/Arm/DebugSupportBBTestExceptionCallbackFunction.c ...
377/970 files checked 25% done
Checking edk2-test/uefi-sct/SctPkg/TestCase/UEFI/EFI/Protocol/DebugSupport/BlackBoxTest/Arm/PlatformIsa.c ...
378/970 files checked 25% done
Checking edk2-test/uefi-sct/SctPkg/TestCase/UEFI/EFI/Protocol/DebugSupport/BlackBoxTest/DebugSupportBBTestFunction.c ...
379/970 files checked 25% done
Checking edk2-test/uefi-sct/SctPkg/TestCase/UEFI/EFI/Protocol/DebugSupport/BlackBoxTest/DebugSupportBBTestMain.c ...
Checking edk2-test/uefi-sct/SctPkg/TestCase/UEFI/EFI/Protocol/DebugSupport/BlackBoxTest/DebugSupportBBTestMain.c: EFI_TEST_EXHAUSTIVE...
380/970 files checked 25% done
Checking edk2-test/uefi-sct/SctPkg/TestCase/UEFI/EFI/Protocol/DebugSupport/BlackBoxTest/Guid.c ...
381/970 files checked 25% done
Checking edk2-test/uefi-sct/SctPkg/TestCase/UEFI/EFI/Protocol/DebugSupport/BlackBoxTest/IA32/DebugSupportBBTestCacheFunction.c ...
382/970 files checked 25% done
Checking edk2-test/uefi-sct/SctPkg/TestCase/UEFI/EFI/Protocol/DebugSupport/BlackBoxTest/IA32/DebugSupportBBTestExceptionCallbackFunction.c ...
383/970 files checked 25% done
Checking edk2-test/uefi-sct/SctPkg/TestCase/UEFI/EFI/Protocol/DebugSupport/BlackBoxTest/IA32/PlatformIsa.c ...
384/970 files checked 25% done
Checking edk2-test/uefi-sct/SctPkg/TestCase/UEFI/EFI/Protocol/DebugSupport/BlackBoxTest/IPF/DebugSupportBBTestCacheFunction.c ...
385/970 files checked 25% done
Checking edk2-test/uefi-sct/SctPkg/TestCase/UEFI/EFI/Protocol/DebugSupport/BlackBoxTest/IPF/DebugSupportBBTestExceptionCallbackFunction.c ...
386/970 files checked 25% done
Checking edk2-test/uefi-sct/SctPkg/TestCase/UEFI/EFI/Protocol/DebugSupport/BlackBoxTest/IPF/PlatformIsa.c ...
387/970 files checked 25% done
Checking edk2-test/uefi-sct/SctPkg/TestCase/UEFI/EFI/Protocol/DebugSupport/BlackBoxTest/Riscv64/DebugSupportBBTestCacheFunction.c ...
388/970 files checked 25% done
Checking edk2-test/uefi-sct/SctPkg/TestCase/UEFI/EFI/Protocol/DebugSupport/BlackBoxTest/Riscv64/DebugSupportBBTestExceptionCallbackFunction.c ...
389/970 files checked 25% done
Checking edk2-test/uefi-sct/SctPkg/TestCase/UEFI/EFI/Protocol/DebugSupport/BlackBoxTest/Riscv64/PlatformIsa.c ...
390/970 files checked 25% done
Checking edk2-test/uefi-sct/SctPkg/TestCase/UEFI/EFI/Protocol/DebugSupport/BlackBoxTest/X64/DebugSupportBBTestCacheFunction.c ...
391/970 files checked 25% done
Checking edk2-test/uefi-sct/SctPkg/TestCase/UEFI/EFI/Protocol/DebugSupport/BlackBoxTest/X64/DebugSupportBBTestExceptionCallbackFunction.c ...
392/970 files checked 25% done
Checking edk2-test/uefi-sct/SctPkg/TestCase/UEFI/EFI/Protocol/DebugSupport/BlackBoxTest/X64/PlatformIsa.c ...
393/970 files checked 25% done
Checking edk2-test/uefi-sct/SctPkg/TestCase/UEFI/EFI/Protocol/Decompress/BlackBoxTest/DecompressBBTestConformance.c ...
394/970 files checked 25% done
Checking edk2-test/uefi-sct/SctPkg/TestCase/UEFI/EFI/Protocol/Decompress/BlackBoxTest/DecompressBBTestFunction.c ...
395/970 files checked 25% done
Checking edk2-test/uefi-sct/SctPkg/TestCase/UEFI/EFI/Protocol/Decompress/BlackBoxTest/DecompressBBTestMain.c ...
396/970 files checked 25% done
Checking edk2-test/uefi-sct/SctPkg/TestCase/UEFI/EFI/Protocol/Decompress/BlackBoxTest/DecompressBBTestSupport.c ...
397/970 files checked 25% done
Checking edk2-test/uefi-sct/SctPkg/TestCase/UEFI/EFI/Protocol/Decompress/BlackBoxTest/Guid.c ...
398/970 files checked 25% done
Checking edk2-test/uefi-sct/SctPkg/TestCase/UEFI/EFI/Protocol/DeviceIo/BlackBoxTest/DeviceIoBBTestConformance.c ...
399/970 files checked 26% done
Checking edk2-test/uefi-sct/SctPkg/TestCase/UEFI/EFI/Protocol/DeviceIo/BlackBoxTest/DeviceIoBBTestFunction.c ...
400/970 files checked 26% done
Checking edk2-test/uefi-sct/SctPkg/TestCase/UEFI/EFI/Protocol/DeviceIo/BlackBoxTest/DeviceIoBBTestMain.c ...
401/970 files checked 26% done
Checking edk2-test/uefi-sct/SctPkg/TestCase/UEFI/EFI/Protocol/DeviceIo/BlackBoxTest/DeviceIoBBTestSupport.c ...
402/970 files checked 26% done
Checking edk2-test/uefi-sct/SctPkg/TestCase/UEFI/EFI/Protocol/DeviceIo/BlackBoxTest/Guid.c ...
403/970 files checked 26% done
Checking edk2-test/uefi-sct/SctPkg/TestCase/UEFI/EFI/Protocol/DevicePath/BlackBoxTest/DevicePathBBTestFunction.c ...
404/970 files checked 27% done
Checking edk2-test/uefi-sct/SctPkg/TestCase/UEFI/EFI/Protocol/DevicePath/BlackBoxTest/DevicePathBBTestMain.c ...
405/970 files checked 27% done
Checking edk2-test/uefi-sct/SctPkg/TestCase/UEFI/EFI/Protocol/DevicePath/BlackBoxTest/Guid.c ...
406/970 files checked 27% done
Checking edk2-test/uefi-sct/SctPkg/TestCase/UEFI/EFI/Protocol/DevicePathFromText/BlackBoxTest/DevicePathFromTextBBTestConformance.c ...
407/970 files checked 27% done
Checking edk2-test/uefi-sct/SctPkg/TestCase/UEFI/EFI/Protocol/DevicePathFromText/BlackBoxTest/DevicePathFromTextBBTestCoverage.c ...
408/970 files checked 27% done
Checking edk2-test/uefi-sct/SctPkg/TestCase/UEFI/EFI/Protocol/DevicePathFromText/BlackBoxTest/DevicePathFromTextBBTestFunction.c ...
409/970 files checked 27% done
Checking edk2-test/uefi-sct/SctPkg/TestCase/UEFI/EFI/Protocol/DevicePathFromText/BlackBoxTest/DevicePathFromTextBBTestMain.c ...
410/970 files checked 27% done
Checking edk2-test/uefi-sct/SctPkg/TestCase/UEFI/EFI/Protocol/DevicePathFromText/BlackBoxTest/Guid.c ...
411/970 files checked 27% done
Checking edk2-test/uefi-sct/SctPkg/TestCase/UEFI/EFI/Protocol/DevicePathToText/BlackBoxTest/DevicePathToTextBBTestConformance.c ...
412/970 files checked 27% done
Checking edk2-test/uefi-sct/SctPkg/TestCase/UEFI/EFI/Protocol/DevicePathToText/BlackBoxTest/DevicePathToTextBBTestCoverage.c ...
413/970 files checked 28% done
Checking edk2-test/uefi-sct/SctPkg/TestCase/UEFI/EFI/Protocol/DevicePathToText/BlackBoxTest/DevicePathToTextBBTestFunction.c ...
414/970 files checked 28% done
Checking edk2-test/uefi-sct/SctPkg/TestCase/UEFI/EFI/Protocol/DevicePathToText/BlackBoxTest/DevicePathToTextBBTestMain.c ...
415/970 files checked 28% done
Checking edk2-test/uefi-sct/SctPkg/TestCase/UEFI/EFI/Protocol/DevicePathToText/BlackBoxTest/Guid.c ...
416/970 files checked 28% done
Checking edk2-test/uefi-sct/SctPkg/TestCase/UEFI/EFI/Protocol/DevicePathUtilities/BlackBoxTest/DevicePathUtilitiesBBTestConformance.c ...
Checking edk2-test/uefi-sct/SctPkg/TestCase/UEFI/EFI/Protocol/DevicePathUtilities/BlackBoxTest/DevicePathUtilitiesBBTestConformance.c: EFIARM...
417/970 files checked 28% done
Checking edk2-test/uefi-sct/SctPkg/TestCase/UEFI/EFI/Protocol/DevicePathUtilities/BlackBoxTest/DevicePathUtilitiesBBTestFunction.c ...
Checking edk2-test/uefi-sct/SctPkg/TestCase/UEFI/EFI/Protocol/DevicePathUtilities/BlackBoxTest/DevicePathUtilitiesBBTestFunction.c: EFIARM...
418/970 files checked 29% done
Checking edk2-test/uefi-sct/SctPkg/TestCase/UEFI/EFI/Protocol/DevicePathUtilities/BlackBoxTest/DevicePathUtilitiesBBTestMain.c ...
Checking edk2-test/uefi-sct/SctPkg/TestCase/UEFI/EFI/Protocol/DevicePathUtilities/BlackBoxTest/DevicePathUtilitiesBBTestMain.c: EFIARM...
419/970 files checked 29% done
Checking edk2-test/uefi-sct/SctPkg/TestCase/UEFI/EFI/Protocol/DevicePathUtilities/BlackBoxTest/Guid.c ...
420/970 files checked 29% done
Checking edk2-test/uefi-sct/SctPkg/TestCase/UEFI/EFI/Protocol/DiskIo/BlackBoxTest/DiskIoBBTestConformance.c ...
421/970 files checked 29% done
Checking edk2-test/uefi-sct/SctPkg/TestCase/UEFI/EFI/Protocol/DiskIo/BlackBoxTest/DiskIoBBTestFunction.c ...
422/970 files checked 29% done
Checking edk2-test/uefi-sct/SctPkg/TestCase/UEFI/EFI/Protocol/DiskIo/BlackBoxTest/DiskIoBBTestMain.c ...
Checking edk2-test/uefi-sct/SctPkg/TestCase/UEFI/EFI/Protocol/DiskIo/BlackBoxTest/DiskIoBBTestMain.c: EFI_TEST_EXHAUSTIVE...
423/970 files checked 29% done
Checking edk2-test/uefi-sct/SctPkg/TestCase/UEFI/EFI/Protocol/DiskIo/BlackBoxTest/DiskIoBBTestStress.c ...
424/970 files checked 29% done
Checking edk2-test/uefi-sct/SctPkg/TestCase/UEFI/EFI/Protocol/DiskIo/BlackBoxTest/Guid.c ...
425/970 files checked 29% done
Checking edk2-test/uefi-sct/SctPkg/TestCase/UEFI/EFI/Protocol/DiskIo2/BlackBoxTest/DiskIo2BBTestConformance.c ...
426/970 files checked 29% done
Checking edk2-test/uefi-sct/SctPkg/TestCase/UEFI/EFI/Protocol/DiskIo2/BlackBoxTest/DiskIo2BBTestFunction_Flush.c ...
427/970 files checked 30% done
Checking edk2-test/uefi-sct/SctPkg/TestCase/UEFI/EFI/Protocol/DiskIo2/BlackBoxTest/DiskIo2BBTestFunction_Read.c ...
428/970 files checked 30% done
Checking edk2-test/uefi-sct/SctPkg/TestCase/UEFI/EFI/Protocol/DiskIo2/BlackBoxTest/DiskIo2BBTestFunction_Write.c ...
429/970 files checked 30% done
Checking edk2-test/uefi-sct/SctPkg/TestCase/UEFI/EFI/Protocol/DiskIo2/BlackBoxTest/DiskIo2BBTestMain.c ...
430/970 files checked 30% done
Checking edk2-test/uefi-sct/SctPkg/TestCase/UEFI/EFI/Protocol/DiskIo2/BlackBoxTest/Guid.c ...
431/970 files checked 30% done
Checking edk2-test/uefi-sct/SctPkg/TestCase/UEFI/EFI/Protocol/DriverConfiguration/BlackBoxTest/DriverConfigurationBBTestConformance.c ...
432/970 files checked 30% done
Checking edk2-test/uefi-sct/SctPkg/TestCase/UEFI/EFI/Protocol/DriverConfiguration/BlackBoxTest/DriverConfigurationBBTestMain.c ...
Checking edk2-test/uefi-sct/SctPkg/TestCase/UEFI/EFI/Protocol/DriverConfiguration/BlackBoxTest/DriverConfigurationBBTestMain.c: EFI_TEST_EXHAUSTIVE...
433/970 files checked 30% done
Checking edk2-test/uefi-sct/SctPkg/TestCase/UEFI/EFI/Protocol/DriverConfiguration/BlackBoxTest/Guid.c ...
434/970 files checked 30% done
Checking edk2-test/uefi-sct/SctPkg/TestCase/UEFI/EFI/Protocol/DriverDiagnostics/BlackBoxTest/DriverDiagnosticsBBTestConformance.c ...
435/970 files checked 31% done
Checking edk2-test/uefi-sct/SctPkg/TestCase/UEFI/EFI/Protocol/DriverDiagnostics/BlackBoxTest/DriverDiagnosticsBBTestMain.c ...
Checking edk2-test/uefi-sct/SctPkg/TestCase/UEFI/EFI/Protocol/DriverDiagnostics/BlackBoxTest/DriverDiagnosticsBBTestMain.c: EFI_TEST_EXHAUSTIVE...
436/970 files checked 31% done
Checking edk2-test/uefi-sct/SctPkg/TestCase/UEFI/EFI/Protocol/DriverDiagnostics/BlackBoxTest/Guid.c ...
437/970 files checked 31% done
Checking edk2-test/uefi-sct/SctPkg/TestCase/UEFI/EFI/Protocol/DriverDiagnostics2/BlackBoxTest/DriverDiagnostics2BBTestConformance.c ...
edk2-test/uefi-sct/SctPkg/TestCase/UEFI/EFI/Protocol/DriverDiagnostics2/BlackBoxTest/DriverDiagnostics2BBTestConformance.c:493:13: error: Uninitialized variable: Lang [uninitvar]
     while (Lang[0] != '\0'){
            ^
438/970 files checked 31% done
Checking edk2-test/uefi-sct/SctPkg/TestCase/UEFI/EFI/Protocol/DriverDiagnostics2/BlackBoxTest/DriverDiagnostics2BBTestFunction.c ...
edk2-test/uefi-sct/SctPkg/TestCase/UEFI/EFI/Protocol/DriverDiagnostics2/BlackBoxTest/DriverDiagnostics2BBTestFunction.c:319:12: error: Uninitialized variable: Lang [uninitvar]
    while (Lang[0] !='\0') {
           ^
edk2-test/uefi-sct/SctPkg/TestCase/UEFI/EFI/Protocol/DriverDiagnostics2/BlackBoxTest/DriverDiagnostics2BBTestFunction.c:620:12: error: Uninitialized variable: Lang [uninitvar]
    while (Lang[0] !='\0') {
           ^
439/970 files checked 31% done
Checking edk2-test/uefi-sct/SctPkg/TestCase/UEFI/EFI/Protocol/DriverDiagnostics2/BlackBoxTest/DriverDiagnostics2BBTestMain.c ...
440/970 files checked 31% done
Checking edk2-test/uefi-sct/SctPkg/TestCase/UEFI/EFI/Protocol/DriverDiagnostics2/BlackBoxTest/Guid.c ...
441/970 files checked 31% done
Checking edk2-test/uefi-sct/SctPkg/TestCase/UEFI/EFI/Protocol/DriverSupportedEfiVersion/BlackBoxTest/DriverSupportedEfiVersionBBTestFunction.c ...
442/970 files checked 31% done
Checking edk2-test/uefi-sct/SctPkg/TestCase/UEFI/EFI/Protocol/DriverSupportedEfiVersion/BlackBoxTest/DriverSupportedEfiVersionBBTestMain.c ...
443/970 files checked 31% done
Checking edk2-test/uefi-sct/SctPkg/TestCase/UEFI/EFI/Protocol/DriverSupportedEfiVersion/BlackBoxTest/Guid.c ...
444/970 files checked 31% done
Checking edk2-test/uefi-sct/SctPkg/TestCase/UEFI/EFI/Protocol/Ebc/BlackBoxTest/EbcBBTestConformance.c ...
445/970 files checked 31% done
Checking edk2-test/uefi-sct/SctPkg/TestCase/UEFI/EFI/Protocol/Ebc/BlackBoxTest/EbcBBTestFunction.c ...
446/970 files checked 31% done
Checking edk2-test/uefi-sct/SctPkg/TestCase/UEFI/EFI/Protocol/Ebc/BlackBoxTest/EbcBBTestMain.c ...
Checking edk2-test/uefi-sct/SctPkg/TestCase/UEFI/EFI/Protocol/Ebc/BlackBoxTest/EbcBBTestMain.c: EFI_TEST_EXHAUSTIVE...
447/970 files checked 31% done
Checking edk2-test/uefi-sct/SctPkg/TestCase/UEFI/EFI/Protocol/Ebc/BlackBoxTest/Guid.c ...
448/970 files checked 31% done
Checking edk2-test/uefi-sct/SctPkg/TestCase/UEFI/EFI/Protocol/EraseBlock/BlackBoxTest/EraseBlockBBTestConformance.c ...
449/970 files checked 31% done
Checking edk2-test/uefi-sct/SctPkg/TestCase/UEFI/EFI/Protocol/EraseBlock/BlackBoxTest/EraseBlockBBTestFunction.c ...
450/970 files checked 31% done
Checking edk2-test/uefi-sct/SctPkg/TestCase/UEFI/EFI/Protocol/EraseBlock/BlackBoxTest/EraseBlockBBTestMain.c ...
451/970 files checked 31% done
Checking edk2-test/uefi-sct/SctPkg/TestCase/UEFI/EFI/Protocol/EraseBlock/BlackBoxTest/Guid.c ...
452/970 files checked 31% done
Checking edk2-test/uefi-sct/SctPkg/TestCase/UEFI/EFI/Protocol/ExtScsiPassThru/BlackBoxTest/ExtScsiPassThruBBTestConformance.c ...
453/970 files checked 32% done
Checking edk2-test/uefi-sct/SctPkg/TestCase/UEFI/EFI/Protocol/ExtScsiPassThru/BlackBoxTest/ExtScsiPassThruBBTestFunction.c ...
454/970 files checked 32% done
Checking edk2-test/uefi-sct/SctPkg/TestCase/UEFI/EFI/Protocol/ExtScsiPassThru/BlackBoxTest/ExtScsiPassThruBBTestMain.c ...
455/970 files checked 32% done
Checking edk2-test/uefi-sct/SctPkg/TestCase/UEFI/EFI/Protocol/ExtScsiPassThru/BlackBoxTest/Guid.c ...
456/970 files checked 32% done
Checking edk2-test/uefi-sct/SctPkg/TestCase/UEFI/EFI/Protocol/FirmwareManagement/BlackBoxTest/FirmwareManagementBBTestConformance.c ...
457/970 files checked 32% done
Checking edk2-test/uefi-sct/SctPkg/TestCase/UEFI/EFI/Protocol/FirmwareManagement/BlackBoxTest/FirmwareManagementBBTestFunction.c ...
458/970 files checked 32% done
Checking edk2-test/uefi-sct/SctPkg/TestCase/UEFI/EFI/Protocol/FirmwareManagement/BlackBoxTest/FirmwareManagementBBTestMain.c ...
459/970 files checked 32% done
Checking edk2-test/uefi-sct/SctPkg/TestCase/UEFI/EFI/Protocol/FirmwareManagement/BlackBoxTest/Guid.c ...
460/970 files checked 32% done
Checking edk2-test/uefi-sct/SctPkg/TestCase/UEFI/EFI/Protocol/GraphicsOutput/BlackBoxTest/GraphicsOutputBBTestConformance.c ...
461/970 files checked 33% done
Checking edk2-test/uefi-sct/SctPkg/TestCase/UEFI/EFI/Protocol/GraphicsOutput/BlackBoxTest/GraphicsOutputBBTestFunction.c ...
462/970 files checked 33% done
Checking edk2-test/uefi-sct/SctPkg/TestCase/UEFI/EFI/Protocol/GraphicsOutput/BlackBoxTest/GraphicsOutputBBTestMain.c ...
Checking edk2-test/uefi-sct/SctPkg/TestCase/UEFI/EFI/Protocol/GraphicsOutput/BlackBoxTest/GraphicsOutputBBTestMain.c: EFI_TEST_EXHAUSTIVE...
463/970 files checked 33% done
Checking edk2-test/uefi-sct/SctPkg/TestCase/UEFI/EFI/Protocol/GraphicsOutput/BlackBoxTest/GraphicsOutputBBTestStress.c ...
464/970 files checked 33% done
Checking edk2-test/uefi-sct/SctPkg/TestCase/UEFI/EFI/Protocol/GraphicsOutput/BlackBoxTest/GraphicsOutputBBTestSupport.c ...
465/970 files checked 33% done
Checking edk2-test/uefi-sct/SctPkg/TestCase/UEFI/EFI/Protocol/HIIConfigAccess/BlackBoxTest/Guid.c ...
466/970 files checked 33% done
Checking edk2-test/uefi-sct/SctPkg/TestCase/UEFI/EFI/Protocol/HIIConfigAccess/BlackBoxTest/HIIConfigAccessBBTestConformance.c ...
467/970 files checked 34% done
Checking edk2-test/uefi-sct/SctPkg/TestCase/UEFI/EFI/Protocol/HIIConfigAccess/BlackBoxTest/HIIConfigAccessBBTestFunction.c ...
468/970 files checked 34% done
Checking edk2-test/uefi-sct/SctPkg/TestCase/UEFI/EFI/Protocol/HIIConfigAccess/BlackBoxTest/HIIConfigAccessBBTestMain.c ...
469/970 files checked 34% done
Checking edk2-test/uefi-sct/SctPkg/TestCase/UEFI/EFI/Protocol/HIIConfigRouting/BlackBoxTest/Guid.c ...
470/970 files checked 34% done
Checking edk2-test/uefi-sct/SctPkg/TestCase/UEFI/EFI/Protocol/HIIConfigRouting/BlackBoxTest/HIIConfigRoutingBBTestConformance.c ...
471/970 files checked 34% done
Checking edk2-test/uefi-sct/SctPkg/TestCase/UEFI/EFI/Protocol/HIIConfigRouting/BlackBoxTest/HIIConfigRoutingBBTestFunction.c ...
472/970 files checked 34% done
Checking edk2-test/uefi-sct/SctPkg/TestCase/UEFI/EFI/Protocol/HIIConfigRouting/BlackBoxTest/HIIConfigRoutingBBTestMain.c ...
473/970 files checked 34% done
Checking edk2-test/uefi-sct/SctPkg/TestCase/UEFI/EFI/Protocol/HIIDatabase/BlackBoxTest/Guid.c ...
474/970 files checked 34% done
Checking edk2-test/uefi-sct/SctPkg/TestCase/UEFI/EFI/Protocol/HIIDatabase/BlackBoxTest/HIIDatabaseBBTestConformance.c ...
475/970 files checked 35% done
Checking edk2-test/uefi-sct/SctPkg/TestCase/UEFI/EFI/Protocol/HIIDatabase/BlackBoxTest/HIIDatabaseBBTestFunction.c ...
476/970 files checked 35% done
Checking edk2-test/uefi-sct/SctPkg/TestCase/UEFI/EFI/Protocol/HIIDatabase/BlackBoxTest/HIIDatabaseBBTestMain.c ...
477/970 files checked 35% done
Checking edk2-test/uefi-sct/SctPkg/TestCase/UEFI/EFI/Protocol/HIIDatabase/BlackBoxTest/HIIPackageListImage.c ...
478/970 files checked 35% done
Checking edk2-test/uefi-sct/SctPkg/TestCase/UEFI/EFI/Protocol/HIIFont/BlackBoxTest/Guid.c ...
479/970 files checked 35% done
Checking edk2-test/uefi-sct/SctPkg/TestCase/UEFI/EFI/Protocol/HIIFont/BlackBoxTest/HIIFontBBTestConformance.c ...
480/970 files checked 35% done
Checking edk2-test/uefi-sct/SctPkg/TestCase/UEFI/EFI/Protocol/HIIFont/BlackBoxTest/HIIFontBBTestFunction.c ...
481/970 files checked 35% done
Checking edk2-test/uefi-sct/SctPkg/TestCase/UEFI/EFI/Protocol/HIIFont/BlackBoxTest/HIIFontBBTestMain.c ...
482/970 files checked 35% done
Checking edk2-test/uefi-sct/SctPkg/TestCase/UEFI/EFI/Protocol/HIIFont/BlackBoxTest/HIIPackageListImage.c ...
483/970 files checked 35% done
Checking edk2-test/uefi-sct/SctPkg/TestCase/UEFI/EFI/Protocol/HIIFontEx/BlackBoxTest/Guid.c ...
484/970 files checked 36% done
Checking edk2-test/uefi-sct/SctPkg/TestCase/UEFI/EFI/Protocol/HIIFontEx/BlackBoxTest/HIIFontExBBTestConformance.c ...
485/970 files checked 36% done
Checking edk2-test/uefi-sct/SctPkg/TestCase/UEFI/EFI/Protocol/HIIFontEx/BlackBoxTest/HIIFontExBBTestFunction.c ...
486/970 files checked 36% done
Checking edk2-test/uefi-sct/SctPkg/TestCase/UEFI/EFI/Protocol/HIIFontEx/BlackBoxTest/HIIFontExBBTestMain.c ...
487/970 files checked 36% done
Checking edk2-test/uefi-sct/SctPkg/TestCase/UEFI/EFI/Protocol/HIIFontEx/BlackBoxTest/HIIPackageListImage.c ...
488/970 files checked 36% done
Checking edk2-test/uefi-sct/SctPkg/TestCase/UEFI/EFI/Protocol/HIIImage/BlackBoxTest/Guid.c ...
489/970 files checked 36% done
Checking edk2-test/uefi-sct/SctPkg/TestCase/UEFI/EFI/Protocol/HIIImage/BlackBoxTest/HIIImageBBTestConformance.c ...
490/970 files checked 37% done
Checking edk2-test/uefi-sct/SctPkg/TestCase/UEFI/EFI/Protocol/HIIImage/BlackBoxTest/HIIImageBBTestFunction.c ...
491/970 files checked 37% done
Checking edk2-test/uefi-sct/SctPkg/TestCase/UEFI/EFI/Protocol/HIIImage/BlackBoxTest/HIIImageBBTestMain.c ...
492/970 files checked 37% done
Checking edk2-test/uefi-sct/SctPkg/TestCase/UEFI/EFI/Protocol/HIIImage/BlackBoxTest/HIIPackageListImage.c ...
493/970 files checked 37% done
Checking edk2-test/uefi-sct/SctPkg/TestCase/UEFI/EFI/Protocol/HIIImageEx/BlackBoxTest/Guid.c ...
494/970 files checked 37% done
Checking edk2-test/uefi-sct/SctPkg/TestCase/UEFI/EFI/Protocol/HIIImageEx/BlackBoxTest/HIIImageExBBTestConformance.c ...
495/970 files checked 37% done
Checking edk2-test/uefi-sct/SctPkg/TestCase/UEFI/EFI/Protocol/HIIImageEx/BlackBoxTest/HIIImageExBBTestFunction.c ...
496/970 files checked 37% done
Checking edk2-test/uefi-sct/SctPkg/TestCase/UEFI/EFI/Protocol/HIIImageEx/BlackBoxTest/HIIImageExBBTestMain.c ...
497/970 files checked 37% done
Checking edk2-test/uefi-sct/SctPkg/TestCase/UEFI/EFI/Protocol/HIIImageEx/BlackBoxTest/HIIPackageListImage.c ...
498/970 files checked 37% done
Checking edk2-test/uefi-sct/SctPkg/TestCase/UEFI/EFI/Protocol/HIIString/BlackBoxTest/Guid.c ...
499/970 files checked 37% done
Checking edk2-test/uefi-sct/SctPkg/TestCase/UEFI/EFI/Protocol/HIIString/BlackBoxTest/HIIPackageListImage.c ...
500/970 files checked 37% done
Checking edk2-test/uefi-sct/SctPkg/TestCase/UEFI/EFI/Protocol/HIIString/BlackBoxTest/HIIStringBBTestConformance.c ...
501/970 files checked 38% done
Checking edk2-test/uefi-sct/SctPkg/TestCase/UEFI/EFI/Protocol/HIIString/BlackBoxTest/HIIStringBBTestFunction.c ...
502/970 files checked 38% done
Checking edk2-test/uefi-sct/SctPkg/TestCase/UEFI/EFI/Protocol/HIIString/BlackBoxTest/HIIStringBBTestMain.c ...
503/970 files checked 38% done
Checking edk2-test/uefi-sct/SctPkg/TestCase/UEFI/EFI/Protocol/Hash2/BlackBoxTest/Guid.c ...
504/970 files checked 38% done
Checking edk2-test/uefi-sct/SctPkg/TestCase/UEFI/EFI/Protocol/Hash2/BlackBoxTest/Hash2BBTestConformance.c ...
505/970 files checked 38% done
Checking edk2-test/uefi-sct/SctPkg/TestCase/UEFI/EFI/Protocol/Hash2/BlackBoxTest/Hash2BBTestFunction.c ...
506/970 files checked 38% done
Checking edk2-test/uefi-sct/SctPkg/TestCase/UEFI/EFI/Protocol/Hash2/BlackBoxTest/Hash2BBTestMain.c ...
507/970 files checked 38% done
Checking edk2-test/uefi-sct/SctPkg/TestCase/UEFI/EFI/Protocol/IPsec2/BlackBoxTest/Guid.c ...
508/970 files checked 38% done
Checking edk2-test/uefi-sct/SctPkg/TestCase/UEFI/EFI/Protocol/IPsec2/BlackBoxTest/IPsec2BBTestConformance.c ...
509/970 files checked 38% done
Checking edk2-test/uefi-sct/SctPkg/TestCase/UEFI/EFI/Protocol/IPsec2/BlackBoxTest/IPsec2BBTestFunction.c ...
510/970 files checked 39% done
Checking edk2-test/uefi-sct/SctPkg/TestCase/UEFI/EFI/Protocol/IPsec2/BlackBoxTest/IPsec2BBTestMain.c ...
511/970 files checked 39% done
Checking edk2-test/uefi-sct/SctPkg/TestCase/UEFI/EFI/Protocol/IPsec2/BlackBoxTest/IPsecConfigDataIp4Transport.c ...
512/970 files checked 39% done
Checking edk2-test/uefi-sct/SctPkg/TestCase/UEFI/EFI/Protocol/IPsec2/BlackBoxTest/IPsecConfigDataIp4Tunnel.c ...
513/970 files checked 39% done
Checking edk2-test/uefi-sct/SctPkg/TestCase/UEFI/EFI/Protocol/IPsec2/BlackBoxTest/IPsecConfigDataIp6Transport.c ...
514/970 files checked 39% done
Checking edk2-test/uefi-sct/SctPkg/TestCase/UEFI/EFI/Protocol/IPsec2/BlackBoxTest/IPsecConfigDataIp6Tunnel.c ...
515/970 files checked 39% done
Checking edk2-test/uefi-sct/SctPkg/TestCase/UEFI/EFI/Protocol/IPsec2/BlackBoxTest/Ip4Packet.c ...
516/970 files checked 39% done
Checking edk2-test/uefi-sct/SctPkg/TestCase/UEFI/EFI/Protocol/IPsec2/BlackBoxTest/Ip6Packet.c ...
517/970 files checked 39% done
Checking edk2-test/uefi-sct/SctPkg/TestCase/UEFI/EFI/Protocol/IPsecConfig/BlackBoxTest/Guid.c ...
518/970 files checked 39% done
Checking edk2-test/uefi-sct/SctPkg/TestCase/UEFI/EFI/Protocol/IPsecConfig/BlackBoxTest/IPsecConfigBBTestConformance.c ...
519/970 files checked 39% done
Checking edk2-test/uefi-sct/SctPkg/TestCase/UEFI/EFI/Protocol/IPsecConfig/BlackBoxTest/IPsecConfigBBTestFunction.c ...
520/970 files checked 40% done
Checking edk2-test/uefi-sct/SctPkg/TestCase/UEFI/EFI/Protocol/IPsecConfig/BlackBoxTest/IPsecConfigBBTestMain.c ...
521/970 files checked 40% done
Checking edk2-test/uefi-sct/SctPkg/TestCase/UEFI/EFI/Protocol/LoadFile/BlackBoxTest/Guid.c ...
522/970 files checked 40% done
Checking edk2-test/uefi-sct/SctPkg/TestCase/UEFI/EFI/Protocol/LoadFile/BlackBoxTest/LoadFileBBTestMain.c ...
Checking edk2-test/uefi-sct/SctPkg/TestCase/UEFI/EFI/Protocol/LoadFile/BlackBoxTest/LoadFileBBTestMain.c: EFI_TEST_EXHAUSTIVE...
523/970 files checked 40% done
Checking edk2-test/uefi-sct/SctPkg/TestCase/UEFI/EFI/Protocol/LoadedImage/BlackBoxTest/Dependency/Application1/Application1.c ...
524/970 files checked 40% done
Checking edk2-test/uefi-sct/SctPkg/TestCase/UEFI/EFI/Protocol/LoadedImage/BlackBoxTest/Dependency/Application2/Application2.c ...
525/970 files checked 40% done
Checking edk2-test/uefi-sct/SctPkg/TestCase/UEFI/EFI/Protocol/LoadedImage/BlackBoxTest/Dependency/BootServicesDriver1/BootServicesDriver1.c ...
526/970 files checked 40% done
Checking edk2-test/uefi-sct/SctPkg/TestCase/UEFI/EFI/Protocol/LoadedImage/BlackBoxTest/Dependency/BootServicesDriver2/BootServicesDriver2.c ...
527/970 files checked 40% done
Checking edk2-test/uefi-sct/SctPkg/TestCase/UEFI/EFI/Protocol/LoadedImage/BlackBoxTest/Dependency/RuntimeServicesDriver1/RuntimeServicesDriver1.c ...
528/970 files checked 40% done
Checking edk2-test/uefi-sct/SctPkg/TestCase/UEFI/EFI/Protocol/LoadedImage/BlackBoxTest/Dependency/RuntimeServicesDriver2/RuntimeServicesDriver2.c ...
529/970 files checked 40% done
Checking edk2-test/uefi-sct/SctPkg/TestCase/UEFI/EFI/Protocol/LoadedImage/BlackBoxTest/Guid.c ...
530/970 files checked 40% done
Checking edk2-test/uefi-sct/SctPkg/TestCase/UEFI/EFI/Protocol/LoadedImage/BlackBoxTest/LoadedImageBBTestMain.c ...
531/970 files checked 40% done
Checking edk2-test/uefi-sct/SctPkg/TestCase/UEFI/EFI/Protocol/LoadedImage/BlackBoxTest/LoadedImageBBTestProtocolDefinition.c ...
532/970 files checked 40% done
Checking edk2-test/uefi-sct/SctPkg/TestCase/UEFI/EFI/Protocol/NVMEPassThru/BlackBoxTest/Guid.c ...
533/970 files checked 40% done
Checking edk2-test/uefi-sct/SctPkg/TestCase/UEFI/EFI/Protocol/NVMEPassThru/BlackBoxTest/NVMEPassThruBBTestConformance.c ...
534/970 files checked 40% done
Checking edk2-test/uefi-sct/SctPkg/TestCase/UEFI/EFI/Protocol/NVMEPassThru/BlackBoxTest/NVMEPassThruBBTestFunction.c ...
535/970 files checked 40% done
Checking edk2-test/uefi-sct/SctPkg/TestCase/UEFI/EFI/Protocol/NVMEPassThru/BlackBoxTest/NVMEPassThruBBTestMain.c ...
536/970 files checked 40% done
Checking edk2-test/uefi-sct/SctPkg/TestCase/UEFI/EFI/Protocol/PKCS7Verify/BlackBoxTest/Guid.c ...
537/970 files checked 40% done
Checking edk2-test/uefi-sct/SctPkg/TestCase/UEFI/EFI/Protocol/PKCS7Verify/BlackBoxTest/Pkcs7BBTestConformance.c ...
538/970 files checked 40% done
Checking edk2-test/uefi-sct/SctPkg/TestCase/UEFI/EFI/Protocol/PKCS7Verify/BlackBoxTest/Pkcs7BBTestData.c ...
539/970 files checked 40% done
Checking edk2-test/uefi-sct/SctPkg/TestCase/UEFI/EFI/Protocol/PKCS7Verify/BlackBoxTest/Pkcs7BBTestFunction.c ...
540/970 files checked 40% done
Checking edk2-test/uefi-sct/SctPkg/TestCase/UEFI/EFI/Protocol/PKCS7Verify/BlackBoxTest/Pkcs7BBTestMain.c ...
541/970 files checked 41% done
Checking edk2-test/uefi-sct/SctPkg/TestCase/UEFI/EFI/Protocol/PartitionInfo/BlackBoxTest/Guid.c ...
542/970 files checked 41% done
Checking edk2-test/uefi-sct/SctPkg/TestCase/UEFI/EFI/Protocol/PartitionInfo/BlackBoxTest/PartitionInfoBBTestFunction.c ...
543/970 files checked 41% done
Checking edk2-test/uefi-sct/SctPkg/TestCase/UEFI/EFI/Protocol/PartitionInfo/BlackBoxTest/PartitionInfoBBTestMain.c ...
544/970 files checked 41% done
Checking edk2-test/uefi-sct/SctPkg/TestCase/UEFI/EFI/Protocol/PciIo/BlackBoxTest/Dependency/MakeConfigWritable/Basefunc.c ...
545/970 files checked 41% done
Checking edk2-test/uefi-sct/SctPkg/TestCase/UEFI/EFI/Protocol/PciIo/BlackBoxTest/Dependency/MakeConfigWritable/Main.c ...
546/970 files checked 41% done
Checking edk2-test/uefi-sct/SctPkg/TestCase/UEFI/EFI/Protocol/PciIo/BlackBoxTest/Dependency/MakeConfigWritable/MakeConfigWritable.c ...
547/970 files checked 41% done
Checking edk2-test/uefi-sct/SctPkg/TestCase/UEFI/EFI/Protocol/PciIo/BlackBoxTest/Dependency/MakeConfigWritable/Search.c ...
548/970 files checked 41% done
Checking edk2-test/uefi-sct/SctPkg/TestCase/UEFI/EFI/Protocol/PciIo/BlackBoxTest/Guid.c ...
549/970 files checked 41% done
Checking edk2-test/uefi-sct/SctPkg/TestCase/UEFI/EFI/Protocol/PciIo/BlackBoxTest/PciIoBBTestConformance.c ...
550/970 files checked 42% done
Checking edk2-test/uefi-sct/SctPkg/TestCase/UEFI/EFI/Protocol/PciIo/BlackBoxTest/PciIoBBTestFunction_1.c ...
551/970 files checked 42% done
Checking edk2-test/uefi-sct/SctPkg/TestCase/UEFI/EFI/Protocol/PciIo/BlackBoxTest/PciIoBBTestFunction_2.c ...
552/970 files checked 43% done
Checking edk2-test/uefi-sct/SctPkg/TestCase/UEFI/EFI/Protocol/PciIo/BlackBoxTest/PciIoBBTestMain.c ...
Checking edk2-test/uefi-sct/SctPkg/TestCase/UEFI/EFI/Protocol/PciIo/BlackBoxTest/PciIoBBTestMain.c: EFI_TEST_EXHAUSTIVE...
553/970 files checked 43% done
Checking edk2-test/uefi-sct/SctPkg/TestCase/UEFI/EFI/Protocol/PciIo/BlackBoxTest/PciIoBBTestStress.c ...
554/970 files checked 43% done
Checking edk2-test/uefi-sct/SctPkg/TestCase/UEFI/EFI/Protocol/PciIo/BlackBoxTest/PciIoBBTestSupport.c ...
555/970 files checked 43% done
Checking edk2-test/uefi-sct/SctPkg/TestCase/UEFI/EFI/Protocol/PciRootBridgeIo/BlackBoxTest/Guid.c ...
556/970 files checked 43% done
Checking edk2-test/uefi-sct/SctPkg/TestCase/UEFI/EFI/Protocol/PciRootBridgeIo/BlackBoxTest/PciRootBridgeIoBBTestConformance.c ...
557/970 files checked 44% done
Checking edk2-test/uefi-sct/SctPkg/TestCase/UEFI/EFI/Protocol/PciRootBridgeIo/BlackBoxTest/PciRootBridgeIoBBTestFunction_1.c ...
558/970 files checked 44% done
Checking edk2-test/uefi-sct/SctPkg/TestCase/UEFI/EFI/Protocol/PciRootBridgeIo/BlackBoxTest/PciRootBridgeIoBBTestFunction_2.c ...
559/970 files checked 45% done
Checking edk2-test/uefi-sct/SctPkg/TestCase/UEFI/EFI/Protocol/PciRootBridgeIo/BlackBoxTest/PciRootBridgeIoBBTestMain.c ...
Checking edk2-test/uefi-sct/SctPkg/TestCase/UEFI/EFI/Protocol/PciRootBridgeIo/BlackBoxTest/PciRootBridgeIoBBTestMain.c: EFI_TEST_EXHAUSTIVE...
560/970 files checked 45% done
Checking edk2-test/uefi-sct/SctPkg/TestCase/UEFI/EFI/Protocol/PciRootBridgeIo/BlackBoxTest/PciRootBridgeIoBBTestStress.c ...
561/970 files checked 45% done
Checking edk2-test/uefi-sct/SctPkg/TestCase/UEFI/EFI/Protocol/PciRootBridgeIo/BlackBoxTest/PciRootBridgeIoBBTestSupport.c ...
562/970 files checked 45% done
Checking edk2-test/uefi-sct/SctPkg/TestCase/UEFI/EFI/Protocol/PlatformDriverOverride/BlackBoxTest/Guid.c ...
563/970 files checked 45% done
Checking edk2-test/uefi-sct/SctPkg/TestCase/UEFI/EFI/Protocol/PlatformDriverOverride/BlackBoxTest/PlatformDriverOverrideBBTestConformance.c ...
564/970 files checked 45% done
Checking edk2-test/uefi-sct/SctPkg/TestCase/UEFI/EFI/Protocol/PlatformDriverOverride/BlackBoxTest/PlatformDriverOverrideBBTestFunction.c ...
565/970 files checked 45% done
Checking edk2-test/uefi-sct/SctPkg/TestCase/UEFI/EFI/Protocol/PlatformDriverOverride/BlackBoxTest/PlatformDriverOverrideBBTestMain.c ...
566/970 files checked 46% done
Checking edk2-test/uefi-sct/SctPkg/TestCase/UEFI/EFI/Protocol/PlatformToDriverConfiguration/BlackBoxTest/ConfigureClpParameterBlkBBTestFunction.c ...
567/970 files checked 46% done
Checking edk2-test/uefi-sct/SctPkg/TestCase/UEFI/EFI/Protocol/PlatformToDriverConfiguration/BlackBoxTest/Guid.c ...
568/970 files checked 46% done
Checking edk2-test/uefi-sct/SctPkg/TestCase/UEFI/EFI/Protocol/PlatformToDriverConfiguration/BlackBoxTest/PlatformToDriverConfigurationBBTestConformance.c ...
edk2-test/uefi-sct/SctPkg/TestCase/UEFI/EFI/Protocol/PlatformToDriverConfiguration/BlackBoxTest/PlatformToDriverConfigurationBBTestConformance.c:92:4: error: Null pointer dereference: ParameterClpBlockSize [nullPointer]
  *ParameterClpBlockSize = sizeof( EFI_CONFIGURE_CLP_PARAMETER_BLK );
   ^
edk2-test/uefi-sct/SctPkg/TestCase/UEFI/EFI/Protocol/PlatformToDriverConfiguration/BlackBoxTest/PlatformToDriverConfigurationBBTestConformance.c:60:73: note: Assignment 'ParameterClpBlockSize=NULL', assigned value is 0
  UINTN                                          *ParameterClpBlockSize=NULL;
                                                                        ^
edk2-test/uefi-sct/SctPkg/TestCase/UEFI/EFI/Protocol/PlatformToDriverConfiguration/BlackBoxTest/PlatformToDriverConfigurationBBTestConformance.c:72:16: note: Assuming condition is false
  if (EFI_ERROR(Status)) {
               ^
edk2-test/uefi-sct/SctPkg/TestCase/UEFI/EFI/Protocol/PlatformToDriverConfiguration/BlackBoxTest/PlatformToDriverConfigurationBBTestConformance.c:92:4: note: Null pointer dereference
  *ParameterClpBlockSize = sizeof( EFI_CONFIGURE_CLP_PARAMETER_BLK );
   ^
edk2-test/uefi-sct/SctPkg/TestCase/UEFI/EFI/Protocol/PlatformToDriverConfiguration/BlackBoxTest/PlatformToDriverConfigurationBBTestConformance.c:94:53: error: Null pointer dereference: ParameterClpBlockSize [nullPointer]
  Status = gtBS->AllocatePool (EfiBootServicesData,*ParameterClpBlockSize,(VOID **)&ParameterClpBlock);
                                                    ^
edk2-test/uefi-sct/SctPkg/TestCase/UEFI/EFI/Protocol/PlatformToDriverConfiguration/BlackBoxTest/PlatformToDriverConfigurationBBTestConformance.c:60:73: note: Assignment 'ParameterClpBlockSize=NULL', assigned value is 0
  UINTN                                          *ParameterClpBlockSize=NULL;
                                                                        ^
edk2-test/uefi-sct/SctPkg/TestCase/UEFI/EFI/Protocol/PlatformToDriverConfiguration/BlackBoxTest/PlatformToDriverConfigurationBBTestConformance.c:72:16: note: Assuming condition is false
  if (EFI_ERROR(Status)) {
               ^
edk2-test/uefi-sct/SctPkg/TestCase/UEFI/EFI/Protocol/PlatformToDriverConfiguration/BlackBoxTest/PlatformToDriverConfigurationBBTestConformance.c:94:53: note: Null pointer dereference
  Status = gtBS->AllocatePool (EfiBootServicesData,*ParameterClpBlockSize,(VOID **)&ParameterClpBlock);
                                                    ^
edk2-test/uefi-sct/SctPkg/TestCase/UEFI/EFI/Protocol/PlatformToDriverConfiguration/BlackBoxTest/PlatformToDriverConfigurationBBTestConformance.c:333:4: error: Null pointer dereference: ParameterClpBlockSize [nullPointer]
  *ParameterClpBlockSize = sizeof( EFI_CONFIGURE_CLP_PARAMETER_BLK );
   ^
edk2-test/uefi-sct/SctPkg/TestCase/UEFI/EFI/Protocol/PlatformToDriverConfiguration/BlackBoxTest/PlatformToDriverConfigurationBBTestConformance.c:300:73: note: Assignment 'ParameterClpBlockSize=NULL', assigned value is 0
  UINTN                                          *ParameterClpBlockSize=NULL;
                                                                        ^
edk2-test/uefi-sct/SctPkg/TestCase/UEFI/EFI/Protocol/PlatformToDriverConfiguration/BlackBoxTest/PlatformToDriverConfigurationBBTestConformance.c:313:16: note: Assuming condition is false
  if (EFI_ERROR(Status)) {
               ^
edk2-test/uefi-sct/SctPkg/TestCase/UEFI/EFI/Protocol/PlatformToDriverConfiguration/BlackBoxTest/PlatformToDriverConfigurationBBTestConformance.c:333:4: note: Null pointer dereference
  *ParameterClpBlockSize = sizeof( EFI_CONFIGURE_CLP_PARAMETER_BLK );
   ^
edk2-test/uefi-sct/SctPkg/TestCase/UEFI/EFI/Protocol/PlatformToDriverConfiguration/BlackBoxTest/PlatformToDriverConfigurationBBTestConformance.c:335:53: error: Null pointer dereference: ParameterClpBlockSize [nullPointer]
  Status = gtBS->AllocatePool (EfiBootServicesData,*ParameterClpBlockSize,(VOID **)&ParameterClpBlock);
                                                    ^
edk2-test/uefi-sct/SctPkg/TestCase/UEFI/EFI/Protocol/PlatformToDriverConfiguration/BlackBoxTest/PlatformToDriverConfigurationBBTestConformance.c:300:73: note: Assignment 'ParameterClpBlockSize=NULL', assigned value is 0
  UINTN                                          *ParameterClpBlockSize=NULL;
                                                                        ^
edk2-test/uefi-sct/SctPkg/TestCase/UEFI/EFI/Protocol/PlatformToDriverConfiguration/BlackBoxTest/PlatformToDriverConfigurationBBTestConformance.c:313:16: note: Assuming condition is false
  if (EFI_ERROR(Status)) {
               ^
edk2-test/uefi-sct/SctPkg/TestCase/UEFI/EFI/Protocol/PlatformToDriverConfiguration/BlackBoxTest/PlatformToDriverConfigurationBBTestConformance.c:335:53: note: Null pointer dereference
  Status = gtBS->AllocatePool (EfiBootServicesData,*ParameterClpBlockSize,(VOID **)&ParameterClpBlock);
                                                    ^
569/970 files checked 46% done
Checking edk2-test/uefi-sct/SctPkg/TestCase/UEFI/EFI/Protocol/PlatformToDriverConfiguration/BlackBoxTest/PlatformToDriverConfigurationBBTestFunction.c ...
edk2-test/uefi-sct/SctPkg/TestCase/UEFI/EFI/Protocol/PlatformToDriverConfiguration/BlackBoxTest/PlatformToDriverConfigurationBBTestFunction.c:97:4: error: Null pointer dereference: ParameterTypeGuid [nullPointer]
  *ParameterTypeGuid =gBlackBoxEfiPlatformToDriverConfigurationClpGuid;
   ^
edk2-test/uefi-sct/SctPkg/TestCase/UEFI/EFI/Protocol/PlatformToDriverConfiguration/BlackBoxTest/PlatformToDriverConfigurationBBTestFunction.c:60:67: note: Assignment 'ParameterTypeGuid=NULL', assigned value is 0
  EFI_GUID                                     *ParameterTypeGuid=NULL;
                                                                  ^
edk2-test/uefi-sct/SctPkg/TestCase/UEFI/EFI/Protocol/PlatformToDriverConfiguration/BlackBoxTest/PlatformToDriverConfigurationBBTestFunction.c:73:17: note: Assuming condition is false
  if ( EFI_ERROR(Status) ) {
                ^
edk2-test/uefi-sct/SctPkg/TestCase/UEFI/EFI/Protocol/PlatformToDriverConfiguration/BlackBoxTest/PlatformToDriverConfigurationBBTestFunction.c:97:4: note: Null pointer dereference
  *ParameterTypeGuid =gBlackBoxEfiPlatformToDriverConfigurationClpGuid;
   ^
edk2-test/uefi-sct/SctPkg/TestCase/UEFI/EFI/Protocol/PlatformToDriverConfiguration/BlackBoxTest/PlatformToDriverConfigurationBBTestFunction.c:98:4: error: Null pointer dereference: ParameterBlockSize [nullPointer]
  *ParameterBlockSize = sizeof( EFI_CONFIGURE_CLP_PARAMETER_BLK );
   ^
edk2-test/uefi-sct/SctPkg/TestCase/UEFI/EFI/Protocol/PlatformToDriverConfiguration/BlackBoxTest/PlatformToDriverConfigurationBBTestFunction.c:61:70: note: Assignment 'ParameterBlockSize=0', assigned value is 0
  UINTN                                          *ParameterBlockSize=0;
                                                                     ^
edk2-test/uefi-sct/SctPkg/TestCase/UEFI/EFI/Protocol/PlatformToDriverConfiguration/BlackBoxTest/PlatformToDriverConfigurationBBTestFunction.c:73:17: note: Assuming condition is false
  if ( EFI_ERROR(Status) ) {
                ^
edk2-test/uefi-sct/SctPkg/TestCase/UEFI/EFI/Protocol/PlatformToDriverConfiguration/BlackBoxTest/PlatformToDriverConfigurationBBTestFunction.c:98:4: note: Null pointer dereference
  *ParameterBlockSize = sizeof( EFI_CONFIGURE_CLP_PARAMETER_BLK );
   ^
edk2-test/uefi-sct/SctPkg/TestCase/UEFI/EFI/Protocol/PlatformToDriverConfiguration/BlackBoxTest/PlatformToDriverConfigurationBBTestFunction.c:101:53: error: Null pointer dereference: ParameterBlockSize [nullPointer]
  Status = gtBS->AllocatePool (EfiBootServicesData,*ParameterBlockSize,(VOID **)&ParameterClpBlock);
                                                    ^
edk2-test/uefi-sct/SctPkg/TestCase/UEFI/EFI/Protocol/PlatformToDriverConfiguration/BlackBoxTest/PlatformToDriverConfigurationBBTestFunction.c:61:70: note: Assignment 'ParameterBlockSize=0', assigned value is 0
  UINTN                                          *ParameterBlockSize=0;
                                                                     ^
edk2-test/uefi-sct/SctPkg/TestCase/UEFI/EFI/Protocol/PlatformToDriverConfiguration/BlackBoxTest/PlatformToDriverConfigurationBBTestFunction.c:73:17: note: Assuming condition is false
  if ( EFI_ERROR(Status) ) {
                ^
edk2-test/uefi-sct/SctPkg/TestCase/UEFI/EFI/Protocol/PlatformToDriverConfiguration/BlackBoxTest/PlatformToDriverConfigurationBBTestFunction.c:101:53: note: Null pointer dereference
  Status = gtBS->AllocatePool (EfiBootServicesData,*ParameterBlockSize,(VOID **)&ParameterClpBlock);
                                                    ^
edk2-test/uefi-sct/SctPkg/TestCase/UEFI/EFI/Protocol/PlatformToDriverConfiguration/BlackBoxTest/PlatformToDriverConfigurationBBTestFunction.c:259:4: error: Null pointer dereference: ParameterTypeGuid [nullPointer]
  *ParameterTypeGuid = gBlackBoxEfiPlatformToDriverConfigurationClpGuid;
   ^
edk2-test/uefi-sct/SctPkg/TestCase/UEFI/EFI/Protocol/PlatformToDriverConfiguration/BlackBoxTest/PlatformToDriverConfigurationBBTestFunction.c:221:67: note: Assignment 'ParameterTypeGuid=NULL', assigned value is 0
  EFI_GUID                                     *ParameterTypeGuid=NULL;
                                                                  ^
edk2-test/uefi-sct/SctPkg/TestCase/UEFI/EFI/Protocol/PlatformToDriverConfiguration/BlackBoxTest/PlatformToDriverConfigurationBBTestFunction.c:235:17: note: Assuming condition is false
  if ( EFI_ERROR(Status) ) {
                ^
edk2-test/uefi-sct/SctPkg/TestCase/UEFI/EFI/Protocol/PlatformToDriverConfiguration/BlackBoxTest/PlatformToDriverConfigurationBBTestFunction.c:259:4: note: Null pointer dereference
  *ParameterTypeGuid = gBlackBoxEfiPlatformToDriverConfigurationClpGuid;
   ^
edk2-test/uefi-sct/SctPkg/TestCase/UEFI/EFI/Protocol/PlatformToDriverConfiguration/BlackBoxTest/PlatformToDriverConfigurationBBTestFunction.c:260:4: error: Null pointer dereference: ParameterBlockSize [nullPointer]
  *ParameterBlockSize = sizeof( EFI_CONFIGURE_CLP_PARAMETER_BLK );
   ^
edk2-test/uefi-sct/SctPkg/TestCase/UEFI/EFI/Protocol/PlatformToDriverConfiguration/BlackBoxTest/PlatformToDriverConfigurationBBTestFunction.c:222:70: note: Assignment 'ParameterBlockSize=0', assigned value is 0
  UINTN                                          *ParameterBlockSize=0;
                                                                     ^
edk2-test/uefi-sct/SctPkg/TestCase/UEFI/EFI/Protocol/PlatformToDriverConfiguration/BlackBoxTest/PlatformToDriverConfigurationBBTestFunction.c:235:17: note: Assuming condition is false
  if ( EFI_ERROR(Status) ) {
                ^
edk2-test/uefi-sct/SctPkg/TestCase/UEFI/EFI/Protocol/PlatformToDriverConfiguration/BlackBoxTest/PlatformToDriverConfigurationBBTestFunction.c:260:4: note: Null pointer dereference
  *ParameterBlockSize = sizeof( EFI_CONFIGURE_CLP_PARAMETER_BLK );
   ^
edk2-test/uefi-sct/SctPkg/TestCase/UEFI/EFI/Protocol/PlatformToDriverConfiguration/BlackBoxTest/PlatformToDriverConfigurationBBTestFunction.c:263:53: error: Null pointer dereference: ParameterBlockSize [nullPointer]
  Status = gtBS->AllocatePool (EfiBootServicesData,*ParameterBlockSize,(VOID **)&ParameterClpBlock);
                                                    ^
edk2-test/uefi-sct/SctPkg/TestCase/UEFI/EFI/Protocol/PlatformToDriverConfiguration/BlackBoxTest/PlatformToDriverConfigurationBBTestFunction.c:222:70: note: Assignment 'ParameterBlockSize=0', assigned value is 0
  UINTN                                          *ParameterBlockSize=0;
                                                                     ^
edk2-test/uefi-sct/SctPkg/TestCase/UEFI/EFI/Protocol/PlatformToDriverConfiguration/BlackBoxTest/PlatformToDriverConfigurationBBTestFunction.c:235:17: note: Assuming condition is false
  if ( EFI_ERROR(Status) ) {
                ^
edk2-test/uefi-sct/SctPkg/TestCase/UEFI/EFI/Protocol/PlatformToDriverConfiguration/BlackBoxTest/PlatformToDriverConfigurationBBTestFunction.c:263:53: note: Null pointer dereference
  Status = gtBS->AllocatePool (EfiBootServicesData,*ParameterBlockSize,(VOID **)&ParameterClpBlock);
                                                    ^
570/970 files checked 46% done
Checking edk2-test/uefi-sct/SctPkg/TestCase/UEFI/EFI/Protocol/PlatformToDriverConfiguration/BlackBoxTest/PlatformToDriverConfigurationBBTestMain.c ...
571/970 files checked 46% done
Checking edk2-test/uefi-sct/SctPkg/TestCase/UEFI/EFI/Protocol/PxeBaseCode/BlackBoxTest/Guid.c ...
572/970 files checked 46% done
Checking edk2-test/uefi-sct/SctPkg/TestCase/UEFI/EFI/Protocol/PxeBaseCode/BlackBoxTest/PxeBaseCodeBBTestConformance.c ...
573/970 files checked 46% done
Checking edk2-test/uefi-sct/SctPkg/TestCase/UEFI/EFI/Protocol/PxeBaseCode/BlackBoxTest/PxeBaseCodeBBTestFunction.c ...
574/970 files checked 47% done
Checking edk2-test/uefi-sct/SctPkg/TestCase/UEFI/EFI/Protocol/PxeBaseCode/BlackBoxTest/PxeBaseCodeBBTestMain.c ...
Checking edk2-test/uefi-sct/SctPkg/TestCase/UEFI/EFI/Protocol/PxeBaseCode/BlackBoxTest/PxeBaseCodeBBTestMain.c: EFI_TEST_EXHAUSTIVE...
edk2-test/uefi-sct/SctPkg/TestCase/UEFI/EFI/Protocol/PxeBaseCode/BlackBoxTest/PxeBaseCodeBBTestMain.c:331:1: error: Unmatched '}'. Configuration: 'EFI_TEST_EXHAUSTIVE'. [syntaxError]
};
^
575/970 files checked 47% done
Checking edk2-test/uefi-sct/SctPkg/TestCase/UEFI/EFI/Protocol/PxeBaseCode/BlackBoxTest/PxeBaseCodeBBTestSupport.c ...
576/970 files checked 47% done
Checking edk2-test/uefi-sct/SctPkg/TestCase/UEFI/EFI/Protocol/RamDisk/BlackBoxTest/Guid.c ...
577/970 files checked 47% done
Checking edk2-test/uefi-sct/SctPkg/TestCase/UEFI/EFI/Protocol/RamDisk/BlackBoxTest/RamDiskProtocolBBTestConformance.c ...
578/970 files checked 47% done
Checking edk2-test/uefi-sct/SctPkg/TestCase/UEFI/EFI/Protocol/RamDisk/BlackBoxTest/RamDiskProtocolBBTestFunction.c ...
579/970 files checked 47% done
Checking edk2-test/uefi-sct/SctPkg/TestCase/UEFI/EFI/Protocol/RamDisk/BlackBoxTest/RamDiskProtocolBBTestMain.c ...
580/970 files checked 47% done
Checking edk2-test/uefi-sct/SctPkg/TestCase/UEFI/EFI/Protocol/RandomNumber/BlackBoxTest/Guid.c ...
581/970 files checked 47% done
Checking edk2-test/uefi-sct/SctPkg/TestCase/UEFI/EFI/Protocol/RandomNumber/BlackBoxTest/RandomNumberBBTestConformance.c ...
582/970 files checked 48% done
Checking edk2-test/uefi-sct/SctPkg/TestCase/UEFI/EFI/Protocol/RandomNumber/BlackBoxTest/RandomNumberBBTestFunction.c ...
583/970 files checked 48% done
Checking edk2-test/uefi-sct/SctPkg/TestCase/UEFI/EFI/Protocol/RandomNumber/BlackBoxTest/RandomNumberBBTestMain.c ...
584/970 files checked 48% done
Checking edk2-test/uefi-sct/SctPkg/TestCase/UEFI/EFI/Protocol/RegularExpression/BlackBoxTest/Guid.c ...
585/970 files checked 48% done
Checking edk2-test/uefi-sct/SctPkg/TestCase/UEFI/EFI/Protocol/RegularExpression/BlackBoxTest/RegularExpressionBBTestConformance.c ...
586/970 files checked 48% done
Checking edk2-test/uefi-sct/SctPkg/TestCase/UEFI/EFI/Protocol/RegularExpression/BlackBoxTest/RegularExpressionBBTestFunction.c ...
587/970 files checked 48% done
Checking edk2-test/uefi-sct/SctPkg/TestCase/UEFI/EFI/Protocol/RegularExpression/BlackBoxTest/RegularExpressionBBTestMain.c ...
588/970 files checked 48% done
Checking edk2-test/uefi-sct/SctPkg/TestCase/UEFI/EFI/Protocol/ResetNotification/BlackBoxTest/Guid.c ...
589/970 files checked 48% done
Checking edk2-test/uefi-sct/SctPkg/TestCase/UEFI/EFI/Protocol/ResetNotification/BlackBoxTest/ResetNotificationBBTestConformance.c ...
590/970 files checked 48% done
Checking edk2-test/uefi-sct/SctPkg/TestCase/UEFI/EFI/Protocol/ResetNotification/BlackBoxTest/ResetNotificationBBTestFunction.c ...
591/970 files checked 48% done
Checking edk2-test/uefi-sct/SctPkg/TestCase/UEFI/EFI/Protocol/ResetNotification/BlackBoxTest/ResetNotificationBBTestMain.c ...
592/970 files checked 48% done
Checking edk2-test/uefi-sct/SctPkg/TestCase/UEFI/EFI/Protocol/SDMMCPassThru/BlackBoxTest/Guid.c ...
593/970 files checked 48% done
Checking edk2-test/uefi-sct/SctPkg/TestCase/UEFI/EFI/Protocol/SDMMCPassThru/BlackBoxTest/SDMMCPassThruBBTestConformance.c ...
594/970 files checked 48% done
Checking edk2-test/uefi-sct/SctPkg/TestCase/UEFI/EFI/Protocol/SDMMCPassThru/BlackBoxTest/SDMMCPassThruBBTestFunction.c ...
595/970 files checked 48% done
Checking edk2-test/uefi-sct/SctPkg/TestCase/UEFI/EFI/Protocol/SDMMCPassThru/BlackBoxTest/SDMMCPassThruBBTestMain.c ...
596/970 files checked 48% done
Checking edk2-test/uefi-sct/SctPkg/TestCase/UEFI/EFI/Protocol/ScsiIo/BlackBoxTest/Guid.c ...
597/970 files checked 48% done
Checking edk2-test/uefi-sct/SctPkg/TestCase/UEFI/EFI/Protocol/ScsiIo/BlackBoxTest/ScsiIoBBTestConformance.c ...
598/970 files checked 48% done
Checking edk2-test/uefi-sct/SctPkg/TestCase/UEFI/EFI/Protocol/ScsiIo/BlackBoxTest/ScsiIoBBTestFunction.c ...
599/970 files checked 48% done
Checking edk2-test/uefi-sct/SctPkg/TestCase/UEFI/EFI/Protocol/ScsiIo/BlackBoxTest/ScsiIoBBTestMain.c ...
600/970 files checked 48% done
Checking edk2-test/uefi-sct/SctPkg/TestCase/UEFI/EFI/Protocol/ScsiPassThru/BlackBoxTest/Guid.c ...
edk2-test/uefi-sct/SctPkg/TestCase/UEFI/EFI/Protocol/ScsiPassThru/BlackBoxTest/Guid.c:67:59: error: Unmatched '}'. Configuration: ''. [syntaxError]
EFI_GUID gScsiPassThruBBTestConformanceAssertionGuid019 = EFI_TEST_SCSIPASSTHRUBBTESTCONFORMANCE_ASSERTION_019_GUID;
                                                          ^
601/970 files checked 48% done
Checking edk2-test/uefi-sct/SctPkg/TestCase/UEFI/EFI/Protocol/ScsiPassThru/BlackBoxTest/ScsiPassThruBBTestConformance.c ...
602/970 files checked 48% done
Checking edk2-test/uefi-sct/SctPkg/TestCase/UEFI/EFI/Protocol/ScsiPassThru/BlackBoxTest/ScsiPassThruBBTestFunction.c ...
603/970 files checked 49% done
Checking edk2-test/uefi-sct/SctPkg/TestCase/UEFI/EFI/Protocol/ScsiPassThru/BlackBoxTest/ScsiPassThruBBTestMain.c ...
604/970 files checked 49% done
Checking edk2-test/uefi-sct/SctPkg/TestCase/UEFI/EFI/Protocol/SerialIo/BlackBoxTest/Guid.c ...
605/970 files checked 49% done
Checking edk2-test/uefi-sct/SctPkg/TestCase/UEFI/EFI/Protocol/SerialIo/BlackBoxTest/SerialIoBBTestConformance.c ...
606/970 files checked 49% done
Checking edk2-test/uefi-sct/SctPkg/TestCase/UEFI/EFI/Protocol/SerialIo/BlackBoxTest/SerialIoBBTestFunction.c ...
607/970 files checked 49% done
Checking edk2-test/uefi-sct/SctPkg/TestCase/UEFI/EFI/Protocol/SerialIo/BlackBoxTest/SerialIoBBTestMain.c ...
Checking edk2-test/uefi-sct/SctPkg/TestCase/UEFI/EFI/Protocol/SerialIo/BlackBoxTest/SerialIoBBTestMain.c: EFI_TEST_EXHAUSTIVE...
608/970 files checked 49% done
Checking edk2-test/uefi-sct/SctPkg/TestCase/UEFI/EFI/Protocol/SerialIo/BlackBoxTest/SerialIoBBTestStress.c ...
609/970 files checked 49% done
Checking edk2-test/uefi-sct/SctPkg/TestCase/UEFI/EFI/Protocol/SimpleFileSystem/BlackBoxTest/Guid.c ...
610/970 files checked 49% done
Checking edk2-test/uefi-sct/SctPkg/TestCase/UEFI/EFI/Protocol/SimpleFileSystem/BlackBoxTest/SimpleFileSystemBBTestConformance.c ...
edk2-test/uefi-sct/SctPkg/TestCase/UEFI/EFI/Protocol/SimpleFileSystem/BlackBoxTest/SimpleFileSystemBBTestConformance.c:92:10: error: Uninitialized variable: Status [uninitvar]
  return Status;
         ^
611/970 files checked 50% done
Checking edk2-test/uefi-sct/SctPkg/TestCase/UEFI/EFI/Protocol/SimpleFileSystem/BlackBoxTest/SimpleFileSystemBBTestFunction.c ...
Checking edk2-test/uefi-sct/SctPkg/TestCase/UEFI/EFI/Protocol/SimpleFileSystem/BlackBoxTest/SimpleFileSystemBBTestFunction.c: FILE_SYSTEM_SIMPLE_TEST...
612/970 files checked 51% done
Checking edk2-test/uefi-sct/SctPkg/TestCase/UEFI/EFI/Protocol/SimpleFileSystem/BlackBoxTest/SimpleFileSystemBBTestMain.c ...
Checking edk2-test/uefi-sct/SctPkg/TestCase/UEFI/EFI/Protocol/SimpleFileSystem/BlackBoxTest/SimpleFileSystemBBTestMain.c: EFI_TEST_EXHAUSTIVE...
613/970 files checked 51% done
Checking edk2-test/uefi-sct/SctPkg/TestCase/UEFI/EFI/Protocol/SimpleFileSystem/BlackBoxTest/SimpleFileSystemBBTestStress_Auto.c ...
614/970 files checked 52% done
Checking edk2-test/uefi-sct/SctPkg/TestCase/UEFI/EFI/Protocol/SimpleFileSystem/BlackBoxTest/SimpleFileSystemBBTestStress_Manual.c ...
615/970 files checked 52% done
Checking edk2-test/uefi-sct/SctPkg/TestCase/UEFI/EFI/Protocol/SimpleFileSystem/BlackBoxTest/SimpleFileSystemExBBTestConformance.c ...
616/970 files checked 52% done
Checking edk2-test/uefi-sct/SctPkg/TestCase/UEFI/EFI/Protocol/SimpleFileSystem/BlackBoxTest/SimpleFileSystemExBBTestFunction_FlushEx.c ...
617/970 files checked 52% done
Checking edk2-test/uefi-sct/SctPkg/TestCase/UEFI/EFI/Protocol/SimpleFileSystem/BlackBoxTest/SimpleFileSystemExBBTestFunction_OpenEx.c ...
618/970 files checked 54% done
Checking edk2-test/uefi-sct/SctPkg/TestCase/UEFI/EFI/Protocol/SimpleFileSystem/BlackBoxTest/SimpleFileSystemExBBTestFunction_ReadEx.c ...
edk2-test/uefi-sct/SctPkg/TestCase/UEFI/EFI/Protocol/SimpleFileSystem/BlackBoxTest/SimpleFileSystemExBBTestFunction_ReadEx.c:1723:30: error: Array 'ReadLength[5]' accessed at index 9, which is out of bounds. [arrayIndexOutOfBounds]
      BufferSize = ReadLength[Index];
                             ^
619/970 files checked 54% done
Checking edk2-test/uefi-sct/SctPkg/TestCase/UEFI/EFI/Protocol/SimpleFileSystem/BlackBoxTest/SimpleFileSystemExBBTestFunction_WriteEx.c ...
620/970 files checked 54% done
Checking edk2-test/uefi-sct/SctPkg/TestCase/UEFI/EFI/Protocol/SimpleNetwork/BlackBoxTest/Guid.c ...
621/970 files checked 54% done
Checking edk2-test/uefi-sct/SctPkg/TestCase/UEFI/EFI/Protocol/SimpleNetwork/BlackBoxTest/SimpleNetworkBBTestConformance.c ...
622/970 files checked 55% done
Checking edk2-test/uefi-sct/SctPkg/TestCase/UEFI/EFI/Protocol/SimpleNetwork/BlackBoxTest/SimpleNetworkBBTestFunction.c ...
623/970 files checked 55% done
Checking edk2-test/uefi-sct/SctPkg/TestCase/UEFI/EFI/Protocol/SimpleNetwork/BlackBoxTest/SimpleNetworkBBTestMain.c ...
Checking edk2-test/uefi-sct/SctPkg/TestCase/UEFI/EFI/Protocol/SimpleNetwork/BlackBoxTest/SimpleNetworkBBTestMain.c: EFI_TEST_EXHAUSTIVE...
624/970 files checked 55% done
Checking edk2-test/uefi-sct/SctPkg/TestCase/UEFI/EFI/Protocol/SimplePointer/BlackBoxTest/Guid.c ...
625/970 files checked 55% done
Checking edk2-test/uefi-sct/SctPkg/TestCase/UEFI/EFI/Protocol/SimplePointer/BlackBoxTest/SimplePointerBBTestConformance.c ...
626/970 files checked 55% done
Checking edk2-test/uefi-sct/SctPkg/TestCase/UEFI/EFI/Protocol/SimplePointer/BlackBoxTest/SimplePointerBBTestFunction.c ...
627/970 files checked 56% done
Checking edk2-test/uefi-sct/SctPkg/TestCase/UEFI/EFI/Protocol/SimplePointer/BlackBoxTest/SimplePointerBBTestMain.c ...
Checking edk2-test/uefi-sct/SctPkg/TestCase/UEFI/EFI/Protocol/SimplePointer/BlackBoxTest/SimplePointerBBTestMain.c: EFI_TEST_EXHAUSTIVE...
628/970 files checked 56% done
Checking edk2-test/uefi-sct/SctPkg/TestCase/UEFI/EFI/Protocol/SimplePointer/BlackBoxTest/SimplePointerBBTestStress.c ...
629/970 files checked 56% done
Checking edk2-test/uefi-sct/SctPkg/TestCase/UEFI/EFI/Protocol/SimpleTextIn/BlackBoxTest/Guid.c ...
630/970 files checked 56% done
Checking edk2-test/uefi-sct/SctPkg/TestCase/UEFI/EFI/Protocol/SimpleTextIn/BlackBoxTest/SimpleTextInBBTestConformance.c ...
631/970 files checked 56% done
Checking edk2-test/uefi-sct/SctPkg/TestCase/UEFI/EFI/Protocol/SimpleTextIn/BlackBoxTest/SimpleTextInBBTestData.c ...
632/970 files checked 56% done
Checking edk2-test/uefi-sct/SctPkg/TestCase/UEFI/EFI/Protocol/SimpleTextIn/BlackBoxTest/SimpleTextInBBTestFunction.c ...
633/970 files checked 56% done
Checking edk2-test/uefi-sct/SctPkg/TestCase/UEFI/EFI/Protocol/SimpleTextIn/BlackBoxTest/SimpleTextInBBTestMain.c ...
Checking edk2-test/uefi-sct/SctPkg/TestCase/UEFI/EFI/Protocol/SimpleTextIn/BlackBoxTest/SimpleTextInBBTestMain.c: EFI_TEST_EXHAUSTIVE...
634/970 files checked 56% done
Checking edk2-test/uefi-sct/SctPkg/TestCase/UEFI/EFI/Protocol/SimpleTextIn/BlackBoxTest/SimpleTextInBBTestStress.c ...
635/970 files checked 56% done
Checking edk2-test/uefi-sct/SctPkg/TestCase/UEFI/EFI/Protocol/SimpleTextInputEx/BlackBoxTest/Guid.c ...
636/970 files checked 56% done
Checking edk2-test/uefi-sct/SctPkg/TestCase/UEFI/EFI/Protocol/SimpleTextInputEx/BlackBoxTest/SimpleTextInputExBBTestConformance.c ...
edk2-test/uefi-sct/SctPkg/TestCase/UEFI/EFI/Protocol/SimpleTextInputEx/BlackBoxTest/SimpleTextInputExBBTestConformance.c:487:7: error: Uninitialized variable: Status [uninitvar]
  if (Status == EFI_UNSUPPORTED) {
      ^
edk2-test/uefi-sct/SctPkg/TestCase/UEFI/EFI/Protocol/SimpleTextInputEx/BlackBoxTest/SimpleTextInputExBBTestConformance.c:622:33: error: Uninitialized variable: Status [uninitvar]
  if ( EFI_INVALID_PARAMETER != Status) {
                                ^
edk2-test/uefi-sct/SctPkg/TestCase/UEFI/EFI/Protocol/SimpleTextInputEx/BlackBoxTest/SimpleTextInputExBBTestConformance.c:684:33: error: Uninitialized variable: Status [uninitvar]
  if ( EFI_INVALID_PARAMETER != Status) {
                                ^
edk2-test/uefi-sct/SctPkg/TestCase/UEFI/EFI/Protocol/SimpleTextInputEx/BlackBoxTest/SimpleTextInputExBBTestConformance.c:744:33: error: Uninitialized variable: Status [uninitvar]
  if ( EFI_INVALID_PARAMETER != Status) {
                                ^
edk2-test/uefi-sct/SctPkg/TestCase/UEFI/EFI/Protocol/SimpleTextInputEx/BlackBoxTest/SimpleTextInputExBBTestConformance.c:796:33: error: Uninitialized variable: Status [uninitvar]
  if ( EFI_INVALID_PARAMETER != Status) {
                                ^
637/970 files checked 56% done
Checking edk2-test/uefi-sct/SctPkg/TestCase/UEFI/EFI/Protocol/SimpleTextInputEx/BlackBoxTest/SimpleTextInputExBBTestFunction.c ...
638/970 files checked 56% done
Checking edk2-test/uefi-sct/SctPkg/TestCase/UEFI/EFI/Protocol/SimpleTextInputEx/BlackBoxTest/SimpleTextInputExBBTestMain.c ...
Checking edk2-test/uefi-sct/SctPkg/TestCase/UEFI/EFI/Protocol/SimpleTextInputEx/BlackBoxTest/SimpleTextInputExBBTestMain.c: EFI_TEST_EXHAUSTIVE...
639/970 files checked 56% done
Checking edk2-test/uefi-sct/SctPkg/TestCase/UEFI/EFI/Protocol/SimpleTextOut/BlackBoxTest/Guid_efi.c ...
640/970 files checked 56% done
Checking edk2-test/uefi-sct/SctPkg/TestCase/UEFI/EFI/Protocol/SimpleTextOut/BlackBoxTest/Guid_uefi.c ...
641/970 files checked 57% done
Checking edk2-test/uefi-sct/SctPkg/TestCase/UEFI/EFI/Protocol/SimpleTextOut/BlackBoxTest/SimpleTextOutBBTestConformance_efi.c ...
642/970 files checked 57% done
Checking edk2-test/uefi-sct/SctPkg/TestCase/UEFI/EFI/Protocol/SimpleTextOut/BlackBoxTest/SimpleTextOutBBTestConformance_uefi.c ...
643/970 files checked 57% done
Checking edk2-test/uefi-sct/SctPkg/TestCase/UEFI/EFI/Protocol/SimpleTextOut/BlackBoxTest/SimpleTextOutBBTestFunction_efi.c ...
644/970 files checked 58% done
Checking edk2-test/uefi-sct/SctPkg/TestCase/UEFI/EFI/Protocol/SimpleTextOut/BlackBoxTest/SimpleTextOutBBTestFunction_uefi.c ...
645/970 files checked 58% done
Checking edk2-test/uefi-sct/SctPkg/TestCase/UEFI/EFI/Protocol/SimpleTextOut/BlackBoxTest/SimpleTextOutBBTestMain_efi.c ...
Checking edk2-test/uefi-sct/SctPkg/TestCase/UEFI/EFI/Protocol/SimpleTextOut/BlackBoxTest/SimpleTextOutBBTestMain_efi.c: EFI_TEST_EXHAUSTIVE...
646/970 files checked 59% done
Checking edk2-test/uefi-sct/SctPkg/TestCase/UEFI/EFI/Protocol/SimpleTextOut/BlackBoxTest/SimpleTextOutBBTestMain_uefi.c ...
Checking edk2-test/uefi-sct/SctPkg/TestCase/UEFI/EFI/Protocol/SimpleTextOut/BlackBoxTest/SimpleTextOutBBTestMain_uefi.c: EFI_TEST_EXHAUSTIVE...
647/970 files checked 59% done
Checking edk2-test/uefi-sct/SctPkg/TestCase/UEFI/EFI/Protocol/StorageSecurityCommand/BlackBoxTest/Guid.c ...
648/970 files checked 59% done
Checking edk2-test/uefi-sct/SctPkg/TestCase/UEFI/EFI/Protocol/StorageSecurityCommand/BlackBoxTest/StorageSecurityCommandBBTestConformance.c ...
649/970 files checked 59% done
Checking edk2-test/uefi-sct/SctPkg/TestCase/UEFI/EFI/Protocol/StorageSecurityCommand/BlackBoxTest/StorageSecurityCommandBBTestMain.c ...
650/970 files checked 59% done
Checking edk2-test/uefi-sct/SctPkg/TestCase/UEFI/EFI/Protocol/Tape/BlackBoxTest/TapeBBTestMain.c ...
651/970 files checked 59% done
Checking edk2-test/uefi-sct/SctPkg/TestCase/UEFI/EFI/Protocol/Tape/BlackBoxTest/TapeGuid.c ...
652/970 files checked 59% done
Checking edk2-test/uefi-sct/SctPkg/TestCase/UEFI/EFI/Protocol/Tape/BlackBoxTest/TapeTest.c ...
653/970 files checked 59% done
Checking edk2-test/uefi-sct/SctPkg/TestCase/UEFI/EFI/Protocol/TimeStamp/BlackBoxTest/Guid.c ...
654/970 files checked 59% done
Checking edk2-test/uefi-sct/SctPkg/TestCase/UEFI/EFI/Protocol/TimeStamp/BlackBoxTest/TimeStampBBTestConformance.c ...
655/970 files checked 59% done
Checking edk2-test/uefi-sct/SctPkg/TestCase/UEFI/EFI/Protocol/TimeStamp/BlackBoxTest/TimeStampBBTestFunction.c ...
edk2-test/uefi-sct/SctPkg/TestCase/UEFI/EFI/Protocol/TimeStamp/BlackBoxTest/TimeStampBBTestFunction.c:159:15: error: Shifting 32-bit value by 63 bits is undefined behaviour [shiftTooManyBits]
   if (Num == Properties.EndValue) {
              ^
edk2-test/uefi-sct/SctPkg/TestCase/UEFI/EFI/Protocol/TimeStamp/BlackBoxTest/TimeStampBBTestFunction.c:159:15: error: Signed integer overflow for expression '1<<Index'. [integerOverflow]
   if (Num == Properties.EndValue) {
              ^
656/970 files checked 59% done
Checking edk2-test/uefi-sct/SctPkg/TestCase/UEFI/EFI/Protocol/TimeStamp/BlackBoxTest/TimeStampBBTestMain.c ...
657/970 files checked 59% done
Checking edk2-test/uefi-sct/SctPkg/TestCase/UEFI/EFI/Protocol/UFSDeviceConfig/BlackBoxTest/Guid.c ...
658/970 files checked 59% done
Checking edk2-test/uefi-sct/SctPkg/TestCase/UEFI/EFI/Protocol/UFSDeviceConfig/BlackBoxTest/UFSDeviceConfigBBTestConformance.c ...
659/970 files checked 59% done
Checking edk2-test/uefi-sct/SctPkg/TestCase/UEFI/EFI/Protocol/UFSDeviceConfig/BlackBoxTest/UFSDeviceConfigBBTestMain.c ...
660/970 files checked 59% done
Checking edk2-test/uefi-sct/SctPkg/TestCase/UEFI/EFI/Protocol/UgaDraw/BlackBoxTest/Guid.c ...
661/970 files checked 59% done
Checking edk2-test/uefi-sct/SctPkg/TestCase/UEFI/EFI/Protocol/UgaDraw/BlackBoxTest/UgaDrawBBTestConformance.c ...
Checking edk2-test/uefi-sct/SctPkg/TestCase/UEFI/EFI/Protocol/UgaDraw/BlackBoxTest/UgaDrawBBTestConformance.c: TEST_CHIPSET_UGA_ONLY...
662/970 files checked 59% done
Checking edk2-test/uefi-sct/SctPkg/TestCase/UEFI/EFI/Protocol/UgaDraw/BlackBoxTest/UgaDrawBBTestFunction.c ...
edk2-test/uefi-sct/SctPkg/TestCase/UEFI/EFI/Protocol/UgaDraw/BlackBoxTest/UgaDrawBBTestFunction.c:1740:5: error: syntax error [syntaxError]
    if EFI_ERROR (Status) {
    ^
Checking edk2-test/uefi-sct/SctPkg/TestCase/UEFI/EFI/Protocol/UgaDraw/BlackBoxTest/UgaDrawBBTestFunction.c: TEST_CHIPSET_UGA_ONLY...
663/970 files checked 60% done
Checking edk2-test/uefi-sct/SctPkg/TestCase/UEFI/EFI/Protocol/UgaDraw/BlackBoxTest/UgaDrawBBTestMain.c ...
edk2-test/uefi-sct/SctPkg/TestCase/UEFI/EFI/Protocol/UgaDraw/BlackBoxTest/UgaDrawBBTestMain.c:1161:3: error: syntax error [syntaxError]
  if EFI_ERROR (Status) {
  ^
Checking edk2-test/uefi-sct/SctPkg/TestCase/UEFI/EFI/Protocol/UgaDraw/BlackBoxTest/UgaDrawBBTestMain.c: EFI_TEST_EXHAUSTIVE...
Checking edk2-test/uefi-sct/SctPkg/TestCase/UEFI/EFI/Protocol/UgaDraw/BlackBoxTest/UgaDrawBBTestMain.c: LOAD_INTEL_LOG...
664/970 files checked 60% done
Checking edk2-test/uefi-sct/SctPkg/TestCase/UEFI/EFI/Protocol/UgaDraw/BlackBoxTest/UgaDrawBBTestStress.c ...
Checking edk2-test/uefi-sct/SctPkg/TestCase/UEFI/EFI/Protocol/UgaDraw/BlackBoxTest/UgaDrawBBTestStress.c: TEST_CHIPSET_UGA_ONLY...
665/970 files checked 60% done
Checking edk2-test/uefi-sct/SctPkg/TestCase/UEFI/EFI/Protocol/UnicodeCollation/BlackBoxTest/Guid.c ...
666/970 files checked 60% done
Checking edk2-test/uefi-sct/SctPkg/TestCase/UEFI/EFI/Protocol/UnicodeCollation/BlackBoxTest/UnicodeCollationBBTestFunction.c ...
667/970 files checked 61% done
Checking edk2-test/uefi-sct/SctPkg/TestCase/UEFI/EFI/Protocol/UnicodeCollation/BlackBoxTest/UnicodeCollationBBTestMain.c ...
Checking edk2-test/uefi-sct/SctPkg/TestCase/UEFI/EFI/Protocol/UnicodeCollation/BlackBoxTest/UnicodeCollationBBTestMain.c: EFI_TEST_EXHAUSTIVE...
668/970 files checked 61% done
Checking edk2-test/uefi-sct/SctPkg/TestCase/UEFI/EFI/Protocol/UnicodeCollation/BlackBoxTest/UnicodeCollationBBTestStress.c ...
669/970 files checked 61% done
Checking edk2-test/uefi-sct/SctPkg/TestCase/UEFI/EFI/Protocol/UnicodeCollation2/BlackBoxTest/Guid.c ...
670/970 files checked 61% done
Checking edk2-test/uefi-sct/SctPkg/TestCase/UEFI/EFI/Protocol/UnicodeCollation2/BlackBoxTest/UnicodeCollation2BBTestFunction.c ...
671/970 files checked 61% done
Checking edk2-test/uefi-sct/SctPkg/TestCase/UEFI/EFI/Protocol/UnicodeCollation2/BlackBoxTest/UnicodeCollation2BBTestMain.c ...
Checking edk2-test/uefi-sct/SctPkg/TestCase/UEFI/EFI/Protocol/UnicodeCollation2/BlackBoxTest/UnicodeCollation2BBTestMain.c: EFI_TEST_EXHAUSTIVE...
672/970 files checked 61% done
Checking edk2-test/uefi-sct/SctPkg/TestCase/UEFI/EFI/Protocol/UnicodeCollation2/BlackBoxTest/UnicodeCollation2BBTestStress.c ...
673/970 files checked 61% done
Checking edk2-test/uefi-sct/SctPkg/TestCase/UEFI/EFI/Protocol/Usb2Hc/BlackBoxTest/Guid.c ...
674/970 files checked 61% done
Checking edk2-test/uefi-sct/SctPkg/TestCase/UEFI/EFI/Protocol/Usb2Hc/BlackBoxTest/IPF/TimerInterrupt.c ...
675/970 files checked 61% done
Checking edk2-test/uefi-sct/SctPkg/TestCase/UEFI/EFI/Protocol/Usb2Hc/BlackBoxTest/Ia32/TimerInterrupt.c ...
676/970 files checked 61% done
Checking edk2-test/uefi-sct/SctPkg/TestCase/UEFI/EFI/Protocol/Usb2Hc/BlackBoxTest/Usb2HcTestBasic.c ...
677/970 files checked 62% done
Checking edk2-test/uefi-sct/SctPkg/TestCase/UEFI/EFI/Protocol/Usb2Hc/BlackBoxTest/Usb2HcTestConformance.c ...
678/970 files checked 63% done
Checking edk2-test/uefi-sct/SctPkg/TestCase/UEFI/EFI/Protocol/Usb2Hc/BlackBoxTest/Usb2HcTestMain.c ...
679/970 files checked 63% done
Checking edk2-test/uefi-sct/SctPkg/TestCase/UEFI/EFI/Protocol/UsbHc/BlackBoxTest/ARM/TimerInterrupt.c ...
680/970 files checked 63% done
Checking edk2-test/uefi-sct/SctPkg/TestCase/UEFI/EFI/Protocol/UsbHc/BlackBoxTest/Aarch64/TimerInterrupt.c ...
681/970 files checked 63% done
Checking edk2-test/uefi-sct/SctPkg/TestCase/UEFI/EFI/Protocol/UsbHc/BlackBoxTest/Guid.c ...
682/970 files checked 63% done
Checking edk2-test/uefi-sct/SctPkg/TestCase/UEFI/EFI/Protocol/UsbHc/BlackBoxTest/IA32/TimerInterrupt.c ...
683/970 files checked 63% done
Checking edk2-test/uefi-sct/SctPkg/TestCase/UEFI/EFI/Protocol/UsbHc/BlackBoxTest/IPF/TimerInterrupt.c ...
684/970 files checked 63% done
Checking edk2-test/uefi-sct/SctPkg/TestCase/UEFI/EFI/Protocol/UsbHc/BlackBoxTest/UsbHcTestBasic.c ...
685/970 files checked 63% done
Checking edk2-test/uefi-sct/SctPkg/TestCase/UEFI/EFI/Protocol/UsbHc/BlackBoxTest/UsbHcTestConformance.c ...
686/970 files checked 64% done
Checking edk2-test/uefi-sct/SctPkg/TestCase/UEFI/EFI/Protocol/UsbHc/BlackBoxTest/UsbHcTestMain.c ...
687/970 files checked 64% done
Checking edk2-test/uefi-sct/SctPkg/TestCase/UEFI/EFI/Protocol/UsbHc/BlackBoxTest/X64/TimerInterrupt.c ...
688/970 files checked 64% done
Checking edk2-test/uefi-sct/SctPkg/TestCase/UEFI/EFI/Protocol/UsbIo/BlackBoxTest/Guid.c ...
689/970 files checked 64% done
Checking edk2-test/uefi-sct/SctPkg/TestCase/UEFI/EFI/Protocol/UsbIo/BlackBoxTest/UsbIoTestConformance.c ...
690/970 files checked 65% done
Checking edk2-test/uefi-sct/SctPkg/TestCase/UEFI/EFI/Protocol/UsbIo/BlackBoxTest/UsbIoTestMain.c ...
691/970 files checked 65% done
Checking edk2-test/uefi-sct/SctPkg/TestCase/UEFI/EFI/Protocol/VlanConfig/BlackBoxTest/Guid.c ...
692/970 files checked 65% done
Checking edk2-test/uefi-sct/SctPkg/TestCase/UEFI/EFI/Protocol/VlanConfig/BlackBoxTest/VlanConfigBBTestConformance.c ...
693/970 files checked 65% done
Checking edk2-test/uefi-sct/SctPkg/TestCase/UEFI/EFI/Protocol/VlanConfig/BlackBoxTest/VlanConfigBBTestFunction.c ...
694/970 files checked 65% done
Checking edk2-test/uefi-sct/SctPkg/TestCase/UEFI/EFI/Protocol/VlanConfig/BlackBoxTest/VlanConfigBBTestMain.c ...
695/970 files checked 65% done
Checking edk2-test/uefi-sct/SctPkg/TestCase/UEFI/EFI/Protocol/iScsiInitiatorName/BlackBoxTest/Guid.c ...
696/970 files checked 65% done
Checking edk2-test/uefi-sct/SctPkg/TestCase/UEFI/EFI/Protocol/iScsiInitiatorName/BlackBoxTest/iScsiInitiatorNameBBTestConformance.c ...
697/970 files checked 65% done
Checking edk2-test/uefi-sct/SctPkg/TestCase/UEFI/EFI/Protocol/iScsiInitiatorName/BlackBoxTest/iScsiInitiatorNameBBTestFunction.c ...
698/970 files checked 65% done
Checking edk2-test/uefi-sct/SctPkg/TestCase/UEFI/EFI/Protocol/iScsiInitiatorName/BlackBoxTest/iScsiInitiatorNameBBTestMain.c ...
699/970 files checked 65% done
Checking edk2-test/uefi-sct/SctPkg/TestCase/UEFI/EFI/RuntimeServices/MiscRuntimeServices/BlackBoxTest/Guid.c ...
700/970 files checked 65% done
Checking edk2-test/uefi-sct/SctPkg/TestCase/UEFI/EFI/RuntimeServices/MiscRuntimeServices/BlackBoxTest/MiscRuntimeServicesBBTestConformance.c ...
701/970 files checked 65% done
Checking edk2-test/uefi-sct/SctPkg/TestCase/UEFI/EFI/RuntimeServices/MiscRuntimeServices/BlackBoxTest/MiscRuntimeServicesBBTestFunction.c ...
702/970 files checked 65% done
Checking edk2-test/uefi-sct/SctPkg/TestCase/UEFI/EFI/RuntimeServices/MiscRuntimeServices/BlackBoxTest/MiscRuntimeServicesBBTestMain.c ...
Checking edk2-test/uefi-sct/SctPkg/TestCase/UEFI/EFI/RuntimeServices/MiscRuntimeServices/BlackBoxTest/MiscRuntimeServicesBBTestMain.c: EFI_TEST_EXHAUSTIVE...
703/970 files checked 65% done
Checking edk2-test/uefi-sct/SctPkg/TestCase/UEFI/EFI/RuntimeServices/MiscRuntimeServices/BlackBoxTest/MiscRuntimeServicesBBTestStress.c ...
704/970 files checked 65% done
Checking edk2-test/uefi-sct/SctPkg/TestCase/UEFI/EFI/RuntimeServices/TimeServices/BlackBoxTest/Guid.c ...
705/970 files checked 65% done
Checking edk2-test/uefi-sct/SctPkg/TestCase/UEFI/EFI/RuntimeServices/TimeServices/BlackBoxTest/TimeServicesBBTestConformance.c ...
706/970 files checked 65% done
Checking edk2-test/uefi-sct/SctPkg/TestCase/UEFI/EFI/RuntimeServices/TimeServices/BlackBoxTest/TimeServicesBBTestFunction.c ...
707/970 files checked 65% done
Checking edk2-test/uefi-sct/SctPkg/TestCase/UEFI/EFI/RuntimeServices/TimeServices/BlackBoxTest/TimeServicesBBTestMain.c ...
Checking edk2-test/uefi-sct/SctPkg/TestCase/UEFI/EFI/RuntimeServices/TimeServices/BlackBoxTest/TimeServicesBBTestMain.c: EFI_TEST_EXHAUSTIVE...
708/970 files checked 66% done
Checking edk2-test/uefi-sct/SctPkg/TestCase/UEFI/EFI/RuntimeServices/TimeServices/BlackBoxTest/TimeServicesBBTestStress.c ...
709/970 files checked 66% done
Checking edk2-test/uefi-sct/SctPkg/TestCase/UEFI/EFI/RuntimeServices/VariableServices/BlackBoxTest/AuthVariableServicesBBTestConformance.c ...
710/970 files checked 66% done
Checking edk2-test/uefi-sct/SctPkg/TestCase/UEFI/EFI/RuntimeServices/VariableServices/BlackBoxTest/AuthVariableServicesBBTestFunction.c ...
711/970 files checked 66% done
Checking edk2-test/uefi-sct/SctPkg/TestCase/UEFI/EFI/RuntimeServices/VariableServices/BlackBoxTest/Guid.c ...
712/970 files checked 66% done
Checking edk2-test/uefi-sct/SctPkg/TestCase/UEFI/EFI/RuntimeServices/VariableServices/BlackBoxTest/VariableServicesBBTestConformance.c ...
713/970 files checked 66% done
Checking edk2-test/uefi-sct/SctPkg/TestCase/UEFI/EFI/RuntimeServices/VariableServices/BlackBoxTest/VariableServicesBBTestFunction.c ...
714/970 files checked 67% done
Checking edk2-test/uefi-sct/SctPkg/TestCase/UEFI/EFI/RuntimeServices/VariableServices/BlackBoxTest/VariableServicesBBTestMain.c ...
Checking edk2-test/uefi-sct/SctPkg/TestCase/UEFI/EFI/RuntimeServices/VariableServices/BlackBoxTest/VariableServicesBBTestMain.c: EFI_TEST_EXHAUSTIVE...
715/970 files checked 67% done
Checking edk2-test/uefi-sct/SctPkg/TestCase/UEFI/EFI/RuntimeServices/VariableServices/BlackBoxTest/VariableServicesBBTestStress.c ...
716/970 files checked 67% done
Checking edk2-test/uefi-sct/SctPkg/TestCase/UEFI/IHV/Protocol/AbsolutePointer/BlackBoxTest/AbsolutePointerBBTestConformance.c ...
717/970 files checked 67% done
Checking edk2-test/uefi-sct/SctPkg/TestCase/UEFI/IHV/Protocol/AbsolutePointer/BlackBoxTest/AbsolutePointerBBTestFunction.c ...
718/970 files checked 67% done
Checking edk2-test/uefi-sct/SctPkg/TestCase/UEFI/IHV/Protocol/AbsolutePointer/BlackBoxTest/AbsolutePointerBBTestMain.c ...
Checking edk2-test/uefi-sct/SctPkg/TestCase/UEFI/IHV/Protocol/AbsolutePointer/BlackBoxTest/AbsolutePointerBBTestMain.c: EFI_TEST_EXHAUSTIVE...
719/970 files checked 67% done
Checking edk2-test/uefi-sct/SctPkg/TestCase/UEFI/IHV/Protocol/AbsolutePointer/BlackBoxTest/AbsolutePointerBBTestStress.c ...
720/970 files checked 68% done
Checking edk2-test/uefi-sct/SctPkg/TestCase/UEFI/IHV/Protocol/AbsolutePointer/BlackBoxTest/Guid.c ...
721/970 files checked 68% done
Checking edk2-test/uefi-sct/SctPkg/TestCase/UEFI/IHV/Protocol/AdapterInfo/BlackBoxTest/AdapterInfoBBTestConformance.c ...
722/970 files checked 68% done
Checking edk2-test/uefi-sct/SctPkg/TestCase/UEFI/IHV/Protocol/AdapterInfo/BlackBoxTest/AdapterInfoBBTestFunction.c ...
723/970 files checked 68% done
Checking edk2-test/uefi-sct/SctPkg/TestCase/UEFI/IHV/Protocol/AdapterInfo/BlackBoxTest/AdapterInfoBBTestMain.c ...
724/970 files checked 68% done
Checking edk2-test/uefi-sct/SctPkg/TestCase/UEFI/IHV/Protocol/AdapterInfo/BlackBoxTest/Guid.c ...
725/970 files checked 68% done
Checking edk2-test/uefi-sct/SctPkg/TestCase/UEFI/IHV/Protocol/BlockIo/BlackBoxTest/BlockIoBBTestConformance.c ...
726/970 files checked 68% done
Checking edk2-test/uefi-sct/SctPkg/TestCase/UEFI/IHV/Protocol/BlockIo/BlackBoxTest/BlockIoBBTestFunction.c ...
727/970 files checked 68% done
Checking edk2-test/uefi-sct/SctPkg/TestCase/UEFI/IHV/Protocol/BlockIo/BlackBoxTest/BlockIoBBTestMain.c ...
Checking edk2-test/uefi-sct/SctPkg/TestCase/UEFI/IHV/Protocol/BlockIo/BlackBoxTest/BlockIoBBTestMain.c: EFI_TEST_EXHAUSTIVE...
728/970 files checked 68% done
Checking edk2-test/uefi-sct/SctPkg/TestCase/UEFI/IHV/Protocol/BlockIo/BlackBoxTest/BlockIoBBTestStress.c ...
729/970 files checked 69% done
Checking edk2-test/uefi-sct/SctPkg/TestCase/UEFI/IHV/Protocol/BlockIo/BlackBoxTest/Guid.c ...
730/970 files checked 69% done
Checking edk2-test/uefi-sct/SctPkg/TestCase/UEFI/IHV/Protocol/BlockIo2/BlackBoxTest/BlockIo2BBTestConformance.c ...
731/970 files checked 69% done
Checking edk2-test/uefi-sct/SctPkg/TestCase/UEFI/IHV/Protocol/BlockIo2/BlackBoxTest/BlockIo2BBTestFunction.c ...
732/970 files checked 70% done
Checking edk2-test/uefi-sct/SctPkg/TestCase/UEFI/IHV/Protocol/BlockIo2/BlackBoxTest/BlockIo2BBTestMain.c ...
733/970 files checked 70% done
Checking edk2-test/uefi-sct/SctPkg/TestCase/UEFI/IHV/Protocol/BlockIo2/BlackBoxTest/Guid.c ...
734/970 files checked 70% done
Checking edk2-test/uefi-sct/SctPkg/TestCase/UEFI/IHV/Protocol/BusSpecificDriverOverride/BlackBoxTest/BusSpecificDriverOverrideBBTestConformance.c ...
735/970 files checked 70% done
Checking edk2-test/uefi-sct/SctPkg/TestCase/UEFI/IHV/Protocol/BusSpecificDriverOverride/BlackBoxTest/BusSpecificDriverOverrideBBTestFunction.c ...
736/970 files checked 70% done
Checking edk2-test/uefi-sct/SctPkg/TestCase/UEFI/IHV/Protocol/BusSpecificDriverOverride/BlackBoxTest/BusSpecificDriverOverrideBBTestMain.c ...
Checking edk2-test/uefi-sct/SctPkg/TestCase/UEFI/IHV/Protocol/BusSpecificDriverOverride/BlackBoxTest/BusSpecificDriverOverrideBBTestMain.c: EFI_TEST_EXHAUSTIVE...
737/970 files checked 70% done
Checking edk2-test/uefi-sct/SctPkg/TestCase/UEFI/IHV/Protocol/BusSpecificDriverOverride/BlackBoxTest/Guid.c ...
738/970 files checked 70% done
Checking edk2-test/uefi-sct/SctPkg/TestCase/UEFI/IHV/Protocol/ComponentName/BlackBoxTest/ComponentNameBBTestConformance.c ...
739/970 files checked 70% done
Checking edk2-test/uefi-sct/SctPkg/TestCase/UEFI/IHV/Protocol/ComponentName/BlackBoxTest/ComponentNameBBTestFunction.c ...
740/970 files checked 70% done
Checking edk2-test/uefi-sct/SctPkg/TestCase/UEFI/IHV/Protocol/ComponentName/BlackBoxTest/ComponentNameBBTestMain.c ...
741/970 files checked 70% done
Checking edk2-test/uefi-sct/SctPkg/TestCase/UEFI/IHV/Protocol/ComponentName/BlackBoxTest/Guid.c ...
742/970 files checked 70% done
Checking edk2-test/uefi-sct/SctPkg/TestCase/UEFI/IHV/Protocol/ComponentName2/BlackBoxTest/ComponentName2BBTestConformance.c ...
edk2-test/uefi-sct/SctPkg/TestCase/UEFI/IHV/Protocol/ComponentName2/BlackBoxTest/ComponentName2BBTestConformance.c:347:13: error: Uninitialized variable: Lang [uninitvar]
     while (Lang[0] != '\0'){
            ^
edk2-test/uefi-sct/SctPkg/TestCase/UEFI/IHV/Protocol/ComponentName2/BlackBoxTest/ComponentName2BBTestConformance.c:659:13: error: Uninitialized variable: Lang [uninitvar]
     while (Lang[0] != '\0'){
            ^
743/970 files checked 70% done
Checking edk2-test/uefi-sct/SctPkg/TestCase/UEFI/IHV/Protocol/ComponentName2/BlackBoxTest/ComponentName2BBTestFunction.c ...
edk2-test/uefi-sct/SctPkg/TestCase/UEFI/IHV/Protocol/ComponentName2/BlackBoxTest/ComponentName2BBTestFunction.c:197:12: error: Uninitialized variable: Lang [uninitvar]
    while (Lang[0] !='\0') {
           ^
edk2-test/uefi-sct/SctPkg/TestCase/UEFI/IHV/Protocol/ComponentName2/BlackBoxTest/ComponentName2BBTestFunction.c:416:12: error: Uninitialized variable: Lang [uninitvar]
    while (Lang[0] !='\0') {
           ^
edk2-test/uefi-sct/SctPkg/TestCase/UEFI/IHV/Protocol/ComponentName2/BlackBoxTest/ComponentName2BBTestFunction.c:674:12: error: Uninitialized variable: Lang [uninitvar]
    while (Lang[0] !='\0') {
           ^
744/970 files checked 70% done
Checking edk2-test/uefi-sct/SctPkg/TestCase/UEFI/IHV/Protocol/ComponentName2/BlackBoxTest/ComponentName2BBTestMain.c ...
745/970 files checked 70% done
Checking edk2-test/uefi-sct/SctPkg/TestCase/UEFI/IHV/Protocol/ComponentName2/BlackBoxTest/Guid.c ...
746/970 files checked 70% done
Checking edk2-test/uefi-sct/SctPkg/TestCase/UEFI/IHV/Protocol/DeviceIo/BlackBoxTest/DeviceIoBBTestConformance.c ...
747/970 files checked 71% done
Checking edk2-test/uefi-sct/SctPkg/TestCase/UEFI/IHV/Protocol/DeviceIo/BlackBoxTest/DeviceIoBBTestFunction.c ...
748/970 files checked 71% done
Checking edk2-test/uefi-sct/SctPkg/TestCase/UEFI/IHV/Protocol/DeviceIo/BlackBoxTest/DeviceIoBBTestMain.c ...
749/970 files checked 71% done
Checking edk2-test/uefi-sct/SctPkg/TestCase/UEFI/IHV/Protocol/DeviceIo/BlackBoxTest/DeviceIoBBTestSupport.c ...
750/970 files checked 71% done
Checking edk2-test/uefi-sct/SctPkg/TestCase/UEFI/IHV/Protocol/DeviceIo/BlackBoxTest/Guid.c ...
751/970 files checked 71% done
Checking edk2-test/uefi-sct/SctPkg/TestCase/UEFI/IHV/Protocol/DevicePath/BlackBoxTest/DevicePathBBTestFunction.c ...
752/970 files checked 72% done
Checking edk2-test/uefi-sct/SctPkg/TestCase/UEFI/IHV/Protocol/DevicePath/BlackBoxTest/DevicePathBBTestMain.c ...
753/970 files checked 72% done
Checking edk2-test/uefi-sct/SctPkg/TestCase/UEFI/IHV/Protocol/DevicePath/BlackBoxTest/Guid.c ...
754/970 files checked 72% done
Checking edk2-test/uefi-sct/SctPkg/TestCase/UEFI/IHV/Protocol/DiskIo/BlackBoxTest/DiskIoBBTestConformance.c ...
755/970 files checked 72% done
Checking edk2-test/uefi-sct/SctPkg/TestCase/UEFI/IHV/Protocol/DiskIo/BlackBoxTest/DiskIoBBTestFunction.c ...
756/970 files checked 72% done
Checking edk2-test/uefi-sct/SctPkg/TestCase/UEFI/IHV/Protocol/DiskIo/BlackBoxTest/DiskIoBBTestMain.c ...
Checking edk2-test/uefi-sct/SctPkg/TestCase/UEFI/IHV/Protocol/DiskIo/BlackBoxTest/DiskIoBBTestMain.c: EFI_TEST_EXHAUSTIVE...
757/970 files checked 72% done
Checking edk2-test/uefi-sct/SctPkg/TestCase/UEFI/IHV/Protocol/DiskIo/BlackBoxTest/DiskIoBBTestStress.c ...
758/970 files checked 72% done
Checking edk2-test/uefi-sct/SctPkg/TestCase/UEFI/IHV/Protocol/DiskIo/BlackBoxTest/Guid.c ...
759/970 files checked 72% done
Checking edk2-test/uefi-sct/SctPkg/TestCase/UEFI/IHV/Protocol/DiskIo2/BlackBoxTest/DiskIo2BBTestConformance.c ...
760/970 files checked 72% done
Checking edk2-test/uefi-sct/SctPkg/TestCase/UEFI/IHV/Protocol/DiskIo2/BlackBoxTest/DiskIo2BBTestFunction_Flush.c ...
761/970 files checked 73% done
Checking edk2-test/uefi-sct/SctPkg/TestCase/UEFI/IHV/Protocol/DiskIo2/BlackBoxTest/DiskIo2BBTestFunction_Read.c ...
762/970 files checked 73% done
Checking edk2-test/uefi-sct/SctPkg/TestCase/UEFI/IHV/Protocol/DiskIo2/BlackBoxTest/DiskIo2BBTestFunction_Write.c ...
763/970 files checked 73% done
Checking edk2-test/uefi-sct/SctPkg/TestCase/UEFI/IHV/Protocol/DiskIo2/BlackBoxTest/DiskIo2BBTestMain.c ...
764/970 files checked 73% done
Checking edk2-test/uefi-sct/SctPkg/TestCase/UEFI/IHV/Protocol/DiskIo2/BlackBoxTest/Guid.c ...
765/970 files checked 73% done
Checking edk2-test/uefi-sct/SctPkg/TestCase/UEFI/IHV/Protocol/DriverBinding/BlackBoxTest/DriverBindingBBTestFunction.c ...
766/970 files checked 74% done
Checking edk2-test/uefi-sct/SctPkg/TestCase/UEFI/IHV/Protocol/DriverBinding/BlackBoxTest/DriverBindingBBTestMain.c ...
767/970 files checked 74% done
Checking edk2-test/uefi-sct/SctPkg/TestCase/UEFI/IHV/Protocol/DriverBinding/BlackBoxTest/Guid.c ...
768/970 files checked 74% done
Checking edk2-test/uefi-sct/SctPkg/TestCase/UEFI/IHV/Protocol/DriverBinding/BlackBoxTest/Print.c ...
769/970 files checked 74% done
Checking edk2-test/uefi-sct/SctPkg/TestCase/UEFI/IHV/Protocol/DriverConfiguration/BlackBoxTest/DriverConfigurationBBTestConformance.c ...
770/970 files checked 74% done
Checking edk2-test/uefi-sct/SctPkg/TestCase/UEFI/IHV/Protocol/DriverConfiguration/BlackBoxTest/DriverConfigurationBBTestMain.c ...
Checking edk2-test/uefi-sct/SctPkg/TestCase/UEFI/IHV/Protocol/DriverConfiguration/BlackBoxTest/DriverConfigurationBBTestMain.c: EFI_TEST_EXHAUSTIVE...
771/970 files checked 74% done
Checking edk2-test/uefi-sct/SctPkg/TestCase/UEFI/IHV/Protocol/DriverConfiguration/BlackBoxTest/Guid.c ...
772/970 files checked 74% done
Checking edk2-test/uefi-sct/SctPkg/TestCase/UEFI/IHV/Protocol/DriverDiagnostics/BlackBoxTest/DriverDiagnosticsBBTestConformance.c ...
773/970 files checked 74% done
Checking edk2-test/uefi-sct/SctPkg/TestCase/UEFI/IHV/Protocol/DriverDiagnostics/BlackBoxTest/DriverDiagnosticsBBTestMain.c ...
Checking edk2-test/uefi-sct/SctPkg/TestCase/UEFI/IHV/Protocol/DriverDiagnostics/BlackBoxTest/DriverDiagnosticsBBTestMain.c: EFI_TEST_EXHAUSTIVE...
774/970 files checked 74% done
Checking edk2-test/uefi-sct/SctPkg/TestCase/UEFI/IHV/Protocol/DriverDiagnostics/BlackBoxTest/Guid.c ...
775/970 files checked 74% done
Checking edk2-test/uefi-sct/SctPkg/TestCase/UEFI/IHV/Protocol/DriverDiagnostics2/BlackBoxTest/DriverDiagnostics2BBTestConformance.c ...
edk2-test/uefi-sct/SctPkg/TestCase/UEFI/IHV/Protocol/DriverDiagnostics2/BlackBoxTest/DriverDiagnostics2BBTestConformance.c:468:13: error: Uninitialized variable: Lang [uninitvar]
     while (Lang[0] != '\0'){
            ^
776/970 files checked 74% done
Checking edk2-test/uefi-sct/SctPkg/TestCase/UEFI/IHV/Protocol/DriverDiagnostics2/BlackBoxTest/DriverDiagnostics2BBTestFunction.c ...
edk2-test/uefi-sct/SctPkg/TestCase/UEFI/IHV/Protocol/DriverDiagnostics2/BlackBoxTest/DriverDiagnostics2BBTestFunction.c:294:12: error: Uninitialized variable: Lang [uninitvar]
    while (Lang[0] !='\0') {
           ^
edk2-test/uefi-sct/SctPkg/TestCase/UEFI/IHV/Protocol/DriverDiagnostics2/BlackBoxTest/DriverDiagnostics2BBTestFunction.c:595:12: error: Uninitialized variable: Lang [uninitvar]
    while (Lang[0] !='\0') {
           ^
777/970 files checked 74% done
Checking edk2-test/uefi-sct/SctPkg/TestCase/UEFI/IHV/Protocol/DriverDiagnostics2/BlackBoxTest/DriverDiagnostics2BBTestMain.c ...
778/970 files checked 74% done
Checking edk2-test/uefi-sct/SctPkg/TestCase/UEFI/IHV/Protocol/DriverDiagnostics2/BlackBoxTest/Guid.c ...
779/970 files checked 74% done
Checking edk2-test/uefi-sct/SctPkg/TestCase/UEFI/IHV/Protocol/DriverSupportedEfiVersion/BlackBoxTest/DriverSupportedEfiVersionBBTestFunction.c ...
780/970 files checked 74% done
Checking edk2-test/uefi-sct/SctPkg/TestCase/UEFI/IHV/Protocol/DriverSupportedEfiVersion/BlackBoxTest/DriverSupportedEfiVersionBBTestMain.c ...
781/970 files checked 74% done
Checking edk2-test/uefi-sct/SctPkg/TestCase/UEFI/IHV/Protocol/DriverSupportedEfiVersion/BlackBoxTest/Guid.c ...
782/970 files checked 74% done
Checking edk2-test/uefi-sct/SctPkg/TestCase/UEFI/IHV/Protocol/Ebc/BlackBoxTest/EbcBBTestConformance.c ...
783/970 files checked 74% done
Checking edk2-test/uefi-sct/SctPkg/TestCase/UEFI/IHV/Protocol/Ebc/BlackBoxTest/EbcBBTestFunction.c ...
784/970 files checked 74% done
Checking edk2-test/uefi-sct/SctPkg/TestCase/UEFI/IHV/Protocol/Ebc/BlackBoxTest/EbcBBTestMain.c ...
Checking edk2-test/uefi-sct/SctPkg/TestCase/UEFI/IHV/Protocol/Ebc/BlackBoxTest/EbcBBTestMain.c: EFI_TEST_EXHAUSTIVE...
785/970 files checked 74% done
Checking edk2-test/uefi-sct/SctPkg/TestCase/UEFI/IHV/Protocol/Ebc/BlackBoxTest/Guid.c ...
786/970 files checked 74% done
Checking edk2-test/uefi-sct/SctPkg/TestCase/UEFI/IHV/Protocol/ExtScsiPassThru/BlackBoxTest/ExtScsiPassThruBBTestConformance.c ...
787/970 files checked 75% done
Checking edk2-test/uefi-sct/SctPkg/TestCase/UEFI/IHV/Protocol/ExtScsiPassThru/BlackBoxTest/ExtScsiPassThruBBTestFunction.c ...
788/970 files checked 75% done
Checking edk2-test/uefi-sct/SctPkg/TestCase/UEFI/IHV/Protocol/ExtScsiPassThru/BlackBoxTest/ExtScsiPassThruBBTestMain.c ...
789/970 files checked 75% done
Checking edk2-test/uefi-sct/SctPkg/TestCase/UEFI/IHV/Protocol/ExtScsiPassThru/BlackBoxTest/Guid.c ...
790/970 files checked 75% done
Checking edk2-test/uefi-sct/SctPkg/TestCase/UEFI/IHV/Protocol/FirmwareManagement/BlackBoxTest/FirmwareManagementBBTestConformance.c ...
791/970 files checked 75% done
Checking edk2-test/uefi-sct/SctPkg/TestCase/UEFI/IHV/Protocol/FirmwareManagement/BlackBoxTest/FirmwareManagementBBTestFunction.c ...
792/970 files checked 75% done
Checking edk2-test/uefi-sct/SctPkg/TestCase/UEFI/IHV/Protocol/FirmwareManagement/BlackBoxTest/FirmwareManagementBBTestMain.c ...
793/970 files checked 75% done
Checking edk2-test/uefi-sct/SctPkg/TestCase/UEFI/IHV/Protocol/FirmwareManagement/BlackBoxTest/Guid.c ...
794/970 files checked 75% done
Checking edk2-test/uefi-sct/SctPkg/TestCase/UEFI/IHV/Protocol/GraphicsOutput/BlackBoxTest/GraphicsOutputBBTestConformance.c ...
795/970 files checked 76% done
Checking edk2-test/uefi-sct/SctPkg/TestCase/UEFI/IHV/Protocol/GraphicsOutput/BlackBoxTest/GraphicsOutputBBTestFunction.c ...
796/970 files checked 76% done
Checking edk2-test/uefi-sct/SctPkg/TestCase/UEFI/IHV/Protocol/GraphicsOutput/BlackBoxTest/GraphicsOutputBBTestMain.c ...
Checking edk2-test/uefi-sct/SctPkg/TestCase/UEFI/IHV/Protocol/GraphicsOutput/BlackBoxTest/GraphicsOutputBBTestMain.c: EFI_TEST_EXHAUSTIVE...
797/970 files checked 76% done
Checking edk2-test/uefi-sct/SctPkg/TestCase/UEFI/IHV/Protocol/GraphicsOutput/BlackBoxTest/GraphicsOutputBBTestStress.c ...
798/970 files checked 76% done
Checking edk2-test/uefi-sct/SctPkg/TestCase/UEFI/IHV/Protocol/GraphicsOutput/BlackBoxTest/GraphicsOutputBBTestSupport.c ...
799/970 files checked 76% done
Checking edk2-test/uefi-sct/SctPkg/TestCase/UEFI/IHV/Protocol/HIIConfigAccess/BlackBoxTest/Guid.c ...
800/970 files checked 77% done
Checking edk2-test/uefi-sct/SctPkg/TestCase/UEFI/IHV/Protocol/HIIConfigAccess/BlackBoxTest/HIIConfigAccessBBTestConformance.c ...
801/970 files checked 77% done
Checking edk2-test/uefi-sct/SctPkg/TestCase/UEFI/IHV/Protocol/HIIConfigAccess/BlackBoxTest/HIIConfigAccessBBTestFunction.c ...
802/970 files checked 77% done
Checking edk2-test/uefi-sct/SctPkg/TestCase/UEFI/IHV/Protocol/HIIConfigAccess/BlackBoxTest/HIIConfigAccessBBTestMain.c ...
803/970 files checked 77% done
Checking edk2-test/uefi-sct/SctPkg/TestCase/UEFI/IHV/Protocol/PlatformDriverOverride/BlackBoxTest/Guid.c ...
804/970 files checked 77% done
Checking edk2-test/uefi-sct/SctPkg/TestCase/UEFI/IHV/Protocol/PlatformDriverOverride/BlackBoxTest/PlatformDriverOverrideBBTestConformance.c ...
805/970 files checked 77% done
Checking edk2-test/uefi-sct/SctPkg/TestCase/UEFI/IHV/Protocol/PlatformDriverOverride/BlackBoxTest/PlatformDriverOverrideBBTestFunction.c ...
806/970 files checked 77% done
Checking edk2-test/uefi-sct/SctPkg/TestCase/UEFI/IHV/Protocol/PlatformDriverOverride/BlackBoxTest/PlatformDriverOverrideBBTestMain.c ...
807/970 files checked 77% done
Checking edk2-test/uefi-sct/SctPkg/TestCase/UEFI/IHV/Protocol/PlatformToDriverConfiguration/BlackBoxTest/ConfigureClpParameterBlkBBTestFunction.c ...
808/970 files checked 77% done
Checking edk2-test/uefi-sct/SctPkg/TestCase/UEFI/IHV/Protocol/PlatformToDriverConfiguration/BlackBoxTest/Guid.c ...
809/970 files checked 77% done
Checking edk2-test/uefi-sct/SctPkg/TestCase/UEFI/IHV/Protocol/PlatformToDriverConfiguration/BlackBoxTest/PlatformToDriverConfigurationBBTestConformance.c ...
edk2-test/uefi-sct/SctPkg/TestCase/UEFI/IHV/Protocol/PlatformToDriverConfiguration/BlackBoxTest/PlatformToDriverConfigurationBBTestConformance.c:92:4: error: Null pointer dereference: ParameterClpBlockSize [nullPointer]
  *ParameterClpBlockSize = sizeof( EFI_CONFIGURE_CLP_PARAMETER_BLK );
   ^
edk2-test/uefi-sct/SctPkg/TestCase/UEFI/IHV/Protocol/PlatformToDriverConfiguration/BlackBoxTest/PlatformToDriverConfigurationBBTestConformance.c:60:73: note: Assignment 'ParameterClpBlockSize=NULL', assigned value is 0
  UINTN                                          *ParameterClpBlockSize=NULL;
                                                                        ^
edk2-test/uefi-sct/SctPkg/TestCase/UEFI/IHV/Protocol/PlatformToDriverConfiguration/BlackBoxTest/PlatformToDriverConfigurationBBTestConformance.c:72:16: note: Assuming condition is false
  if (EFI_ERROR(Status)) {
               ^
edk2-test/uefi-sct/SctPkg/TestCase/UEFI/IHV/Protocol/PlatformToDriverConfiguration/BlackBoxTest/PlatformToDriverConfigurationBBTestConformance.c:92:4: note: Null pointer dereference
  *ParameterClpBlockSize = sizeof( EFI_CONFIGURE_CLP_PARAMETER_BLK );
   ^
edk2-test/uefi-sct/SctPkg/TestCase/UEFI/IHV/Protocol/PlatformToDriverConfiguration/BlackBoxTest/PlatformToDriverConfigurationBBTestConformance.c:94:53: error: Null pointer dereference: ParameterClpBlockSize [nullPointer]
  Status = gtBS->AllocatePool (EfiBootServicesData,*ParameterClpBlockSize,(VOID **)&ParameterClpBlock);
                                                    ^
edk2-test/uefi-sct/SctPkg/TestCase/UEFI/IHV/Protocol/PlatformToDriverConfiguration/BlackBoxTest/PlatformToDriverConfigurationBBTestConformance.c:60:73: note: Assignment 'ParameterClpBlockSize=NULL', assigned value is 0
  UINTN                                          *ParameterClpBlockSize=NULL;
                                                                        ^
edk2-test/uefi-sct/SctPkg/TestCase/UEFI/IHV/Protocol/PlatformToDriverConfiguration/BlackBoxTest/PlatformToDriverConfigurationBBTestConformance.c:72:16: note: Assuming condition is false
  if (EFI_ERROR(Status)) {
               ^
edk2-test/uefi-sct/SctPkg/TestCase/UEFI/IHV/Protocol/PlatformToDriverConfiguration/BlackBoxTest/PlatformToDriverConfigurationBBTestConformance.c:94:53: note: Null pointer dereference
  Status = gtBS->AllocatePool (EfiBootServicesData,*ParameterClpBlockSize,(VOID **)&ParameterClpBlock);
                                                    ^
edk2-test/uefi-sct/SctPkg/TestCase/UEFI/IHV/Protocol/PlatformToDriverConfiguration/BlackBoxTest/PlatformToDriverConfigurationBBTestConformance.c:333:4: error: Null pointer dereference: ParameterClpBlockSize [nullPointer]
  *ParameterClpBlockSize = sizeof( EFI_CONFIGURE_CLP_PARAMETER_BLK );
   ^
edk2-test/uefi-sct/SctPkg/TestCase/UEFI/IHV/Protocol/PlatformToDriverConfiguration/BlackBoxTest/PlatformToDriverConfigurationBBTestConformance.c:300:73: note: Assignment 'ParameterClpBlockSize=NULL', assigned value is 0
  UINTN                                          *ParameterClpBlockSize=NULL;
                                                                        ^
edk2-test/uefi-sct/SctPkg/TestCase/UEFI/IHV/Protocol/PlatformToDriverConfiguration/BlackBoxTest/PlatformToDriverConfigurationBBTestConformance.c:313:16: note: Assuming condition is false
  if (EFI_ERROR(Status)) {
               ^
edk2-test/uefi-sct/SctPkg/TestCase/UEFI/IHV/Protocol/PlatformToDriverConfiguration/BlackBoxTest/PlatformToDriverConfigurationBBTestConformance.c:333:4: note: Null pointer dereference
  *ParameterClpBlockSize = sizeof( EFI_CONFIGURE_CLP_PARAMETER_BLK );
   ^
edk2-test/uefi-sct/SctPkg/TestCase/UEFI/IHV/Protocol/PlatformToDriverConfiguration/BlackBoxTest/PlatformToDriverConfigurationBBTestConformance.c:335:53: error: Null pointer dereference: ParameterClpBlockSize [nullPointer]
  Status = gtBS->AllocatePool (EfiBootServicesData,*ParameterClpBlockSize,(VOID **)&ParameterClpBlock);
                                                    ^
edk2-test/uefi-sct/SctPkg/TestCase/UEFI/IHV/Protocol/PlatformToDriverConfiguration/BlackBoxTest/PlatformToDriverConfigurationBBTestConformance.c:300:73: note: Assignment 'ParameterClpBlockSize=NULL', assigned value is 0
  UINTN                                          *ParameterClpBlockSize=NULL;
                                                                        ^
edk2-test/uefi-sct/SctPkg/TestCase/UEFI/IHV/Protocol/PlatformToDriverConfiguration/BlackBoxTest/PlatformToDriverConfigurationBBTestConformance.c:313:16: note: Assuming condition is false
  if (EFI_ERROR(Status)) {
               ^
edk2-test/uefi-sct/SctPkg/TestCase/UEFI/IHV/Protocol/PlatformToDriverConfiguration/BlackBoxTest/PlatformToDriverConfigurationBBTestConformance.c:335:53: note: Null pointer dereference
  Status = gtBS->AllocatePool (EfiBootServicesData,*ParameterClpBlockSize,(VOID **)&ParameterClpBlock);
                                                    ^
810/970 files checked 77% done
Checking edk2-test/uefi-sct/SctPkg/TestCase/UEFI/IHV/Protocol/PlatformToDriverConfiguration/BlackBoxTest/PlatformToDriverConfigurationBBTestFunction.c ...
edk2-test/uefi-sct/SctPkg/TestCase/UEFI/IHV/Protocol/PlatformToDriverConfiguration/BlackBoxTest/PlatformToDriverConfigurationBBTestFunction.c:97:4: error: Null pointer dereference: ParameterTypeGuid [nullPointer]
  *ParameterTypeGuid =gBlackBoxEfiPlatformToDriverConfigurationClpGuid;
   ^
edk2-test/uefi-sct/SctPkg/TestCase/UEFI/IHV/Protocol/PlatformToDriverConfiguration/BlackBoxTest/PlatformToDriverConfigurationBBTestFunction.c:60:67: note: Assignment 'ParameterTypeGuid=NULL', assigned value is 0
  EFI_GUID                                     *ParameterTypeGuid=NULL;
                                                                  ^
edk2-test/uefi-sct/SctPkg/TestCase/UEFI/IHV/Protocol/PlatformToDriverConfiguration/BlackBoxTest/PlatformToDriverConfigurationBBTestFunction.c:73:17: note: Assuming condition is false
  if ( EFI_ERROR(Status) ) {
                ^
edk2-test/uefi-sct/SctPkg/TestCase/UEFI/IHV/Protocol/PlatformToDriverConfiguration/BlackBoxTest/PlatformToDriverConfigurationBBTestFunction.c:97:4: note: Null pointer dereference
  *ParameterTypeGuid =gBlackBoxEfiPlatformToDriverConfigurationClpGuid;
   ^
edk2-test/uefi-sct/SctPkg/TestCase/UEFI/IHV/Protocol/PlatformToDriverConfiguration/BlackBoxTest/PlatformToDriverConfigurationBBTestFunction.c:98:4: error: Null pointer dereference: ParameterBlockSize [nullPointer]
  *ParameterBlockSize = sizeof( EFI_CONFIGURE_CLP_PARAMETER_BLK );
   ^
edk2-test/uefi-sct/SctPkg/TestCase/UEFI/IHV/Protocol/PlatformToDriverConfiguration/BlackBoxTest/PlatformToDriverConfigurationBBTestFunction.c:61:70: note: Assignment 'ParameterBlockSize=0', assigned value is 0
  UINTN                                          *ParameterBlockSize=0;
                                                                     ^
edk2-test/uefi-sct/SctPkg/TestCase/UEFI/IHV/Protocol/PlatformToDriverConfiguration/BlackBoxTest/PlatformToDriverConfigurationBBTestFunction.c:73:17: note: Assuming condition is false
  if ( EFI_ERROR(Status) ) {
                ^
edk2-test/uefi-sct/SctPkg/TestCase/UEFI/IHV/Protocol/PlatformToDriverConfiguration/BlackBoxTest/PlatformToDriverConfigurationBBTestFunction.c:98:4: note: Null pointer dereference
  *ParameterBlockSize = sizeof( EFI_CONFIGURE_CLP_PARAMETER_BLK );
   ^
edk2-test/uefi-sct/SctPkg/TestCase/UEFI/IHV/Protocol/PlatformToDriverConfiguration/BlackBoxTest/PlatformToDriverConfigurationBBTestFunction.c:101:53: error: Null pointer dereference: ParameterBlockSize [nullPointer]
  Status = gtBS->AllocatePool (EfiBootServicesData,*ParameterBlockSize,(VOID **)&ParameterClpBlock);
                                                    ^
edk2-test/uefi-sct/SctPkg/TestCase/UEFI/IHV/Protocol/PlatformToDriverConfiguration/BlackBoxTest/PlatformToDriverConfigurationBBTestFunction.c:61:70: note: Assignment 'ParameterBlockSize=0', assigned value is 0
  UINTN                                          *ParameterBlockSize=0;
                                                                     ^
edk2-test/uefi-sct/SctPkg/TestCase/UEFI/IHV/Protocol/PlatformToDriverConfiguration/BlackBoxTest/PlatformToDriverConfigurationBBTestFunction.c:73:17: note: Assuming condition is false
  if ( EFI_ERROR(Status) ) {
                ^
edk2-test/uefi-sct/SctPkg/TestCase/UEFI/IHV/Protocol/PlatformToDriverConfiguration/BlackBoxTest/PlatformToDriverConfigurationBBTestFunction.c:101:53: note: Null pointer dereference
  Status = gtBS->AllocatePool (EfiBootServicesData,*ParameterBlockSize,(VOID **)&ParameterClpBlock);
                                                    ^
edk2-test/uefi-sct/SctPkg/TestCase/UEFI/IHV/Protocol/PlatformToDriverConfiguration/BlackBoxTest/PlatformToDriverConfigurationBBTestFunction.c:259:4: error: Null pointer dereference: ParameterTypeGuid [nullPointer]
  *ParameterTypeGuid = gBlackBoxEfiPlatformToDriverConfigurationClpGuid;
   ^
edk2-test/uefi-sct/SctPkg/TestCase/UEFI/IHV/Protocol/PlatformToDriverConfiguration/BlackBoxTest/PlatformToDriverConfigurationBBTestFunction.c:221:67: note: Assignment 'ParameterTypeGuid=NULL', assigned value is 0
  EFI_GUID                                     *ParameterTypeGuid=NULL;
                                                                  ^
edk2-test/uefi-sct/SctPkg/TestCase/UEFI/IHV/Protocol/PlatformToDriverConfiguration/BlackBoxTest/PlatformToDriverConfigurationBBTestFunction.c:235:17: note: Assuming condition is false
  if ( EFI_ERROR(Status) ) {
                ^
edk2-test/uefi-sct/SctPkg/TestCase/UEFI/IHV/Protocol/PlatformToDriverConfiguration/BlackBoxTest/PlatformToDriverConfigurationBBTestFunction.c:259:4: note: Null pointer dereference
  *ParameterTypeGuid = gBlackBoxEfiPlatformToDriverConfigurationClpGuid;
   ^
edk2-test/uefi-sct/SctPkg/TestCase/UEFI/IHV/Protocol/PlatformToDriverConfiguration/BlackBoxTest/PlatformToDriverConfigurationBBTestFunction.c:260:4: error: Null pointer dereference: ParameterBlockSize [nullPointer]
  *ParameterBlockSize = sizeof( EFI_CONFIGURE_CLP_PARAMETER_BLK );
   ^
edk2-test/uefi-sct/SctPkg/TestCase/UEFI/IHV/Protocol/PlatformToDriverConfiguration/BlackBoxTest/PlatformToDriverConfigurationBBTestFunction.c:222:70: note: Assignment 'ParameterBlockSize=0', assigned value is 0
  UINTN                                          *ParameterBlockSize=0;
                                                                     ^
edk2-test/uefi-sct/SctPkg/TestCase/UEFI/IHV/Protocol/PlatformToDriverConfiguration/BlackBoxTest/PlatformToDriverConfigurationBBTestFunction.c:235:17: note: Assuming condition is false
  if ( EFI_ERROR(Status) ) {
                ^
edk2-test/uefi-sct/SctPkg/TestCase/UEFI/IHV/Protocol/PlatformToDriverConfiguration/BlackBoxTest/PlatformToDriverConfigurationBBTestFunction.c:260:4: note: Null pointer dereference
  *ParameterBlockSize = sizeof( EFI_CONFIGURE_CLP_PARAMETER_BLK );
   ^
edk2-test/uefi-sct/SctPkg/TestCase/UEFI/IHV/Protocol/PlatformToDriverConfiguration/BlackBoxTest/PlatformToDriverConfigurationBBTestFunction.c:263:53: error: Null pointer dereference: ParameterBlockSize [nullPointer]
  Status = gtBS->AllocatePool (EfiBootServicesData,*ParameterBlockSize,(VOID **)&ParameterClpBlock);
                                                    ^
edk2-test/uefi-sct/SctPkg/TestCase/UEFI/IHV/Protocol/PlatformToDriverConfiguration/BlackBoxTest/PlatformToDriverConfigurationBBTestFunction.c:222:70: note: Assignment 'ParameterBlockSize=0', assigned value is 0
  UINTN                                          *ParameterBlockSize=0;
                                                                     ^
edk2-test/uefi-sct/SctPkg/TestCase/UEFI/IHV/Protocol/PlatformToDriverConfiguration/BlackBoxTest/PlatformToDriverConfigurationBBTestFunction.c:235:17: note: Assuming condition is false
  if ( EFI_ERROR(Status) ) {
                ^
edk2-test/uefi-sct/SctPkg/TestCase/UEFI/IHV/Protocol/PlatformToDriverConfiguration/BlackBoxTest/PlatformToDriverConfigurationBBTestFunction.c:263:53: note: Null pointer dereference
  Status = gtBS->AllocatePool (EfiBootServicesData,*ParameterBlockSize,(VOID **)&ParameterClpBlock);
                                                    ^
811/970 files checked 77% done
Checking edk2-test/uefi-sct/SctPkg/TestCase/UEFI/IHV/Protocol/PlatformToDriverConfiguration/BlackBoxTest/PlatformToDriverConfigurationBBTestMain.c ...
812/970 files checked 77% done
Checking edk2-test/uefi-sct/SctPkg/TestCase/UEFI/IHV/Protocol/PxeBaseCode/BlackBoxTest/Guid.c ...
813/970 files checked 77% done
Checking edk2-test/uefi-sct/SctPkg/TestCase/UEFI/IHV/Protocol/PxeBaseCode/BlackBoxTest/PxeBaseCodeBBTestConformance.c ...
814/970 files checked 78% done
Checking edk2-test/uefi-sct/SctPkg/TestCase/UEFI/IHV/Protocol/PxeBaseCode/BlackBoxTest/PxeBaseCodeBBTestFunction.c ...
815/970 files checked 78% done
Checking edk2-test/uefi-sct/SctPkg/TestCase/UEFI/IHV/Protocol/PxeBaseCode/BlackBoxTest/PxeBaseCodeBBTestMain.c ...
Checking edk2-test/uefi-sct/SctPkg/TestCase/UEFI/IHV/Protocol/PxeBaseCode/BlackBoxTest/PxeBaseCodeBBTestMain.c: EFI_TEST_EXHAUSTIVE...
edk2-test/uefi-sct/SctPkg/TestCase/UEFI/IHV/Protocol/PxeBaseCode/BlackBoxTest/PxeBaseCodeBBTestMain.c:330:1: error: Unmatched '}'. Configuration: 'EFI_TEST_EXHAUSTIVE'. [syntaxError]
};
^
816/970 files checked 79% done
Checking edk2-test/uefi-sct/SctPkg/TestCase/UEFI/IHV/Protocol/PxeBaseCode/BlackBoxTest/PxeBaseCodeBBTestSupport.c ...
817/970 files checked 79% done
Checking edk2-test/uefi-sct/SctPkg/TestCase/UEFI/IHV/Protocol/ScsiIo/BlackBoxTest/Guid.c ...
818/970 files checked 79% done
Checking edk2-test/uefi-sct/SctPkg/TestCase/UEFI/IHV/Protocol/ScsiIo/BlackBoxTest/ScsiIoBBTestConformance.c ...
819/970 files checked 79% done
Checking edk2-test/uefi-sct/SctPkg/TestCase/UEFI/IHV/Protocol/ScsiIo/BlackBoxTest/ScsiIoBBTestFunction.c ...
820/970 files checked 79% done
Checking edk2-test/uefi-sct/SctPkg/TestCase/UEFI/IHV/Protocol/ScsiIo/BlackBoxTest/ScsiIoBBTestMain.c ...
821/970 files checked 79% done
Checking edk2-test/uefi-sct/SctPkg/TestCase/UEFI/IHV/Protocol/ScsiPassThru/BlackBoxTest/Guid.c ...
822/970 files checked 79% done
Checking edk2-test/uefi-sct/SctPkg/TestCase/UEFI/IHV/Protocol/ScsiPassThru/BlackBoxTest/ScsiPassThruBBTestConformance.c ...
823/970 files checked 79% done
Checking edk2-test/uefi-sct/SctPkg/TestCase/UEFI/IHV/Protocol/ScsiPassThru/BlackBoxTest/ScsiPassThruBBTestFunction.c ...
824/970 files checked 79% done
Checking edk2-test/uefi-sct/SctPkg/TestCase/UEFI/IHV/Protocol/ScsiPassThru/BlackBoxTest/ScsiPassThruBBTestMain.c ...
825/970 files checked 79% done
Checking edk2-test/uefi-sct/SctPkg/TestCase/UEFI/IHV/Protocol/SerialIo/BlackBoxTest/Guid.c ...
826/970 files checked 79% done
Checking edk2-test/uefi-sct/SctPkg/TestCase/UEFI/IHV/Protocol/SerialIo/BlackBoxTest/SerialIoBBTestConformance.c ...
827/970 files checked 79% done
Checking edk2-test/uefi-sct/SctPkg/TestCase/UEFI/IHV/Protocol/SerialIo/BlackBoxTest/SerialIoBBTestFunction.c ...
828/970 files checked 80% done
Checking edk2-test/uefi-sct/SctPkg/TestCase/UEFI/IHV/Protocol/SerialIo/BlackBoxTest/SerialIoBBTestMain.c ...
Checking edk2-test/uefi-sct/SctPkg/TestCase/UEFI/IHV/Protocol/SerialIo/BlackBoxTest/SerialIoBBTestMain.c: EFI_TEST_EXHAUSTIVE...
829/970 files checked 80% done
Checking edk2-test/uefi-sct/SctPkg/TestCase/UEFI/IHV/Protocol/SimpleFileSystem/BlackBoxTest/Guid.c ...
830/970 files checked 80% done
Checking edk2-test/uefi-sct/SctPkg/TestCase/UEFI/IHV/Protocol/SimpleFileSystem/BlackBoxTest/SimpleFileSystemBBTestConformance.c ...
edk2-test/uefi-sct/SctPkg/TestCase/UEFI/IHV/Protocol/SimpleFileSystem/BlackBoxTest/SimpleFileSystemBBTestConformance.c:92:10: error: Uninitialized variable: Status [uninitvar]
  return Status;
         ^
831/970 files checked 80% done
Checking edk2-test/uefi-sct/SctPkg/TestCase/UEFI/IHV/Protocol/SimpleFileSystem/BlackBoxTest/SimpleFileSystemBBTestFunction.c ...
Checking edk2-test/uefi-sct/SctPkg/TestCase/UEFI/IHV/Protocol/SimpleFileSystem/BlackBoxTest/SimpleFileSystemBBTestFunction.c: FILE_SYSTEM_SIMPLE_TEST...
832/970 files checked 82% done
Checking edk2-test/uefi-sct/SctPkg/TestCase/UEFI/IHV/Protocol/SimpleFileSystem/BlackBoxTest/SimpleFileSystemBBTestMain.c ...
Checking edk2-test/uefi-sct/SctPkg/TestCase/UEFI/IHV/Protocol/SimpleFileSystem/BlackBoxTest/SimpleFileSystemBBTestMain.c: EFI_TEST_EXHAUSTIVE...
833/970 files checked 82% done
Checking edk2-test/uefi-sct/SctPkg/TestCase/UEFI/IHV/Protocol/SimpleFileSystem/BlackBoxTest/SimpleFileSystemBBTestStress_Auto.c ...
834/970 files checked 82% done
Checking edk2-test/uefi-sct/SctPkg/TestCase/UEFI/IHV/Protocol/SimpleFileSystem/BlackBoxTest/SimpleFileSystemBBTestStress_Manual.c ...
835/970 files checked 82% done
Checking edk2-test/uefi-sct/SctPkg/TestCase/UEFI/IHV/Protocol/SimpleFileSystem/BlackBoxTest/SimpleFileSystemExBBTestConformance.c ...
836/970 files checked 82% done
Checking edk2-test/uefi-sct/SctPkg/TestCase/UEFI/IHV/Protocol/SimpleFileSystem/BlackBoxTest/SimpleFileSystemExBBTestFunction_FlushEx.c ...
837/970 files checked 83% done
Checking edk2-test/uefi-sct/SctPkg/TestCase/UEFI/IHV/Protocol/SimpleFileSystem/BlackBoxTest/SimpleFileSystemExBBTestFunction_OpenEx.c ...
838/970 files checked 84% done
Checking edk2-test/uefi-sct/SctPkg/TestCase/UEFI/IHV/Protocol/SimpleFileSystem/BlackBoxTest/SimpleFileSystemExBBTestFunction_ReadEx.c ...
edk2-test/uefi-sct/SctPkg/TestCase/UEFI/IHV/Protocol/SimpleFileSystem/BlackBoxTest/SimpleFileSystemExBBTestFunction_ReadEx.c:1723:30: error: Array 'ReadLength[5]' accessed at index 9, which is out of bounds. [arrayIndexOutOfBounds]
      BufferSize = ReadLength[Index];
                             ^
839/970 files checked 84% done
Checking edk2-test/uefi-sct/SctPkg/TestCase/UEFI/IHV/Protocol/SimpleFileSystem/BlackBoxTest/SimpleFileSystemExBBTestFunction_WriteEx.c ...
840/970 files checked 85% done
Checking edk2-test/uefi-sct/SctPkg/TestCase/UEFI/IHV/Protocol/SimpleNetwork/BlackBoxTest/Guid.c ...
841/970 files checked 85% done
Checking edk2-test/uefi-sct/SctPkg/TestCase/UEFI/IHV/Protocol/SimpleNetwork/BlackBoxTest/SimpleNetworkBBTestConformance.c ...
842/970 files checked 85% done
Checking edk2-test/uefi-sct/SctPkg/TestCase/UEFI/IHV/Protocol/SimpleNetwork/BlackBoxTest/SimpleNetworkBBTestFunction.c ...
843/970 files checked 85% done
Checking edk2-test/uefi-sct/SctPkg/TestCase/UEFI/IHV/Protocol/SimpleNetwork/BlackBoxTest/SimpleNetworkBBTestMain.c ...
Checking edk2-test/uefi-sct/SctPkg/TestCase/UEFI/IHV/Protocol/SimpleNetwork/BlackBoxTest/SimpleNetworkBBTestMain.c: EFI_TEST_EXHAUSTIVE...
844/970 files checked 85% done
Checking edk2-test/uefi-sct/SctPkg/TestCase/UEFI/IHV/Protocol/SimplePointer/BlackBoxTest/Guid.c ...
845/970 files checked 85% done
Checking edk2-test/uefi-sct/SctPkg/TestCase/UEFI/IHV/Protocol/SimplePointer/BlackBoxTest/SimplePointerBBTestConformance.c ...
846/970 files checked 85% done
Checking edk2-test/uefi-sct/SctPkg/TestCase/UEFI/IHV/Protocol/SimplePointer/BlackBoxTest/SimplePointerBBTestFunction.c ...
847/970 files checked 86% done
Checking edk2-test/uefi-sct/SctPkg/TestCase/UEFI/IHV/Protocol/SimplePointer/BlackBoxTest/SimplePointerBBTestMain.c ...
Checking edk2-test/uefi-sct/SctPkg/TestCase/UEFI/IHV/Protocol/SimplePointer/BlackBoxTest/SimplePointerBBTestMain.c: EFI_TEST_EXHAUSTIVE...
848/970 files checked 86% done
Checking edk2-test/uefi-sct/SctPkg/TestCase/UEFI/IHV/Protocol/SimplePointer/BlackBoxTest/SimplePointerBBTestStress.c ...
849/970 files checked 86% done
Checking edk2-test/uefi-sct/SctPkg/TestCase/UEFI/IHV/Protocol/SimpleTextIn/BlackBoxTest/Guid.c ...
850/970 files checked 86% done
Checking edk2-test/uefi-sct/SctPkg/TestCase/UEFI/IHV/Protocol/SimpleTextIn/BlackBoxTest/SimpleTextInBBTestConformance.c ...
851/970 files checked 86% done
Checking edk2-test/uefi-sct/SctPkg/TestCase/UEFI/IHV/Protocol/SimpleTextIn/BlackBoxTest/SimpleTextInBBTestData.c ...
852/970 files checked 86% done
Checking edk2-test/uefi-sct/SctPkg/TestCase/UEFI/IHV/Protocol/SimpleTextIn/BlackBoxTest/SimpleTextInBBTestFunction.c ...
853/970 files checked 86% done
Checking edk2-test/uefi-sct/SctPkg/TestCase/UEFI/IHV/Protocol/SimpleTextIn/BlackBoxTest/SimpleTextInBBTestMain.c ...
Checking edk2-test/uefi-sct/SctPkg/TestCase/UEFI/IHV/Protocol/SimpleTextIn/BlackBoxTest/SimpleTextInBBTestMain.c: EFI_TEST_EXHAUSTIVE...
854/970 files checked 86% done
Checking edk2-test/uefi-sct/SctPkg/TestCase/UEFI/IHV/Protocol/SimpleTextIn/BlackBoxTest/SimpleTextInBBTestStress.c ...
855/970 files checked 86% done
Checking edk2-test/uefi-sct/SctPkg/TestCase/UEFI/IHV/Protocol/SimpleTextInputEx/BlackBoxTest/Guid.c ...
856/970 files checked 86% done
Checking edk2-test/uefi-sct/SctPkg/TestCase/UEFI/IHV/Protocol/SimpleTextInputEx/BlackBoxTest/SimpleTextInputExBBTestConformance.c ...
edk2-test/uefi-sct/SctPkg/TestCase/UEFI/IHV/Protocol/SimpleTextInputEx/BlackBoxTest/SimpleTextInputExBBTestConformance.c:487:7: error: Uninitialized variable: Status [uninitvar]
  if (Status == EFI_UNSUPPORTED) {
      ^
edk2-test/uefi-sct/SctPkg/TestCase/UEFI/IHV/Protocol/SimpleTextInputEx/BlackBoxTest/SimpleTextInputExBBTestConformance.c:622:33: error: Uninitialized variable: Status [uninitvar]
  if ( EFI_INVALID_PARAMETER != Status) {
                                ^
edk2-test/uefi-sct/SctPkg/TestCase/UEFI/IHV/Protocol/SimpleTextInputEx/BlackBoxTest/SimpleTextInputExBBTestConformance.c:684:33: error: Uninitialized variable: Status [uninitvar]
  if ( EFI_INVALID_PARAMETER != Status) {
                                ^
edk2-test/uefi-sct/SctPkg/TestCase/UEFI/IHV/Protocol/SimpleTextInputEx/BlackBoxTest/SimpleTextInputExBBTestConformance.c:744:33: error: Uninitialized variable: Status [uninitvar]
  if ( EFI_INVALID_PARAMETER != Status) {
                                ^
edk2-test/uefi-sct/SctPkg/TestCase/UEFI/IHV/Protocol/SimpleTextInputEx/BlackBoxTest/SimpleTextInputExBBTestConformance.c:796:33: error: Uninitialized variable: Status [uninitvar]
  if ( EFI_INVALID_PARAMETER != Status) {
                                ^
857/970 files checked 86% done
Checking edk2-test/uefi-sct/SctPkg/TestCase/UEFI/IHV/Protocol/SimpleTextInputEx/BlackBoxTest/SimpleTextInputExBBTestFunction.c ...
858/970 files checked 87% done
Checking edk2-test/uefi-sct/SctPkg/TestCase/UEFI/IHV/Protocol/SimpleTextInputEx/BlackBoxTest/SimpleTextInputExBBTestMain.c ...
Checking edk2-test/uefi-sct/SctPkg/TestCase/UEFI/IHV/Protocol/SimpleTextInputEx/BlackBoxTest/SimpleTextInputExBBTestMain.c: EFI_TEST_EXHAUSTIVE...
859/970 files checked 87% done
Checking edk2-test/uefi-sct/SctPkg/TestCase/UEFI/IHV/Protocol/SimpleTextOut/BlackBoxTest/Guid_uefi.c ...
860/970 files checked 87% done
Checking edk2-test/uefi-sct/SctPkg/TestCase/UEFI/IHV/Protocol/SimpleTextOut/BlackBoxTest/SimpleTextOutBBTestConformance_uefi.c ...
861/970 files checked 87% done
Checking edk2-test/uefi-sct/SctPkg/TestCase/UEFI/IHV/Protocol/SimpleTextOut/BlackBoxTest/SimpleTextOutBBTestFunction_uefi.c ...
862/970 files checked 88% done
Checking edk2-test/uefi-sct/SctPkg/TestCase/UEFI/IHV/Protocol/SimpleTextOut/BlackBoxTest/SimpleTextOutBBTestMain_uefi.c ...
Checking edk2-test/uefi-sct/SctPkg/TestCase/UEFI/IHV/Protocol/SimpleTextOut/BlackBoxTest/SimpleTextOutBBTestMain_uefi.c: EFI_TEST_EXHAUSTIVE...
863/970 files checked 88% done
Checking edk2-test/uefi-sct/SctPkg/TestCase/UEFI/IHV/Protocol/StorageSecurityCommand/BlackBoxTest/Guid.c ...
864/970 files checked 88% done
Checking edk2-test/uefi-sct/SctPkg/TestCase/UEFI/IHV/Protocol/StorageSecurityCommand/BlackBoxTest/StorageSecurityCommandBBTestConformance.c ...
865/970 files checked 88% done
Checking edk2-test/uefi-sct/SctPkg/TestCase/UEFI/IHV/Protocol/StorageSecurityCommand/BlackBoxTest/StorageSecurityCommandBBTestMain.c ...
866/970 files checked 88% done
Checking edk2-test/uefi-sct/SctPkg/TestCase/UEFI/IHV/Protocol/UnicodeCollation/BlackBoxTest/Guid.c ...
867/970 files checked 88% done
Checking edk2-test/uefi-sct/SctPkg/TestCase/UEFI/IHV/Protocol/UnicodeCollation/BlackBoxTest/UnicodeCollationBBTestFunction.c ...
868/970 files checked 88% done
Checking edk2-test/uefi-sct/SctPkg/TestCase/UEFI/IHV/Protocol/UnicodeCollation/BlackBoxTest/UnicodeCollationBBTestMain.c ...
Checking edk2-test/uefi-sct/SctPkg/TestCase/UEFI/IHV/Protocol/UnicodeCollation/BlackBoxTest/UnicodeCollationBBTestMain.c: EFI_TEST_EXHAUSTIVE...
869/970 files checked 88% done
Checking edk2-test/uefi-sct/SctPkg/TestCase/UEFI/IHV/Protocol/UnicodeCollation/BlackBoxTest/UnicodeCollationBBTestStress.c ...
870/970 files checked 88% done
Checking edk2-test/uefi-sct/SctPkg/TestCase/UEFI/IHV/Protocol/UnicodeCollation2/BlackBoxTest/Guid.c ...
871/970 files checked 88% done
Checking edk2-test/uefi-sct/SctPkg/TestCase/UEFI/IHV/Protocol/UnicodeCollation2/BlackBoxTest/UnicodeCollation2BBTestFunction.c ...
872/970 files checked 88% done
Checking edk2-test/uefi-sct/SctPkg/TestCase/UEFI/IHV/Protocol/UnicodeCollation2/BlackBoxTest/UnicodeCollation2BBTestMain.c ...
Checking edk2-test/uefi-sct/SctPkg/TestCase/UEFI/IHV/Protocol/UnicodeCollation2/BlackBoxTest/UnicodeCollation2BBTestMain.c: EFI_TEST_EXHAUSTIVE...
873/970 files checked 88% done
Checking edk2-test/uefi-sct/SctPkg/TestCase/UEFI/IHV/Protocol/UnicodeCollation2/BlackBoxTest/UnicodeCollation2BBTestStress.c ...
874/970 files checked 88% done
Checking edk2-test/uefi-sct/SctPkg/TestCase/UEFI/IHV/Protocol/Usb2Hc/BlackBoxTest/Guid.c ...
875/970 files checked 89% done
Checking edk2-test/uefi-sct/SctPkg/TestCase/UEFI/IHV/Protocol/Usb2Hc/BlackBoxTest/IPF/TimerInterrupt.c ...
876/970 files checked 89% done
Checking edk2-test/uefi-sct/SctPkg/TestCase/UEFI/IHV/Protocol/Usb2Hc/BlackBoxTest/Ia32/TimerInterrupt.c ...
877/970 files checked 89% done
Checking edk2-test/uefi-sct/SctPkg/TestCase/UEFI/IHV/Protocol/Usb2Hc/BlackBoxTest/Usb2HcTestBasic.c ...
878/970 files checked 89% done
Checking edk2-test/uefi-sct/SctPkg/TestCase/UEFI/IHV/Protocol/Usb2Hc/BlackBoxTest/Usb2HcTestConformance.c ...
879/970 files checked 90% done
Checking edk2-test/uefi-sct/SctPkg/TestCase/UEFI/IHV/Protocol/Usb2Hc/BlackBoxTest/Usb2HcTestMain.c ...
880/970 files checked 90% done
Checking edk2-test/uefi-sct/SctPkg/TestCase/UEFI/IHV/Protocol/UsbHc/BlackBoxTest/Guid.c ...
881/970 files checked 90% done
Checking edk2-test/uefi-sct/SctPkg/TestCase/UEFI/IHV/Protocol/UsbHc/BlackBoxTest/Ia32/TimerInterrupt.c ...
882/970 files checked 90% done
Checking edk2-test/uefi-sct/SctPkg/TestCase/UEFI/IHV/Protocol/UsbHc/BlackBoxTest/Ipf/TimerInterrupt.c ...
883/970 files checked 90% done
Checking edk2-test/uefi-sct/SctPkg/TestCase/UEFI/IHV/Protocol/UsbHc/BlackBoxTest/UsbHcTestBasic.c ...
884/970 files checked 91% done
Checking edk2-test/uefi-sct/SctPkg/TestCase/UEFI/IHV/Protocol/UsbHc/BlackBoxTest/UsbHcTestConformance.c ...
885/970 files checked 91% done
Checking edk2-test/uefi-sct/SctPkg/TestCase/UEFI/IHV/Protocol/UsbHc/BlackBoxTest/UsbHcTestMain.c ...
886/970 files checked 91% done
Checking edk2-test/uefi-sct/SctPkg/TestCase/UEFI/IHV/Protocol/UsbHc/BlackBoxTest/X64/TimerInterrupt.c ...
887/970 files checked 91% done
Checking edk2-test/uefi-sct/SctPkg/TestCase/UEFI/IHV/Protocol/UsbIo/BlackBoxTest/Guid.c ...
888/970 files checked 91% done
Checking edk2-test/uefi-sct/SctPkg/TestCase/UEFI/IHV/Protocol/UsbIo/BlackBoxTest/UsbIoTestConformance.c ...
889/970 files checked 92% done
Checking edk2-test/uefi-sct/SctPkg/TestCase/UEFI/IHV/Protocol/UsbIo/BlackBoxTest/UsbIoTestMain.c ...
890/970 files checked 92% done
Checking edk2-test/uefi-sct/SctPkg/TestCase/UEFI/IHV/Protocol/iScsiInitiatorName/BlackBoxTest/Guid.c ...
891/970 files checked 92% done
Checking edk2-test/uefi-sct/SctPkg/TestCase/UEFI/IHV/Protocol/iScsiInitiatorName/BlackBoxTest/iScsiInitiatorNameBBTestConformance.c ...
892/970 files checked 92% done
Checking edk2-test/uefi-sct/SctPkg/TestCase/UEFI/IHV/Protocol/iScsiInitiatorName/BlackBoxTest/iScsiInitiatorNameBBTestFunction.c ...
893/970 files checked 92% done
Checking edk2-test/uefi-sct/SctPkg/TestCase/UEFI/IHV/Protocol/iScsiInitiatorName/BlackBoxTest/iScsiInitiatorNameBBTestMain.c ...
894/970 files checked 92% done
Checking edk2-test/uefi-sct/SctPkg/TestInfrastructure/SCT/Drivers/StandardTest/StandardTest.c ...
895/970 files checked 92% done
Checking edk2-test/uefi-sct/SctPkg/TestInfrastructure/SCT/Drivers/TestLogging/TestLogging.c ...
896/970 files checked 93% done
Checking edk2-test/uefi-sct/SctPkg/TestInfrastructure/SCT/Drivers/TestProfile/TestProfile.c ...
897/970 files checked 93% done
Checking edk2-test/uefi-sct/SctPkg/TestInfrastructure/SCT/Drivers/TestRecovery/TestRecovery.c ...
898/970 files checked 93% done
Checking edk2-test/uefi-sct/SctPkg/TestInfrastructure/SCT/Framework/Core/Sct.c ...
899/970 files checked 93% done
Checking edk2-test/uefi-sct/SctPkg/TestInfrastructure/SCT/Framework/Core/SctInit.c ...
900/970 files checked 93% done
Checking edk2-test/uefi-sct/SctPkg/TestInfrastructure/SCT/Framework/Data/ApTest.c ...
901/970 files checked 93% done
Checking edk2-test/uefi-sct/SctPkg/TestInfrastructure/SCT/Framework/Data/Category.c ...
902/970 files checked 93% done
Checking edk2-test/uefi-sct/SctPkg/TestInfrastructure/SCT/Framework/Data/Config.c ...
903/970 files checked 93% done
Checking edk2-test/uefi-sct/SctPkg/TestInfrastructure/SCT/Framework/Data/SkippedCase.c ...
904/970 files checked 93% done
Checking edk2-test/uefi-sct/SctPkg/TestInfrastructure/SCT/Framework/Data/TestCase.c ...
905/970 files checked 93% done
Checking edk2-test/uefi-sct/SctPkg/TestInfrastructure/SCT/Framework/Data/TestCaseEx.c ...
906/970 files checked 93% done
Checking edk2-test/uefi-sct/SctPkg/TestInfrastructure/SCT/Framework/Data/TestNode.c ...
907/970 files checked 94% done
Checking edk2-test/uefi-sct/SctPkg/TestInfrastructure/SCT/Framework/DeviceConfig/DeviceConfig.c ...
908/970 files checked 94% done
Checking edk2-test/uefi-sct/SctPkg/TestInfrastructure/SCT/Framework/ENTS/EasDispatcher/Arg/EasArg.c ...
909/970 files checked 94% done
Checking edk2-test/uefi-sct/SctPkg/TestInfrastructure/SCT/Framework/ENTS/EasDispatcher/Core/Eas.c ...
910/970 files checked 94% done
Checking edk2-test/uefi-sct/SctPkg/TestInfrastructure/SCT/Framework/ENTS/EasDispatcher/Core/EasInit.c ...
911/970 files checked 94% done
Checking edk2-test/uefi-sct/SctPkg/TestInfrastructure/SCT/Framework/ENTS/EasDispatcher/Exec/EasCmdDisp.c ...
912/970 files checked 94% done
Checking edk2-test/uefi-sct/SctPkg/TestInfrastructure/SCT/Framework/ENTS/EasDispatcher/Exec/EftpImplement.c ...
913/970 files checked 94% done
Checking edk2-test/uefi-sct/SctPkg/TestInfrastructure/SCT/Framework/ENTS/EasDispatcher/Load/EasSupportFile.c ...
914/970 files checked 94% done
Checking edk2-test/uefi-sct/SctPkg/TestInfrastructure/SCT/Framework/ENTS/EasDispatcher/Load/EasTestFile.c ...
915/970 files checked 94% done
Checking edk2-test/uefi-sct/SctPkg/TestInfrastructure/SCT/Framework/ENTS/EasLib/Aarch64/InitPlat.c ...
916/970 files checked 94% done
Checking edk2-test/uefi-sct/SctPkg/TestInfrastructure/SCT/Framework/ENTS/EasLib/Arm/InitPlat.c ...
917/970 files checked 94% done
Checking edk2-test/uefi-sct/SctPkg/TestInfrastructure/SCT/Framework/ENTS/EasLib/Ebc/EfiLibPlat.c ...
918/970 files checked 94% done
Checking edk2-test/uefi-sct/SctPkg/TestInfrastructure/SCT/Framework/ENTS/EasLib/EntsContext.c ...
919/970 files checked 94% done
Checking edk2-test/uefi-sct/SctPkg/TestInfrastructure/SCT/Framework/ENTS/EasLib/EntsDebug.c ...
920/970 files checked 94% done
Checking edk2-test/uefi-sct/SctPkg/TestInfrastructure/SCT/Framework/ENTS/EasLib/EntsDpath.c ...
921/970 files checked 95% done
Checking edk2-test/uefi-sct/SctPkg/TestInfrastructure/SCT/Framework/ENTS/EasLib/EntsEvent.c ...
922/970 files checked 95% done
Checking edk2-test/uefi-sct/SctPkg/TestInfrastructure/SCT/Framework/ENTS/EasLib/EntsGuid.c ...
923/970 files checked 95% done
Checking edk2-test/uefi-sct/SctPkg/TestInfrastructure/SCT/Framework/ENTS/EasLib/EntsHandle.c ...
924/970 files checked 95% done
Checking edk2-test/uefi-sct/SctPkg/TestInfrastructure/SCT/Framework/ENTS/EasLib/EntsLib.c ...
925/970 files checked 95% done
Checking edk2-test/uefi-sct/SctPkg/TestInfrastructure/SCT/Framework/ENTS/EasLib/EntsMisc.c ...
926/970 files checked 95% done
Checking edk2-test/uefi-sct/SctPkg/TestInfrastructure/SCT/Framework/ENTS/EasLib/EntsPrint.c ...
edk2-test/uefi-sct/SctPkg/TestInfrastructure/SCT/Framework/ENTS/EasLib/EntsPrint.c:927:3: error: Address of local auto-variable assigned to a function parameter. [autoVariables]
  ps->Item      = &Item;
  ^
edk2-test/uefi-sct/SctPkg/TestInfrastructure/SCT/Framework/ENTS/EasLib/EntsPrint.c:1287:16: error: Array 'UnicodeFormat[320]' accessed at index 320, which is out of bounds. [arrayIndexOutOfBounds]
  UnicodeFormat[Index]  = L'\0';
               ^
edk2-test/uefi-sct/SctPkg/TestInfrastructure/SCT/Framework/ENTS/EasLib/EntsPrint.c:1284:3: note: After for loop, Index has value 320
  for (Index = 0; Index < 320 && FormatString[Index] != '\0'; Index++) {
  ^
edk2-test/uefi-sct/SctPkg/TestInfrastructure/SCT/Framework/ENTS/EasLib/EntsPrint.c:1287:16: note: Array index out of bounds
  UnicodeFormat[Index]  = L'\0';
               ^
927/970 files checked 95% done
Checking edk2-test/uefi-sct/SctPkg/TestInfrastructure/SCT/Framework/ENTS/EasLib/EntsResult.c ...
928/970 files checked 95% done
Checking edk2-test/uefi-sct/SctPkg/TestInfrastructure/SCT/Framework/ENTS/EasLib/EntsStr.c ...
929/970 files checked 95% done
Checking edk2-test/uefi-sct/SctPkg/TestInfrastructure/SCT/Framework/ENTS/EasLib/EntsSupport.c ...
930/970 files checked 95% done
Checking edk2-test/uefi-sct/SctPkg/TestInfrastructure/SCT/Framework/ENTS/EasLib/EntsTime.c ...
931/970 files checked 95% done
Checking edk2-test/uefi-sct/SctPkg/TestInfrastructure/SCT/Framework/ENTS/EasLib/Ia32/InitPlat.c ...
932/970 files checked 95% done
Checking edk2-test/uefi-sct/SctPkg/TestInfrastructure/SCT/Framework/ENTS/EasLib/Riscv64/InitPlat.c ...
933/970 files checked 95% done
Checking edk2-test/uefi-sct/SctPkg/TestInfrastructure/SCT/Framework/ENTS/EasLib/X64/EfiLibPlat.c ...
934/970 files checked 95% done
Checking edk2-test/uefi-sct/SctPkg/TestInfrastructure/SCT/Framework/ENTS/Eftp/ComponentName.c ...
935/970 files checked 95% done
Checking edk2-test/uefi-sct/SctPkg/TestInfrastructure/SCT/Framework/ENTS/Eftp/EftpDriver.c ...
Checking edk2-test/uefi-sct/SctPkg/TestInfrastructure/SCT/Framework/ENTS/Eftp/EftpDriver.c: EFI_NETWORK_STACK_DEBUG...
Checking edk2-test/uefi-sct/SctPkg/TestInfrastructure/SCT/Framework/ENTS/Eftp/EftpDriver.c: _EFTP_STAT_...
936/970 files checked 95% done
Checking edk2-test/uefi-sct/SctPkg/TestInfrastructure/SCT/Framework/ENTS/Eftp/EftpMain.c ...
Checking edk2-test/uefi-sct/SctPkg/TestInfrastructure/SCT/Framework/ENTS/Eftp/EftpMain.c: EFI_NETWORK_STACK_DEBUG...
937/970 files checked 95% done
Checking edk2-test/uefi-sct/SctPkg/TestInfrastructure/SCT/Framework/ENTS/Eftp/EftpOption.c ...
Checking edk2-test/uefi-sct/SctPkg/TestInfrastructure/SCT/Framework/ENTS/Eftp/EftpOption.c: EFI_NETWORK_STACK_DEBUG...
938/970 files checked 95% done
Checking edk2-test/uefi-sct/SctPkg/TestInfrastructure/SCT/Framework/ENTS/Eftp/EftpPacket.c ...
Checking edk2-test/uefi-sct/SctPkg/TestInfrastructure/SCT/Framework/ENTS/Eftp/EftpPacket.c: EFI_NETWORK_STACK_DEBUG...
939/970 files checked 95% done
Checking edk2-test/uefi-sct/SctPkg/TestInfrastructure/SCT/Framework/ENTS/Eftp/EftpRRQ.c ...
Checking edk2-test/uefi-sct/SctPkg/TestInfrastructure/SCT/Framework/ENTS/Eftp/EftpRRQ.c: EFI_NETWORK_STACK_DEBUG...
Checking edk2-test/uefi-sct/SctPkg/TestInfrastructure/SCT/Framework/ENTS/Eftp/EftpRRQ.c: _EFTP_STAT_...
Checking edk2-test/uefi-sct/SctPkg/TestInfrastructure/SCT/Framework/ENTS/Eftp/EftpRRQ.c: _EFTP_STAT_;_ENABLE_EFTP_CHECKSUM_...
Checking edk2-test/uefi-sct/SctPkg/TestInfrastructure/SCT/Framework/ENTS/Eftp/EftpRRQ.c: _ENABLE_EFTP_CHECKSUM_...
940/970 files checked 96% done
Checking edk2-test/uefi-sct/SctPkg/TestInfrastructure/SCT/Framework/ENTS/Eftp/EftpWRQ.c ...
Checking edk2-test/uefi-sct/SctPkg/TestInfrastructure/SCT/Framework/ENTS/Eftp/EftpWRQ.c: EFI_NETWORK_STACK_DEBUG...
Checking edk2-test/uefi-sct/SctPkg/TestInfrastructure/SCT/Framework/ENTS/Eftp/EftpWRQ.c: _EFTP_STAT_;_ENABLE_EFTP_CHECKSUM_...
Checking edk2-test/uefi-sct/SctPkg/TestInfrastructure/SCT/Framework/ENTS/Eftp/EftpWRQ.c: _ENABLE_EFTP_CHECKSUM_...
941/970 files checked 96% done
Checking edk2-test/uefi-sct/SctPkg/TestInfrastructure/SCT/Framework/ENTS/MonitorServices/IP4NetworkMonitor/IP4NetworkMonitor.c ...
942/970 files checked 96% done
Checking edk2-test/uefi-sct/SctPkg/TestInfrastructure/SCT/Framework/ENTS/MonitorServices/ManagedNetworkMonitor/ManagedNetworkMonitor.c ...
943/970 files checked 96% done
Checking edk2-test/uefi-sct/SctPkg/TestInfrastructure/SCT/Framework/ENTS/MonitorServices/SerialMonitor/SerialMonitor.c ...
944/970 files checked 96% done
Checking edk2-test/uefi-sct/SctPkg/TestInfrastructure/SCT/Framework/ENTS/Rivl/RivlCall.c ...
945/970 files checked 96% done
Checking edk2-test/uefi-sct/SctPkg/TestInfrastructure/SCT/Framework/ENTS/Rivl/RivlType.c ...
946/970 files checked 96% done
Checking edk2-test/uefi-sct/SctPkg/TestInfrastructure/SCT/Framework/ENTS/Rivl/RivlVariable.c ...
947/970 files checked 96% done
Checking edk2-test/uefi-sct/SctPkg/TestInfrastructure/SCT/Framework/Execute/Execute.c ...
948/970 files checked 97% done
Checking edk2-test/uefi-sct/SctPkg/TestInfrastructure/SCT/Framework/Execute/ExecuteSupport.c ...
949/970 files checked 97% done
Checking edk2-test/uefi-sct/SctPkg/TestInfrastructure/SCT/Framework/Execute/Reset.c ...
950/970 files checked 97% done
Checking edk2-test/uefi-sct/SctPkg/TestInfrastructure/SCT/Framework/Load/SupportFile.c ...
951/970 files checked 97% done
Checking edk2-test/uefi-sct/SctPkg/TestInfrastructure/SCT/Framework/Load/TestFile.c ...
952/970 files checked 97% done
Checking edk2-test/uefi-sct/SctPkg/TestInfrastructure/SCT/Framework/Misc/SctDebug.c ...
953/970 files checked 97% done
Checking edk2-test/uefi-sct/SctPkg/TestInfrastructure/SCT/Framework/Misc/SctMisc.c ...
954/970 files checked 97% done
Checking edk2-test/uefi-sct/SctPkg/TestInfrastructure/SCT/Framework/Operation/Operation.c ...
955/970 files checked 97% done
Checking edk2-test/uefi-sct/SctPkg/TestInfrastructure/SCT/Framework/Output/Output.c ...
956/970 files checked 97% done
Checking edk2-test/uefi-sct/SctPkg/TestInfrastructure/SCT/Framework/Report/Report.c ...
957/970 files checked 97% done
Checking edk2-test/uefi-sct/SctPkg/TestInfrastructure/SCT/Framework/Report/ReportConfig.c ...
958/970 files checked 97% done
Checking edk2-test/uefi-sct/SctPkg/TestInfrastructure/SCT/Framework/Report/ReportDatabase.c ...
959/970 files checked 98% done
Checking edk2-test/uefi-sct/SctPkg/TestInfrastructure/SCT/Framework/Report/ReportSupport.c ...
960/970 files checked 98% done
Checking edk2-test/uefi-sct/SctPkg/TestInfrastructure/SCT/Framework/UI/BuildMenu.c ...
961/970 files checked 98% done
Checking edk2-test/uefi-sct/SctPkg/TestInfrastructure/SCT/Framework/UI/ConfigMenu.c ...
962/970 files checked 98% done
Checking edk2-test/uefi-sct/SctPkg/TestInfrastructure/SCT/Framework/UI/Dialog.c ...
963/970 files checked 98% done
Checking edk2-test/uefi-sct/SctPkg/TestInfrastructure/SCT/Framework/UI/DisplayUi.c ...
964/970 files checked 98% done
Checking edk2-test/uefi-sct/SctPkg/TestInfrastructure/SCT/Framework/UI/FileDialog.c ...
965/970 files checked 98% done
Checking edk2-test/uefi-sct/SctPkg/TestInfrastructure/SCT/Framework/UI/KeyFunction.c ...
966/970 files checked 99% done
Checking edk2-test/uefi-sct/SctPkg/TestInfrastructure/SCT/Framework/UI/LogFileDialog.c ...
967/970 files checked 99% done
Checking edk2-test/uefi-sct/SctPkg/TestInfrastructure/SCT/Framework/UI/MainMenu.c ...
968/970 files checked 99% done
Checking edk2-test/uefi-sct/SctPkg/TestInfrastructure/SCT/Framework/UI/TestNodeMenu.c ...
969/970 files checked 99% done
Checking edk2-test/uefi-sct/SctPkg/Tools/Source/GenBin/GenBin.c ...
970/970 files checked 100% done
edk2-test/uefi-sct/EMS/Src/EmsPacket/EmsPktMain.c:70:32: error: Null pointer dereference: Data [ctunullpointer]
  memcpy (PacketPointer->Data, Data, sizeof (UINT8) * Len);
                               ^
edk2-test/uefi-sct/EMS/Src/EmsPacket/EmsPktMain.c:314:37: note: Calling function EmsPacketCreate, 2nd argument is null
    PacketPointer = EmsPacketCreate (Name, NULL, 0, &Time);
                                    ^
edk2-test/uefi-sct/EMS/Src/EmsPacket/EmsPktMain.c:70:32: note: Dereferencing argument Data that is null
  memcpy (PacketPointer->Data, Data, sizeof (UINT8) * Len);
                               ^
